{"/home/mat/Documents/El Switcher/frontend/El Switcher/src/setupTests.js": {"path":"/home/mat/Documents/El Switcher/frontend/El Switcher/src/setupTests.js","all":false,"statementMap":{"0":{"start":{"line":1,"column":0},"end":{"line":1,"column":65}},"1":{"start":{"line":2,"column":0},"end":{"line":2,"column":32}},"2":{"start":{"line":3,"column":0},"end":{"line":3,"column":46}},"3":{"start":{"line":4,"column":0},"end":{"line":4,"column":58}},"4":{"start":{"line":5,"column":0},"end":{"line":5,"column":64}}},"s":{"0":1,"1":1,"2":1,"3":1,"4":1},"branchMap":{},"b":{},"fnMap":{},"f":{}}
,"/home/mat/Documents/El Switcher/frontend/El Switcher/src/components/board.jsx": {"path":"/home/mat/Documents/El Switcher/frontend/El Switcher/src/components/board.jsx","all":false,"statementMap":{"0":{"start":{"line":1,"column":0},"end":{"line":1,"column":59}},"1":{"start":{"line":2,"column":0},"end":{"line":2,"column":21}},"2":{"start":{"line":3,"column":0},"end":{"line":3,"column":34}},"3":{"start":{"line":4,"column":0},"end":{"line":4,"column":32}},"5":{"start":{"line":6,"column":0},"end":{"line":6,"column":56}},"6":{"start":{"line":7,"column":0},"end":{"line":7,"column":59}},"7":{"start":{"line":8,"column":0},"end":{"line":8,"column":106}},"8":{"start":{"line":9,"column":0},"end":{"line":9,"column":52}},"9":{"start":{"line":10,"column":0},"end":{"line":10,"column":76}},"10":{"start":{"line":11,"column":0},"end":{"line":11,"column":43}},"11":{"start":{"line":12,"column":0},"end":{"line":12,"column":80}},"12":{"start":{"line":13,"column":0},"end":{"line":13,"column":92}},"13":{"start":{"line":14,"column":0},"end":{"line":14,"column":84}},"14":{"start":{"line":15,"column":0},"end":{"line":15,"column":92}},"15":{"start":{"line":16,"column":0},"end":{"line":16,"column":56}},"16":{"start":{"line":17,"column":0},"end":{"line":17,"column":78}},"17":{"start":{"line":18,"column":0},"end":{"line":18,"column":78}},"18":{"start":{"line":19,"column":0},"end":{"line":19,"column":75}},"19":{"start":{"line":20,"column":0},"end":{"line":20,"column":48}},"20":{"start":{"line":21,"column":0},"end":{"line":21,"column":48}},"21":{"start":{"line":22,"column":0},"end":{"line":22,"column":93}},"22":{"start":{"line":23,"column":0},"end":{"line":23,"column":94}},"23":{"start":{"line":24,"column":0},"end":{"line":24,"column":50}},"24":{"start":{"line":25,"column":0},"end":{"line":25,"column":13}},"25":{"start":{"line":26,"column":0},"end":{"line":26,"column":14}},"26":{"start":{"line":27,"column":0},"end":{"line":27,"column":12}},"27":{"start":{"line":28,"column":0},"end":{"line":28,"column":15}},"28":{"start":{"line":29,"column":0},"end":{"line":29,"column":5}},"29":{"start":{"line":30,"column":0},"end":{"line":30,"column":74}},"30":{"start":{"line":31,"column":0},"end":{"line":31,"column":57}},"31":{"start":{"line":32,"column":0},"end":{"line":32,"column":82}},"32":{"start":{"line":33,"column":0},"end":{"line":33,"column":91}},"33":{"start":{"line":34,"column":0},"end":{"line":34,"column":74}},"34":{"start":{"line":35,"column":0},"end":{"line":35,"column":11}},"35":{"start":{"line":36,"column":0},"end":{"line":36,"column":11}},"36":{"start":{"line":37,"column":0},"end":{"line":37,"column":18}},"37":{"start":{"line":38,"column":0},"end":{"line":38,"column":5}},"38":{"start":{"line":39,"column":0},"end":{"line":39,"column":61}},"39":{"start":{"line":40,"column":0},"end":{"line":40,"column":66}},"40":{"start":{"line":41,"column":0},"end":{"line":41,"column":45}},"41":{"start":{"line":42,"column":0},"end":{"line":42,"column":113}},"42":{"start":{"line":43,"column":0},"end":{"line":43,"column":111}},"43":{"start":{"line":44,"column":0},"end":{"line":44,"column":71}},"44":{"start":{"line":45,"column":0},"end":{"line":45,"column":65}},"45":{"start":{"line":46,"column":0},"end":{"line":46,"column":54}},"46":{"start":{"line":47,"column":0},"end":{"line":47,"column":58}},"47":{"start":{"line":48,"column":0},"end":{"line":48,"column":43}},"48":{"start":{"line":49,"column":0},"end":{"line":49,"column":100}},"51":{"start":{"line":52,"column":0},"end":{"line":52,"column":54}},"52":{"start":{"line":53,"column":0},"end":{"line":53,"column":43}},"53":{"start":{"line":54,"column":0},"end":{"line":54,"column":61}},"54":{"start":{"line":55,"column":0},"end":{"line":55,"column":95}},"55":{"start":{"line":56,"column":0},"end":{"line":56,"column":5}},"57":{"start":{"line":58,"column":0},"end":{"line":58,"column":50}},"58":{"start":{"line":59,"column":0},"end":{"line":59,"column":58}},"60":{"start":{"line":61,"column":0},"end":{"line":61,"column":46}},"61":{"start":{"line":62,"column":0},"end":{"line":62,"column":47}},"62":{"start":{"line":63,"column":0},"end":{"line":63,"column":59}},"65":{"start":{"line":66,"column":0},"end":{"line":66,"column":34}},"66":{"start":{"line":67,"column":0},"end":{"line":67,"column":18}},"67":{"start":{"line":68,"column":0},"end":{"line":68,"column":123}},"68":{"start":{"line":69,"column":0},"end":{"line":69,"column":15}},"70":{"start":{"line":71,"column":0},"end":{"line":71,"column":100}},"71":{"start":{"line":72,"column":0},"end":{"line":72,"column":5}},"73":{"start":{"line":74,"column":0},"end":{"line":74,"column":16}},"74":{"start":{"line":75,"column":0},"end":{"line":75,"column":85}},"77":{"start":{"line":78,"column":0},"end":{"line":78,"column":56}},"78":{"start":{"line":79,"column":0},"end":{"line":79,"column":50}},"80":{"start":{"line":81,"column":0},"end":{"line":81,"column":90}},"81":{"start":{"line":82,"column":0},"end":{"line":82,"column":28}},"82":{"start":{"line":83,"column":0},"end":{"line":83,"column":45}},"83":{"start":{"line":84,"column":0},"end":{"line":84,"column":44}},"84":{"start":{"line":85,"column":0},"end":{"line":85,"column":6}},"86":{"start":{"line":87,"column":0},"end":{"line":87,"column":60}},"87":{"start":{"line":88,"column":0},"end":{"line":88,"column":33}},"88":{"start":{"line":89,"column":0},"end":{"line":89,"column":32}},"89":{"start":{"line":90,"column":0},"end":{"line":90,"column":44}},"90":{"start":{"line":91,"column":0},"end":{"line":91,"column":14}},"91":{"start":{"line":92,"column":0},"end":{"line":92,"column":78}},"92":{"start":{"line":93,"column":0},"end":{"line":93,"column":7}},"93":{"start":{"line":94,"column":0},"end":{"line":94,"column":5}},"95":{"start":{"line":96,"column":0},"end":{"line":96,"column":53}},"96":{"start":{"line":97,"column":0},"end":{"line":97,"column":21}},"97":{"start":{"line":98,"column":0},"end":{"line":98,"column":4}},"98":{"start":{"line":99,"column":0},"end":{"line":99,"column":73}},"99":{"start":{"line":100,"column":0},"end":{"line":100,"column":41}},"100":{"start":{"line":101,"column":0},"end":{"line":101,"column":42}},"101":{"start":{"line":102,"column":0},"end":{"line":102,"column":21}},"104":{"start":{"line":105,"column":0},"end":{"line":105,"column":46}},"105":{"start":{"line":106,"column":0},"end":{"line":106,"column":9}},"106":{"start":{"line":107,"column":0},"end":{"line":107,"column":90}},"107":{"start":{"line":108,"column":0},"end":{"line":108,"column":23}},"108":{"start":{"line":109,"column":0},"end":{"line":109,"column":18}},"109":{"start":{"line":110,"column":0},"end":{"line":110,"column":45}},"110":{"start":{"line":111,"column":0},"end":{"line":111,"column":10}},"111":{"start":{"line":112,"column":0},"end":{"line":112,"column":9}},"112":{"start":{"line":113,"column":0},"end":{"line":113,"column":25}},"113":{"start":{"line":114,"column":0},"end":{"line":114,"column":67}},"114":{"start":{"line":115,"column":0},"end":{"line":115,"column":7}},"115":{"start":{"line":116,"column":0},"end":{"line":116,"column":74}},"116":{"start":{"line":117,"column":0},"end":{"line":117,"column":62}},"117":{"start":{"line":118,"column":0},"end":{"line":118,"column":21}},"118":{"start":{"line":119,"column":0},"end":{"line":119,"column":37}},"119":{"start":{"line":120,"column":0},"end":{"line":120,"column":63}},"120":{"start":{"line":121,"column":0},"end":{"line":121,"column":5}},"121":{"start":{"line":122,"column":0},"end":{"line":122,"column":4}},"122":{"start":{"line":123,"column":0},"end":{"line":123,"column":78}},"124":{"start":{"line":125,"column":0},"end":{"line":125,"column":55}},"125":{"start":{"line":126,"column":0},"end":{"line":126,"column":40}},"126":{"start":{"line":127,"column":0},"end":{"line":127,"column":41}},"128":{"start":{"line":129,"column":0},"end":{"line":129,"column":9}},"129":{"start":{"line":130,"column":0},"end":{"line":130,"column":35}},"130":{"start":{"line":131,"column":0},"end":{"line":131,"column":58}},"131":{"start":{"line":132,"column":0},"end":{"line":132,"column":9}},"132":{"start":{"line":133,"column":0},"end":{"line":133,"column":25}},"133":{"start":{"line":134,"column":0},"end":{"line":134,"column":20}},"134":{"start":{"line":135,"column":0},"end":{"line":135,"column":47}},"135":{"start":{"line":136,"column":0},"end":{"line":136,"column":12}},"136":{"start":{"line":137,"column":0},"end":{"line":137,"column":32}},"137":{"start":{"line":138,"column":0},"end":{"line":138,"column":28}},"138":{"start":{"line":139,"column":0},"end":{"line":139,"column":30}},"139":{"start":{"line":140,"column":0},"end":{"line":140,"column":70}},"140":{"start":{"line":141,"column":0},"end":{"line":141,"column":72}},"141":{"start":{"line":142,"column":0},"end":{"line":142,"column":13}},"142":{"start":{"line":143,"column":0},"end":{"line":143,"column":9}},"145":{"start":{"line":146,"column":0},"end":{"line":146,"column":25}},"146":{"start":{"line":147,"column":0},"end":{"line":147,"column":48}},"147":{"start":{"line":148,"column":0},"end":{"line":148,"column":69}},"148":{"start":{"line":149,"column":0},"end":{"line":149,"column":15}},"149":{"start":{"line":150,"column":0},"end":{"line":150,"column":7}},"151":{"start":{"line":152,"column":0},"end":{"line":152,"column":41}},"152":{"start":{"line":153,"column":0},"end":{"line":153,"column":57}},"154":{"start":{"line":155,"column":0},"end":{"line":155,"column":56}},"155":{"start":{"line":156,"column":0},"end":{"line":156,"column":21}},"156":{"start":{"line":157,"column":0},"end":{"line":157,"column":59}},"157":{"start":{"line":158,"column":0},"end":{"line":158,"column":5}},"158":{"start":{"line":159,"column":0},"end":{"line":159,"column":4}},"160":{"start":{"line":161,"column":0},"end":{"line":161,"column":38}},"161":{"start":{"line":162,"column":0},"end":{"line":162,"column":38}},"162":{"start":{"line":163,"column":0},"end":{"line":163,"column":25}},"163":{"start":{"line":164,"column":0},"end":{"line":164,"column":87}},"164":{"start":{"line":165,"column":0},"end":{"line":165,"column":30}},"165":{"start":{"line":166,"column":0},"end":{"line":166,"column":90}},"166":{"start":{"line":167,"column":0},"end":{"line":167,"column":22}},"167":{"start":{"line":168,"column":0},"end":{"line":168,"column":21}},"168":{"start":{"line":169,"column":0},"end":{"line":169,"column":29}},"169":{"start":{"line":170,"column":0},"end":{"line":170,"column":20}},"170":{"start":{"line":171,"column":0},"end":{"line":171,"column":26}},"171":{"start":{"line":172,"column":0},"end":{"line":172,"column":12}},"172":{"start":{"line":173,"column":0},"end":{"line":173,"column":56}},"173":{"start":{"line":174,"column":0},"end":{"line":174,"column":5}},"174":{"start":{"line":175,"column":0},"end":{"line":175,"column":4}},"176":{"start":{"line":177,"column":0},"end":{"line":177,"column":45}},"177":{"start":{"line":178,"column":0},"end":{"line":178,"column":44}},"178":{"start":{"line":179,"column":0},"end":{"line":179,"column":33}},"180":{"start":{"line":181,"column":0},"end":{"line":181,"column":52}},"181":{"start":{"line":182,"column":0},"end":{"line":182,"column":64}},"183":{"start":{"line":184,"column":0},"end":{"line":184,"column":29}},"184":{"start":{"line":185,"column":0},"end":{"line":185,"column":12}},"185":{"start":{"line":186,"column":0},"end":{"line":186,"column":63}},"186":{"start":{"line":187,"column":0},"end":{"line":187,"column":21}},"187":{"start":{"line":188,"column":0},"end":{"line":188,"column":5}},"188":{"start":{"line":189,"column":0},"end":{"line":189,"column":4}},"189":{"start":{"line":190,"column":0},"end":{"line":190,"column":63}},"190":{"start":{"line":191,"column":0},"end":{"line":191,"column":44}},"191":{"start":{"line":192,"column":0},"end":{"line":192,"column":48}},"192":{"start":{"line":193,"column":0},"end":{"line":193,"column":51}},"193":{"start":{"line":194,"column":0},"end":{"line":194,"column":51}},"194":{"start":{"line":195,"column":0},"end":{"line":195,"column":38}},"196":{"start":{"line":197,"column":0},"end":{"line":197,"column":16}},"197":{"start":{"line":198,"column":0},"end":{"line":198,"column":59}},"198":{"start":{"line":199,"column":0},"end":{"line":199,"column":24}},"199":{"start":{"line":200,"column":0},"end":{"line":200,"column":46}},"201":{"start":{"line":202,"column":0},"end":{"line":202,"column":8}},"202":{"start":{"line":203,"column":0},"end":{"line":203,"column":27}},"203":{"start":{"line":204,"column":0},"end":{"line":204,"column":34}},"204":{"start":{"line":205,"column":0},"end":{"line":205,"column":46}},"205":{"start":{"line":206,"column":0},"end":{"line":206,"column":7}},"206":{"start":{"line":207,"column":0},"end":{"line":207,"column":55}},"207":{"start":{"line":208,"column":0},"end":{"line":208,"column":71}},"208":{"start":{"line":209,"column":0},"end":{"line":209,"column":86}},"209":{"start":{"line":210,"column":0},"end":{"line":210,"column":12}},"210":{"start":{"line":211,"column":0},"end":{"line":211,"column":18}},"211":{"start":{"line":212,"column":0},"end":{"line":212,"column":75}},"213":{"start":{"line":214,"column":0},"end":{"line":214,"column":5}},"214":{"start":{"line":215,"column":0},"end":{"line":215,"column":30}},"215":{"start":{"line":216,"column":0},"end":{"line":216,"column":48}},"216":{"start":{"line":217,"column":0},"end":{"line":217,"column":4}},"218":{"start":{"line":219,"column":0},"end":{"line":219,"column":43}},"219":{"start":{"line":220,"column":0},"end":{"line":220,"column":57}},"220":{"start":{"line":221,"column":0},"end":{"line":221,"column":4}},"222":{"start":{"line":223,"column":0},"end":{"line":223,"column":19}},"223":{"start":{"line":224,"column":0},"end":{"line":224,"column":28}},"224":{"start":{"line":225,"column":0},"end":{"line":225,"column":76}},"225":{"start":{"line":226,"column":0},"end":{"line":226,"column":49}},"226":{"start":{"line":227,"column":0},"end":{"line":227,"column":5}},"227":{"start":{"line":228,"column":0},"end":{"line":228,"column":15}},"228":{"start":{"line":229,"column":0},"end":{"line":229,"column":76}},"230":{"start":{"line":231,"column":0},"end":{"line":231,"column":51}},"231":{"start":{"line":232,"column":0},"end":{"line":232,"column":32}},"232":{"start":{"line":233,"column":0},"end":{"line":233,"column":60}},"233":{"start":{"line":234,"column":0},"end":{"line":234,"column":53}},"234":{"start":{"line":235,"column":0},"end":{"line":235,"column":77}},"235":{"start":{"line":236,"column":0},"end":{"line":236,"column":5}},"236":{"start":{"line":237,"column":0},"end":{"line":237,"column":40}},"237":{"start":{"line":238,"column":0},"end":{"line":238,"column":31}},"238":{"start":{"line":239,"column":0},"end":{"line":239,"column":5}},"239":{"start":{"line":240,"column":0},"end":{"line":240,"column":85}},"240":{"start":{"line":241,"column":0},"end":{"line":241,"column":56}},"241":{"start":{"line":242,"column":0},"end":{"line":242,"column":4}},"243":{"start":{"line":244,"column":0},"end":{"line":244,"column":44}},"244":{"start":{"line":245,"column":0},"end":{"line":245,"column":27}},"245":{"start":{"line":246,"column":0},"end":{"line":246,"column":33}},"246":{"start":{"line":247,"column":0},"end":{"line":247,"column":13}},"247":{"start":{"line":248,"column":0},"end":{"line":248,"column":12}},"248":{"start":{"line":249,"column":0},"end":{"line":249,"column":32}},"249":{"start":{"line":250,"column":0},"end":{"line":250,"column":28}},"250":{"start":{"line":251,"column":0},"end":{"line":251,"column":5}},"251":{"start":{"line":252,"column":0},"end":{"line":252,"column":4}},"254":{"start":{"line":255,"column":0},"end":{"line":255,"column":37}},"255":{"start":{"line":256,"column":0},"end":{"line":256,"column":9}},"256":{"start":{"line":257,"column":0},"end":{"line":257,"column":77}},"257":{"start":{"line":258,"column":0},"end":{"line":258,"column":22}},"258":{"start":{"line":259,"column":0},"end":{"line":259,"column":18}},"259":{"start":{"line":260,"column":0},"end":{"line":260,"column":45}},"260":{"start":{"line":261,"column":0},"end":{"line":261,"column":10}},"261":{"start":{"line":262,"column":0},"end":{"line":262,"column":9}},"263":{"start":{"line":264,"column":0},"end":{"line":264,"column":25}},"264":{"start":{"line":265,"column":0},"end":{"line":265,"column":73}},"265":{"start":{"line":266,"column":0},"end":{"line":266,"column":7}},"267":{"start":{"line":268,"column":0},"end":{"line":268,"column":41}},"268":{"start":{"line":269,"column":0},"end":{"line":269,"column":36}},"269":{"start":{"line":270,"column":0},"end":{"line":270,"column":80}},"270":{"start":{"line":271,"column":0},"end":{"line":271,"column":44}},"272":{"start":{"line":273,"column":0},"end":{"line":273,"column":53}},"273":{"start":{"line":274,"column":0},"end":{"line":274,"column":46}},"274":{"start":{"line":275,"column":0},"end":{"line":275,"column":71}},"275":{"start":{"line":276,"column":0},"end":{"line":276,"column":64}},"276":{"start":{"line":277,"column":0},"end":{"line":277,"column":54}},"277":{"start":{"line":278,"column":0},"end":{"line":278,"column":9}},"279":{"start":{"line":280,"column":0},"end":{"line":280,"column":18}},"280":{"start":{"line":281,"column":0},"end":{"line":281,"column":56}},"281":{"start":{"line":282,"column":0},"end":{"line":282,"column":25}},"284":{"start":{"line":285,"column":0},"end":{"line":285,"column":76}},"286":{"start":{"line":287,"column":0},"end":{"line":287,"column":36}},"287":{"start":{"line":288,"column":0},"end":{"line":288,"column":24}},"288":{"start":{"line":289,"column":0},"end":{"line":289,"column":7}},"290":{"start":{"line":291,"column":0},"end":{"line":291,"column":38}},"291":{"start":{"line":292,"column":0},"end":{"line":292,"column":29}},"292":{"start":{"line":293,"column":0},"end":{"line":293,"column":7}},"294":{"start":{"line":295,"column":0},"end":{"line":295,"column":56}},"295":{"start":{"line":296,"column":0},"end":{"line":296,"column":21}},"296":{"start":{"line":297,"column":0},"end":{"line":297,"column":25}},"297":{"start":{"line":298,"column":0},"end":{"line":298,"column":5}},"298":{"start":{"line":299,"column":0},"end":{"line":299,"column":4}},"300":{"start":{"line":301,"column":0},"end":{"line":301,"column":37}},"301":{"start":{"line":302,"column":0},"end":{"line":302,"column":9}},"302":{"start":{"line":303,"column":0},"end":{"line":303,"column":35}},"303":{"start":{"line":304,"column":0},"end":{"line":304,"column":52}},"304":{"start":{"line":305,"column":0},"end":{"line":305,"column":9}},"305":{"start":{"line":306,"column":0},"end":{"line":306,"column":24}},"306":{"start":{"line":307,"column":0},"end":{"line":307,"column":20}},"307":{"start":{"line":308,"column":0},"end":{"line":308,"column":47}},"308":{"start":{"line":309,"column":0},"end":{"line":309,"column":12}},"309":{"start":{"line":310,"column":0},"end":{"line":310,"column":9}},"312":{"start":{"line":313,"column":0},"end":{"line":313,"column":25}},"313":{"start":{"line":314,"column":0},"end":{"line":314,"column":68}},"314":{"start":{"line":315,"column":0},"end":{"line":315,"column":7}},"316":{"start":{"line":317,"column":0},"end":{"line":317,"column":41}},"318":{"start":{"line":319,"column":0},"end":{"line":319,"column":24}},"320":{"start":{"line":321,"column":0},"end":{"line":321,"column":49}},"321":{"start":{"line":322,"column":0},"end":{"line":322,"column":53}},"322":{"start":{"line":323,"column":0},"end":{"line":323,"column":45}},"324":{"start":{"line":325,"column":0},"end":{"line":325,"column":55}},"325":{"start":{"line":326,"column":0},"end":{"line":326,"column":24}},"326":{"start":{"line":327,"column":0},"end":{"line":327,"column":14}},"327":{"start":{"line":328,"column":0},"end":{"line":328,"column":25}},"328":{"start":{"line":329,"column":0},"end":{"line":329,"column":7}},"329":{"start":{"line":330,"column":0},"end":{"line":330,"column":21}},"330":{"start":{"line":331,"column":0},"end":{"line":331,"column":27}},"331":{"start":{"line":332,"column":0},"end":{"line":332,"column":5}},"332":{"start":{"line":333,"column":0},"end":{"line":333,"column":4}},"334":{"start":{"line":335,"column":0},"end":{"line":335,"column":26}},"335":{"start":{"line":336,"column":0},"end":{"line":336,"column":54}},"336":{"start":{"line":337,"column":0},"end":{"line":337,"column":78}},"337":{"start":{"line":338,"column":0},"end":{"line":338,"column":79}},"338":{"start":{"line":339,"column":0},"end":{"line":339,"column":68}},"340":{"start":{"line":341,"column":0},"end":{"line":341,"column":33}},"341":{"start":{"line":342,"column":0},"end":{"line":342,"column":54}},"342":{"start":{"line":343,"column":0},"end":{"line":343,"column":8}},"343":{"start":{"line":344,"column":0},"end":{"line":344,"column":5}},"344":{"start":{"line":345,"column":0},"end":{"line":345,"column":36}},"345":{"start":{"line":346,"column":0},"end":{"line":346,"column":39}},"346":{"start":{"line":347,"column":0},"end":{"line":347,"column":45}},"347":{"start":{"line":348,"column":0},"end":{"line":348,"column":61}},"349":{"start":{"line":350,"column":0},"end":{"line":350,"column":59}},"350":{"start":{"line":351,"column":0},"end":{"line":351,"column":29}},"351":{"start":{"line":352,"column":0},"end":{"line":352,"column":28}},"352":{"start":{"line":353,"column":0},"end":{"line":353,"column":29}},"353":{"start":{"line":354,"column":0},"end":{"line":354,"column":78}},"354":{"start":{"line":355,"column":0},"end":{"line":355,"column":33}},"355":{"start":{"line":356,"column":0},"end":{"line":356,"column":28}},"356":{"start":{"line":357,"column":0},"end":{"line":357,"column":32}},"357":{"start":{"line":358,"column":0},"end":{"line":358,"column":28}},"358":{"start":{"line":359,"column":0},"end":{"line":359,"column":55}},"359":{"start":{"line":360,"column":0},"end":{"line":360,"column":11}},"360":{"start":{"line":361,"column":0},"end":{"line":361,"column":16}},"362":{"start":{"line":363,"column":0},"end":{"line":363,"column":27}},"363":{"start":{"line":364,"column":0},"end":{"line":364,"column":29}},"364":{"start":{"line":365,"column":0},"end":{"line":365,"column":28}},"365":{"start":{"line":366,"column":0},"end":{"line":366,"column":11}},"366":{"start":{"line":367,"column":0},"end":{"line":367,"column":16}},"368":{"start":{"line":369,"column":0},"end":{"line":369,"column":34}},"369":{"start":{"line":370,"column":0},"end":{"line":370,"column":62}},"370":{"start":{"line":371,"column":0},"end":{"line":371,"column":26}},"371":{"start":{"line":372,"column":0},"end":{"line":372,"column":30}},"372":{"start":{"line":373,"column":0},"end":{"line":373,"column":39}},"373":{"start":{"line":374,"column":0},"end":{"line":374,"column":24}},"374":{"start":{"line":375,"column":0},"end":{"line":375,"column":26}},"375":{"start":{"line":376,"column":0},"end":{"line":376,"column":25}},"376":{"start":{"line":377,"column":0},"end":{"line":377,"column":33}},"377":{"start":{"line":378,"column":0},"end":{"line":378,"column":53}},"378":{"start":{"line":379,"column":0},"end":{"line":379,"column":16}},"380":{"start":{"line":381,"column":0},"end":{"line":381,"column":27}},"381":{"start":{"line":382,"column":0},"end":{"line":382,"column":70}},"382":{"start":{"line":383,"column":0},"end":{"line":383,"column":30}},"383":{"start":{"line":384,"column":0},"end":{"line":384,"column":25}},"384":{"start":{"line":385,"column":0},"end":{"line":385,"column":33}},"385":{"start":{"line":386,"column":0},"end":{"line":386,"column":36}},"386":{"start":{"line":387,"column":0},"end":{"line":387,"column":52}},"387":{"start":{"line":388,"column":0},"end":{"line":388,"column":36}},"388":{"start":{"line":389,"column":0},"end":{"line":389,"column":13}},"389":{"start":{"line":390,"column":0},"end":{"line":390,"column":25}},"390":{"start":{"line":391,"column":0},"end":{"line":391,"column":33}},"391":{"start":{"line":392,"column":0},"end":{"line":392,"column":53}},"392":{"start":{"line":393,"column":0},"end":{"line":393,"column":43}},"394":{"start":{"line":395,"column":0},"end":{"line":395,"column":16}},"396":{"start":{"line":397,"column":0},"end":{"line":397,"column":28}},"397":{"start":{"line":398,"column":0},"end":{"line":398,"column":65}},"398":{"start":{"line":399,"column":0},"end":{"line":399,"column":52}},"400":{"start":{"line":401,"column":0},"end":{"line":401,"column":26}},"401":{"start":{"line":402,"column":0},"end":{"line":402,"column":26}},"402":{"start":{"line":403,"column":0},"end":{"line":403,"column":65}},"404":{"start":{"line":405,"column":0},"end":{"line":405,"column":28}},"405":{"start":{"line":406,"column":0},"end":{"line":406,"column":32}},"406":{"start":{"line":407,"column":0},"end":{"line":407,"column":19}},"407":{"start":{"line":408,"column":0},"end":{"line":408,"column":16}},"409":{"start":{"line":410,"column":0},"end":{"line":410,"column":29}},"410":{"start":{"line":411,"column":0},"end":{"line":411,"column":51}},"411":{"start":{"line":412,"column":0},"end":{"line":412,"column":16}},"413":{"start":{"line":414,"column":0},"end":{"line":414,"column":20}},"414":{"start":{"line":415,"column":0},"end":{"line":415,"column":41}},"415":{"start":{"line":416,"column":0},"end":{"line":416,"column":16}},"417":{"start":{"line":418,"column":0},"end":{"line":418,"column":30}},"418":{"start":{"line":419,"column":0},"end":{"line":419,"column":26}},"419":{"start":{"line":420,"column":0},"end":{"line":420,"column":26}},"420":{"start":{"line":421,"column":0},"end":{"line":421,"column":39}},"421":{"start":{"line":422,"column":0},"end":{"line":422,"column":30}},"422":{"start":{"line":423,"column":0},"end":{"line":423,"column":52}},"423":{"start":{"line":424,"column":0},"end":{"line":424,"column":36}},"424":{"start":{"line":425,"column":0},"end":{"line":425,"column":13}},"425":{"start":{"line":426,"column":0},"end":{"line":426,"column":25}},"426":{"start":{"line":427,"column":0},"end":{"line":427,"column":33}},"427":{"start":{"line":428,"column":0},"end":{"line":428,"column":39}},"428":{"start":{"line":429,"column":0},"end":{"line":429,"column":53}},"429":{"start":{"line":430,"column":0},"end":{"line":430,"column":43}},"430":{"start":{"line":431,"column":0},"end":{"line":431,"column":27}},"431":{"start":{"line":432,"column":0},"end":{"line":432,"column":26}},"432":{"start":{"line":433,"column":0},"end":{"line":433,"column":26}},"433":{"start":{"line":434,"column":0},"end":{"line":434,"column":16}},"435":{"start":{"line":436,"column":0},"end":{"line":436,"column":43}},"436":{"start":{"line":437,"column":0},"end":{"line":437,"column":70}},"437":{"start":{"line":438,"column":0},"end":{"line":438,"column":30}},"438":{"start":{"line":439,"column":0},"end":{"line":439,"column":52}},"439":{"start":{"line":440,"column":0},"end":{"line":440,"column":36}},"440":{"start":{"line":441,"column":0},"end":{"line":441,"column":13}},"441":{"start":{"line":442,"column":0},"end":{"line":442,"column":16}},"443":{"start":{"line":444,"column":0},"end":{"line":444,"column":34}},"444":{"start":{"line":445,"column":0},"end":{"line":445,"column":50}},"445":{"start":{"line":446,"column":0},"end":{"line":446,"column":30}},"446":{"start":{"line":447,"column":0},"end":{"line":447,"column":16}},"448":{"start":{"line":449,"column":0},"end":{"line":449,"column":16}},"449":{"start":{"line":450,"column":0},"end":{"line":450,"column":62}},"450":{"start":{"line":451,"column":0},"end":{"line":451,"column":31}},"451":{"start":{"line":452,"column":0},"end":{"line":452,"column":7}},"452":{"start":{"line":453,"column":0},"end":{"line":453,"column":6}},"454":{"start":{"line":455,"column":0},"end":{"line":455,"column":47}},"455":{"start":{"line":456,"column":0},"end":{"line":456,"column":37}},"456":{"start":{"line":457,"column":0},"end":{"line":457,"column":51}},"457":{"start":{"line":458,"column":0},"end":{"line":458,"column":6}},"459":{"start":{"line":460,"column":0},"end":{"line":460,"column":35}},"460":{"start":{"line":461,"column":0},"end":{"line":461,"column":32}},"461":{"start":{"line":462,"column":0},"end":{"line":462,"column":48}},"462":{"start":{"line":463,"column":0},"end":{"line":463,"column":78}},"463":{"start":{"line":464,"column":0},"end":{"line":464,"column":6}},"464":{"start":{"line":465,"column":0},"end":{"line":465,"column":4}},"466":{"start":{"line":467,"column":0},"end":{"line":467,"column":19}},"467":{"start":{"line":468,"column":0},"end":{"line":468,"column":44}},"468":{"start":{"line":469,"column":0},"end":{"line":469,"column":64}},"469":{"start":{"line":470,"column":0},"end":{"line":470,"column":87}},"470":{"start":{"line":471,"column":0},"end":{"line":471,"column":5}},"471":{"start":{"line":472,"column":0},"end":{"line":472,"column":29}},"473":{"start":{"line":474,"column":0},"end":{"line":474,"column":19}},"474":{"start":{"line":475,"column":0},"end":{"line":475,"column":20}},"475":{"start":{"line":476,"column":0},"end":{"line":476,"column":23}},"477":{"start":{"line":478,"column":0},"end":{"line":478,"column":46}},"478":{"start":{"line":479,"column":0},"end":{"line":479,"column":70}},"480":{"start":{"line":481,"column":0},"end":{"line":481,"column":9}},"481":{"start":{"line":482,"column":0},"end":{"line":482,"column":35}},"482":{"start":{"line":483,"column":0},"end":{"line":483,"column":67}},"483":{"start":{"line":484,"column":0},"end":{"line":484,"column":9}},"484":{"start":{"line":485,"column":0},"end":{"line":485,"column":24}},"485":{"start":{"line":486,"column":0},"end":{"line":486,"column":20}},"486":{"start":{"line":487,"column":0},"end":{"line":487,"column":47}},"487":{"start":{"line":488,"column":0},"end":{"line":488,"column":12}},"488":{"start":{"line":489,"column":0},"end":{"line":489,"column":9}},"490":{"start":{"line":491,"column":0},"end":{"line":491,"column":55}},"492":{"start":{"line":493,"column":0},"end":{"line":493,"column":25}},"493":{"start":{"line":494,"column":0},"end":{"line":494,"column":69}},"494":{"start":{"line":495,"column":0},"end":{"line":495,"column":7}},"496":{"start":{"line":497,"column":0},"end":{"line":497,"column":41}},"497":{"start":{"line":498,"column":0},"end":{"line":498,"column":18}},"498":{"start":{"line":499,"column":0},"end":{"line":499,"column":68}},"499":{"start":{"line":500,"column":0},"end":{"line":500,"column":12}},"501":{"start":{"line":502,"column":0},"end":{"line":502,"column":30}},"502":{"start":{"line":503,"column":0},"end":{"line":503,"column":21}},"503":{"start":{"line":504,"column":0},"end":{"line":504,"column":27}},"504":{"start":{"line":505,"column":0},"end":{"line":505,"column":16}},"505":{"start":{"line":506,"column":0},"end":{"line":506,"column":5}},"506":{"start":{"line":507,"column":0},"end":{"line":507,"column":4}},"507":{"start":{"line":508,"column":0},"end":{"line":508,"column":36}},"508":{"start":{"line":509,"column":0},"end":{"line":509,"column":50}},"509":{"start":{"line":510,"column":0},"end":{"line":510,"column":9}},"510":{"start":{"line":511,"column":0},"end":{"line":511,"column":35}},"511":{"start":{"line":512,"column":0},"end":{"line":512,"column":71}},"512":{"start":{"line":513,"column":0},"end":{"line":513,"column":9}},"513":{"start":{"line":514,"column":0},"end":{"line":514,"column":24}},"514":{"start":{"line":515,"column":0},"end":{"line":515,"column":20}},"515":{"start":{"line":516,"column":0},"end":{"line":516,"column":47}},"516":{"start":{"line":517,"column":0},"end":{"line":517,"column":12}},"517":{"start":{"line":518,"column":0},"end":{"line":518,"column":9}},"520":{"start":{"line":521,"column":0},"end":{"line":521,"column":25}},"521":{"start":{"line":522,"column":0},"end":{"line":522,"column":65}},"522":{"start":{"line":523,"column":0},"end":{"line":523,"column":7}},"525":{"start":{"line":526,"column":0},"end":{"line":526,"column":41}},"526":{"start":{"line":527,"column":0},"end":{"line":527,"column":73}},"527":{"start":{"line":528,"column":0},"end":{"line":528,"column":71}},"528":{"start":{"line":529,"column":0},"end":{"line":529,"column":29}},"529":{"start":{"line":530,"column":0},"end":{"line":530,"column":62}},"530":{"start":{"line":531,"column":0},"end":{"line":531,"column":23}},"531":{"start":{"line":532,"column":0},"end":{"line":532,"column":7}},"532":{"start":{"line":533,"column":0},"end":{"line":533,"column":30}},"533":{"start":{"line":534,"column":0},"end":{"line":534,"column":21}},"534":{"start":{"line":535,"column":0},"end":{"line":535,"column":25}},"535":{"start":{"line":536,"column":0},"end":{"line":536,"column":16}},"536":{"start":{"line":537,"column":0},"end":{"line":537,"column":5}},"537":{"start":{"line":538,"column":0},"end":{"line":538,"column":4}},"539":{"start":{"line":540,"column":0},"end":{"line":540,"column":56}},"540":{"start":{"line":541,"column":0},"end":{"line":541,"column":54}},"541":{"start":{"line":542,"column":0},"end":{"line":542,"column":9}},"542":{"start":{"line":543,"column":0},"end":{"line":543,"column":24}},"543":{"start":{"line":544,"column":0},"end":{"line":544,"column":17}},"544":{"start":{"line":545,"column":0},"end":{"line":545,"column":18}},"545":{"start":{"line":546,"column":0},"end":{"line":546,"column":16}},"546":{"start":{"line":547,"column":0},"end":{"line":547,"column":19}},"547":{"start":{"line":548,"column":0},"end":{"line":548,"column":8}},"548":{"start":{"line":549,"column":0},"end":{"line":549,"column":55}},"549":{"start":{"line":550,"column":0},"end":{"line":550,"column":51}},"550":{"start":{"line":551,"column":0},"end":{"line":551,"column":44}},"553":{"start":{"line":554,"column":0},"end":{"line":554,"column":18}},"554":{"start":{"line":555,"column":0},"end":{"line":555,"column":26}},"555":{"start":{"line":556,"column":0},"end":{"line":556,"column":15}},"556":{"start":{"line":557,"column":0},"end":{"line":557,"column":25}},"557":{"start":{"line":558,"column":0},"end":{"line":558,"column":26}},"560":{"start":{"line":561,"column":0},"end":{"line":561,"column":57}},"561":{"start":{"line":562,"column":0},"end":{"line":562,"column":43}},"563":{"start":{"line":564,"column":0},"end":{"line":564,"column":29}},"564":{"start":{"line":565,"column":0},"end":{"line":565,"column":45}},"565":{"start":{"line":566,"column":0},"end":{"line":566,"column":65}},"566":{"start":{"line":567,"column":0},"end":{"line":567,"column":33}},"567":{"start":{"line":568,"column":0},"end":{"line":568,"column":24}},"568":{"start":{"line":569,"column":0},"end":{"line":569,"column":66}},"569":{"start":{"line":570,"column":0},"end":{"line":570,"column":19}},"571":{"start":{"line":572,"column":0},"end":{"line":572,"column":26}},"572":{"start":{"line":573,"column":0},"end":{"line":573,"column":38}},"573":{"start":{"line":574,"column":0},"end":{"line":574,"column":33}},"574":{"start":{"line":575,"column":0},"end":{"line":575,"column":36}},"575":{"start":{"line":576,"column":0},"end":{"line":576,"column":33}},"576":{"start":{"line":577,"column":0},"end":{"line":577,"column":37}},"577":{"start":{"line":578,"column":0},"end":{"line":578,"column":33}},"578":{"start":{"line":579,"column":0},"end":{"line":579,"column":35}},"579":{"start":{"line":580,"column":0},"end":{"line":580,"column":13}},"580":{"start":{"line":581,"column":0},"end":{"line":581,"column":18}},"581":{"start":{"line":582,"column":0},"end":{"line":582,"column":24}},"582":{"start":{"line":583,"column":0},"end":{"line":583,"column":72}},"584":{"start":{"line":585,"column":0},"end":{"line":585,"column":39}},"585":{"start":{"line":586,"column":0},"end":{"line":586,"column":11}},"586":{"start":{"line":587,"column":0},"end":{"line":587,"column":16}},"587":{"start":{"line":588,"column":0},"end":{"line":588,"column":57}},"588":{"start":{"line":589,"column":0},"end":{"line":589,"column":9}},"589":{"start":{"line":590,"column":0},"end":{"line":590,"column":7}},"590":{"start":{"line":591,"column":0},"end":{"line":591,"column":59}},"591":{"start":{"line":592,"column":0},"end":{"line":592,"column":28}},"592":{"start":{"line":593,"column":0},"end":{"line":593,"column":31}},"593":{"start":{"line":594,"column":0},"end":{"line":594,"column":62}},"594":{"start":{"line":595,"column":0},"end":{"line":595,"column":21}},"595":{"start":{"line":596,"column":0},"end":{"line":596,"column":25}},"596":{"start":{"line":597,"column":0},"end":{"line":597,"column":5}},"597":{"start":{"line":598,"column":0},"end":{"line":598,"column":4}},"599":{"start":{"line":600,"column":0},"end":{"line":600,"column":19}},"600":{"start":{"line":601,"column":0},"end":{"line":601,"column":32}},"601":{"start":{"line":602,"column":0},"end":{"line":602,"column":39}},"602":{"start":{"line":603,"column":0},"end":{"line":603,"column":5}},"603":{"start":{"line":604,"column":0},"end":{"line":604,"column":23}},"605":{"start":{"line":606,"column":0},"end":{"line":606,"column":19}},"606":{"start":{"line":607,"column":0},"end":{"line":607,"column":22}},"607":{"start":{"line":608,"column":0},"end":{"line":608,"column":48}},"608":{"start":{"line":609,"column":0},"end":{"line":609,"column":32}},"609":{"start":{"line":610,"column":0},"end":{"line":610,"column":9}},"610":{"start":{"line":611,"column":0},"end":{"line":611,"column":5}},"611":{"start":{"line":612,"column":0},"end":{"line":612,"column":20}},"613":{"start":{"line":614,"column":0},"end":{"line":614,"column":38}},"614":{"start":{"line":615,"column":0},"end":{"line":615,"column":33}},"615":{"start":{"line":616,"column":0},"end":{"line":616,"column":65}},"616":{"start":{"line":617,"column":0},"end":{"line":617,"column":73}},"617":{"start":{"line":618,"column":0},"end":{"line":618,"column":22}},"618":{"start":{"line":619,"column":0},"end":{"line":619,"column":24}},"619":{"start":{"line":620,"column":0},"end":{"line":620,"column":27}},"620":{"start":{"line":621,"column":0},"end":{"line":621,"column":22}},"621":{"start":{"line":622,"column":0},"end":{"line":622,"column":41}},"622":{"start":{"line":623,"column":0},"end":{"line":623,"column":12}},"623":{"start":{"line":624,"column":0},"end":{"line":624,"column":20}},"624":{"start":{"line":625,"column":0},"end":{"line":625,"column":5}},"625":{"start":{"line":626,"column":0},"end":{"line":626,"column":4}},"626":{"start":{"line":627,"column":0},"end":{"line":627,"column":57}},"627":{"start":{"line":628,"column":0},"end":{"line":628,"column":39}},"628":{"start":{"line":629,"column":0},"end":{"line":629,"column":33}},"629":{"start":{"line":630,"column":0},"end":{"line":630,"column":52}},"630":{"start":{"line":631,"column":0},"end":{"line":631,"column":27}},"631":{"start":{"line":632,"column":0},"end":{"line":632,"column":22}},"632":{"start":{"line":633,"column":0},"end":{"line":633,"column":73}},"633":{"start":{"line":634,"column":0},"end":{"line":634,"column":5}},"634":{"start":{"line":635,"column":0},"end":{"line":635,"column":4}},"635":{"start":{"line":636,"column":0},"end":{"line":636,"column":41}},"636":{"start":{"line":637,"column":0},"end":{"line":637,"column":38}},"638":{"start":{"line":639,"column":0},"end":{"line":639,"column":47}},"640":{"start":{"line":641,"column":0},"end":{"line":641,"column":49}},"641":{"start":{"line":642,"column":0},"end":{"line":642,"column":18}},"642":{"start":{"line":643,"column":0},"end":{"line":643,"column":68}},"644":{"start":{"line":645,"column":0},"end":{"line":645,"column":13}},"645":{"start":{"line":646,"column":0},"end":{"line":646,"column":5}},"646":{"start":{"line":647,"column":0},"end":{"line":647,"column":68}},"648":{"start":{"line":649,"column":0},"end":{"line":649,"column":60}},"649":{"start":{"line":650,"column":0},"end":{"line":650,"column":27}},"650":{"start":{"line":651,"column":0},"end":{"line":651,"column":21}},"651":{"start":{"line":652,"column":0},"end":{"line":652,"column":27}},"652":{"start":{"line":653,"column":0},"end":{"line":653,"column":19}},"653":{"start":{"line":654,"column":0},"end":{"line":654,"column":38}},"654":{"start":{"line":655,"column":0},"end":{"line":655,"column":41}},"655":{"start":{"line":656,"column":0},"end":{"line":656,"column":10}},"656":{"start":{"line":657,"column":0},"end":{"line":657,"column":8}},"657":{"start":{"line":658,"column":0},"end":{"line":658,"column":48}},"658":{"start":{"line":659,"column":0},"end":{"line":659,"column":25}},"659":{"start":{"line":660,"column":0},"end":{"line":660,"column":7}},"660":{"start":{"line":661,"column":0},"end":{"line":661,"column":28}},"661":{"start":{"line":662,"column":0},"end":{"line":662,"column":77}},"662":{"start":{"line":663,"column":0},"end":{"line":663,"column":90}},"663":{"start":{"line":664,"column":0},"end":{"line":664,"column":5}},"664":{"start":{"line":665,"column":0},"end":{"line":665,"column":34}},"665":{"start":{"line":666,"column":0},"end":{"line":666,"column":56}},"666":{"start":{"line":667,"column":0},"end":{"line":667,"column":4}},"668":{"start":{"line":669,"column":0},"end":{"line":669,"column":19}},"669":{"start":{"line":670,"column":0},"end":{"line":670,"column":28}},"670":{"start":{"line":671,"column":0},"end":{"line":671,"column":77}},"671":{"start":{"line":672,"column":0},"end":{"line":672,"column":37}},"672":{"start":{"line":673,"column":0},"end":{"line":673,"column":5}},"673":{"start":{"line":674,"column":0},"end":{"line":674,"column":15}},"675":{"start":{"line":676,"column":0},"end":{"line":676,"column":19}},"676":{"start":{"line":677,"column":0},"end":{"line":677,"column":49}},"677":{"start":{"line":678,"column":0},"end":{"line":678,"column":15}},"679":{"start":{"line":680,"column":0},"end":{"line":680,"column":31}},"680":{"start":{"line":681,"column":0},"end":{"line":681,"column":65}},"681":{"start":{"line":682,"column":0},"end":{"line":682,"column":56}},"682":{"start":{"line":683,"column":0},"end":{"line":683,"column":75}},"683":{"start":{"line":684,"column":0},"end":{"line":684,"column":56}},"684":{"start":{"line":685,"column":0},"end":{"line":685,"column":23}},"685":{"start":{"line":686,"column":0},"end":{"line":686,"column":22}},"686":{"start":{"line":687,"column":0},"end":{"line":687,"column":22}},"687":{"start":{"line":688,"column":0},"end":{"line":688,"column":48}},"688":{"start":{"line":689,"column":0},"end":{"line":689,"column":32}},"689":{"start":{"line":690,"column":0},"end":{"line":690,"column":9}},"690":{"start":{"line":691,"column":0},"end":{"line":691,"column":26}},"691":{"start":{"line":692,"column":0},"end":{"line":692,"column":21}},"692":{"start":{"line":693,"column":0},"end":{"line":693,"column":29}},"693":{"start":{"line":694,"column":0},"end":{"line":694,"column":78}},"694":{"start":{"line":695,"column":0},"end":{"line":695,"column":18}},"695":{"start":{"line":696,"column":0},"end":{"line":696,"column":81}},"697":{"start":{"line":698,"column":0},"end":{"line":698,"column":12}},"698":{"start":{"line":699,"column":0},"end":{"line":699,"column":18}},"699":{"start":{"line":700,"column":0},"end":{"line":700,"column":51}},"700":{"start":{"line":701,"column":0},"end":{"line":701,"column":58}},"702":{"start":{"line":703,"column":0},"end":{"line":703,"column":5}},"703":{"start":{"line":704,"column":0},"end":{"line":704,"column":4}},"705":{"start":{"line":706,"column":0},"end":{"line":706,"column":19}},"706":{"start":{"line":707,"column":0},"end":{"line":707,"column":39}},"707":{"start":{"line":708,"column":0},"end":{"line":708,"column":40}},"708":{"start":{"line":709,"column":0},"end":{"line":709,"column":25}},"710":{"start":{"line":711,"column":0},"end":{"line":711,"column":101}},"711":{"start":{"line":712,"column":0},"end":{"line":712,"column":39}},"712":{"start":{"line":713,"column":0},"end":{"line":713,"column":38}},"713":{"start":{"line":714,"column":0},"end":{"line":714,"column":16}},"714":{"start":{"line":715,"column":0},"end":{"line":715,"column":5}},"715":{"start":{"line":716,"column":0},"end":{"line":716,"column":46}},"716":{"start":{"line":717,"column":0},"end":{"line":717,"column":45}},"719":{"start":{"line":720,"column":0},"end":{"line":720,"column":8}},"720":{"start":{"line":721,"column":0},"end":{"line":721,"column":22}},"721":{"start":{"line":722,"column":0},"end":{"line":722,"column":67}},"722":{"start":{"line":723,"column":0},"end":{"line":723,"column":72}},"723":{"start":{"line":724,"column":0},"end":{"line":724,"column":7}},"724":{"start":{"line":725,"column":0},"end":{"line":725,"column":24}},"725":{"start":{"line":726,"column":0},"end":{"line":726,"column":16}},"726":{"start":{"line":727,"column":0},"end":{"line":727,"column":46}},"727":{"start":{"line":728,"column":0},"end":{"line":728,"column":42}},"728":{"start":{"line":729,"column":0},"end":{"line":729,"column":85}},"729":{"start":{"line":730,"column":0},"end":{"line":730,"column":16}},"730":{"start":{"line":731,"column":0},"end":{"line":731,"column":46}},"731":{"start":{"line":732,"column":0},"end":{"line":732,"column":39}},"732":{"start":{"line":733,"column":0},"end":{"line":733,"column":13}},"733":{"start":{"line":734,"column":0},"end":{"line":734,"column":44}},"734":{"start":{"line":735,"column":0},"end":{"line":735,"column":5}},"735":{"start":{"line":736,"column":0},"end":{"line":736,"column":31}},"736":{"start":{"line":737,"column":0},"end":{"line":737,"column":4}},"738":{"start":{"line":739,"column":0},"end":{"line":739,"column":19}},"739":{"start":{"line":740,"column":0},"end":{"line":740,"column":14}},"741":{"start":{"line":742,"column":0},"end":{"line":742,"column":38}},"742":{"start":{"line":743,"column":0},"end":{"line":743,"column":32}},"743":{"start":{"line":744,"column":0},"end":{"line":744,"column":56}},"744":{"start":{"line":745,"column":0},"end":{"line":745,"column":15}},"745":{"start":{"line":746,"column":0},"end":{"line":746,"column":42}},"746":{"start":{"line":747,"column":0},"end":{"line":747,"column":22}},"747":{"start":{"line":748,"column":0},"end":{"line":748,"column":5}},"749":{"start":{"line":750,"column":0},"end":{"line":750,"column":18}},"750":{"start":{"line":751,"column":0},"end":{"line":751,"column":18}},"751":{"start":{"line":752,"column":0},"end":{"line":752,"column":28}},"752":{"start":{"line":753,"column":0},"end":{"line":753,"column":7}},"753":{"start":{"line":754,"column":0},"end":{"line":754,"column":6}},"754":{"start":{"line":755,"column":0},"end":{"line":755,"column":38}},"756":{"start":{"line":757,"column":0},"end":{"line":757,"column":38}},"757":{"start":{"line":758,"column":0},"end":{"line":758,"column":40}},"758":{"start":{"line":759,"column":0},"end":{"line":759,"column":17}},"759":{"start":{"line":760,"column":0},"end":{"line":760,"column":87}},"760":{"start":{"line":761,"column":0},"end":{"line":761,"column":24}},"761":{"start":{"line":762,"column":0},"end":{"line":762,"column":74}},"762":{"start":{"line":763,"column":0},"end":{"line":763,"column":15}},"763":{"start":{"line":764,"column":0},"end":{"line":764,"column":12}},"764":{"start":{"line":765,"column":0},"end":{"line":765,"column":24}},"765":{"start":{"line":766,"column":0},"end":{"line":766,"column":5}},"766":{"start":{"line":767,"column":0},"end":{"line":767,"column":4}},"768":{"start":{"line":769,"column":0},"end":{"line":769,"column":21}},"769":{"start":{"line":770,"column":0},"end":{"line":770,"column":35}},"770":{"start":{"line":771,"column":0},"end":{"line":771,"column":45}},"771":{"start":{"line":772,"column":0},"end":{"line":772,"column":30}},"772":{"start":{"line":773,"column":0},"end":{"line":773,"column":55}},"773":{"start":{"line":774,"column":0},"end":{"line":774,"column":4}},"775":{"start":{"line":776,"column":0},"end":{"line":776,"column":10}},"776":{"start":{"line":777,"column":0},"end":{"line":777,"column":31}},"777":{"start":{"line":778,"column":0},"end":{"line":778,"column":28}},"778":{"start":{"line":779,"column":0},"end":{"line":779,"column":41}},"779":{"start":{"line":780,"column":0},"end":{"line":780,"column":26}},"783":{"start":{"line":784,"column":0},"end":{"line":784,"column":14}},"784":{"start":{"line":785,"column":0},"end":{"line":785,"column":23}},"785":{"start":{"line":786,"column":0},"end":{"line":786,"column":47}},"786":{"start":{"line":787,"column":0},"end":{"line":787,"column":42}},"788":{"start":{"line":789,"column":0},"end":{"line":789,"column":72}},"791":{"start":{"line":792,"column":0},"end":{"line":792,"column":24}},"792":{"start":{"line":793,"column":0},"end":{"line":793,"column":10}},"793":{"start":{"line":794,"column":0},"end":{"line":794,"column":35}},"794":{"start":{"line":795,"column":0},"end":{"line":795,"column":46}},"795":{"start":{"line":796,"column":0},"end":{"line":796,"column":51}},"798":{"start":{"line":799,"column":0},"end":{"line":799,"column":35}},"799":{"start":{"line":800,"column":0},"end":{"line":800,"column":47}},"800":{"start":{"line":801,"column":0},"end":{"line":801,"column":51}},"803":{"start":{"line":804,"column":0},"end":{"line":804,"column":35}},"804":{"start":{"line":805,"column":0},"end":{"line":805,"column":45}},"805":{"start":{"line":806,"column":0},"end":{"line":806,"column":51}},"811":{"start":{"line":812,"column":0},"end":{"line":812,"column":24}},"812":{"start":{"line":813,"column":0},"end":{"line":813,"column":33}},"813":{"start":{"line":814,"column":0},"end":{"line":814,"column":60}},"814":{"start":{"line":815,"column":0},"end":{"line":815,"column":43}},"815":{"start":{"line":816,"column":0},"end":{"line":816,"column":55}},"816":{"start":{"line":817,"column":0},"end":{"line":817,"column":79}},"820":{"start":{"line":821,"column":0},"end":{"line":821,"column":78}},"827":{"start":{"line":828,"column":0},"end":{"line":828,"column":24}},"828":{"start":{"line":829,"column":0},"end":{"line":829,"column":66}},"831":{"start":{"line":832,"column":0},"end":{"line":832,"column":139}},"832":{"start":{"line":833,"column":0},"end":{"line":833,"column":15}},"833":{"start":{"line":834,"column":0},"end":{"line":834,"column":60}},"836":{"start":{"line":837,"column":0},"end":{"line":837,"column":86}},"837":{"start":{"line":838,"column":0},"end":{"line":838,"column":15}},"838":{"start":{"line":839,"column":0},"end":{"line":839,"column":60}},"842":{"start":{"line":843,"column":0},"end":{"line":843,"column":24}},"843":{"start":{"line":844,"column":0},"end":{"line":844,"column":31}},"844":{"start":{"line":845,"column":0},"end":{"line":845,"column":35}},"845":{"start":{"line":846,"column":0},"end":{"line":846,"column":54}},"846":{"start":{"line":847,"column":0},"end":{"line":847,"column":47}},"847":{"start":{"line":848,"column":0},"end":{"line":848,"column":61}},"848":{"start":{"line":849,"column":0},"end":{"line":849,"column":80}},"853":{"start":{"line":854,"column":0},"end":{"line":854,"column":35}},"854":{"start":{"line":855,"column":0},"end":{"line":855,"column":55}},"855":{"start":{"line":856,"column":0},"end":{"line":856,"column":48}},"856":{"start":{"line":857,"column":0},"end":{"line":857,"column":62}},"857":{"start":{"line":858,"column":0},"end":{"line":858,"column":80}},"862":{"start":{"line":863,"column":0},"end":{"line":863,"column":35}},"863":{"start":{"line":864,"column":0},"end":{"line":864,"column":53}},"864":{"start":{"line":865,"column":0},"end":{"line":865,"column":46}},"865":{"start":{"line":866,"column":0},"end":{"line":866,"column":60}},"866":{"start":{"line":867,"column":0},"end":{"line":867,"column":80}},"871":{"start":{"line":872,"column":0},"end":{"line":872,"column":54}},"872":{"start":{"line":873,"column":0},"end":{"line":873,"column":47}},"873":{"start":{"line":874,"column":0},"end":{"line":874,"column":18}},"874":{"start":{"line":875,"column":0},"end":{"line":875,"column":29}},"875":{"start":{"line":876,"column":0},"end":{"line":876,"column":94}},"876":{"start":{"line":877,"column":0},"end":{"line":877,"column":21}},"877":{"start":{"line":878,"column":0},"end":{"line":878,"column":58}},"879":{"start":{"line":880,"column":0},"end":{"line":880,"column":78}},"886":{"start":{"line":887,"column":0},"end":{"line":887,"column":54}},"887":{"start":{"line":888,"column":0},"end":{"line":888,"column":38}},"888":{"start":{"line":889,"column":0},"end":{"line":889,"column":12}},"889":{"start":{"line":890,"column":0},"end":{"line":890,"column":19}},"890":{"start":{"line":891,"column":0},"end":{"line":891,"column":38}},"891":{"start":{"line":892,"column":0},"end":{"line":892,"column":76}},"893":{"start":{"line":894,"column":0},"end":{"line":894,"column":48}},"895":{"start":{"line":896,"column":0},"end":{"line":896,"column":43}},"896":{"start":{"line":897,"column":0},"end":{"line":897,"column":18}},"897":{"start":{"line":898,"column":0},"end":{"line":898,"column":66}},"898":{"start":{"line":899,"column":0},"end":{"line":899,"column":70}},"899":{"start":{"line":900,"column":0},"end":{"line":900,"column":47}},"902":{"start":{"line":903,"column":0},"end":{"line":903,"column":36}},"903":{"start":{"line":904,"column":0},"end":{"line":904,"column":52}},"904":{"start":{"line":905,"column":0},"end":{"line":905,"column":20}},"905":{"start":{"line":906,"column":0},"end":{"line":906,"column":31}},"906":{"start":{"line":907,"column":0},"end":{"line":907,"column":43}},"907":{"start":{"line":908,"column":0},"end":{"line":908,"column":66}},"909":{"start":{"line":910,"column":0},"end":{"line":910,"column":22}},"910":{"start":{"line":911,"column":0},"end":{"line":911,"column":62}},"911":{"start":{"line":912,"column":0},"end":{"line":912,"column":39}},"919":{"start":{"line":920,"column":0},"end":{"line":920,"column":10}},"920":{"start":{"line":921,"column":0},"end":{"line":921,"column":77}},"922":{"start":{"line":923,"column":0},"end":{"line":923,"column":26}},"923":{"start":{"line":924,"column":0},"end":{"line":924,"column":35}},"924":{"start":{"line":925,"column":0},"end":{"line":925,"column":16}},"925":{"start":{"line":926,"column":0},"end":{"line":926,"column":28}},"926":{"start":{"line":927,"column":0},"end":{"line":927,"column":26}},"928":{"start":{"line":929,"column":0},"end":{"line":929,"column":31}},"929":{"start":{"line":930,"column":0},"end":{"line":930,"column":43}},"930":{"start":{"line":931,"column":0},"end":{"line":931,"column":122}},"931":{"start":{"line":932,"column":0},"end":{"line":932,"column":20}},"932":{"start":{"line":933,"column":0},"end":{"line":933,"column":30}},"933":{"start":{"line":934,"column":0},"end":{"line":934,"column":49}},"934":{"start":{"line":935,"column":0},"end":{"line":935,"column":49}},"935":{"start":{"line":936,"column":0},"end":{"line":936,"column":17}},"936":{"start":{"line":937,"column":0},"end":{"line":937,"column":47}},"937":{"start":{"line":938,"column":0},"end":{"line":938,"column":41}},"938":{"start":{"line":939,"column":0},"end":{"line":939,"column":17}},"939":{"start":{"line":940,"column":0},"end":{"line":940,"column":16}},"940":{"start":{"line":941,"column":0},"end":{"line":941,"column":22}},"941":{"start":{"line":942,"column":0},"end":{"line":942,"column":54}},"942":{"start":{"line":943,"column":0},"end":{"line":943,"column":48}},"943":{"start":{"line":944,"column":0},"end":{"line":944,"column":16}},"946":{"start":{"line":947,"column":0},"end":{"line":947,"column":24}},"950":{"start":{"line":951,"column":0},"end":{"line":951,"column":38}},"951":{"start":{"line":952,"column":0},"end":{"line":952,"column":73}},"952":{"start":{"line":953,"column":0},"end":{"line":953,"column":37}},"953":{"start":{"line":954,"column":0},"end":{"line":954,"column":41}},"954":{"start":{"line":955,"column":0},"end":{"line":955,"column":58}},"955":{"start":{"line":956,"column":0},"end":{"line":956,"column":15}},"956":{"start":{"line":957,"column":0},"end":{"line":957,"column":35}},"957":{"start":{"line":958,"column":0},"end":{"line":958,"column":38}},"958":{"start":{"line":959,"column":0},"end":{"line":959,"column":46}},"959":{"start":{"line":960,"column":0},"end":{"line":960,"column":33}},"961":{"start":{"line":962,"column":0},"end":{"line":962,"column":15}},"962":{"start":{"line":963,"column":0},"end":{"line":963,"column":34}},"963":{"start":{"line":964,"column":0},"end":{"line":964,"column":21}},"964":{"start":{"line":965,"column":0},"end":{"line":965,"column":28}},"965":{"start":{"line":966,"column":0},"end":{"line":966,"column":43}},"966":{"start":{"line":967,"column":0},"end":{"line":967,"column":51}},"967":{"start":{"line":968,"column":0},"end":{"line":968,"column":34}},"969":{"start":{"line":970,"column":0},"end":{"line":970,"column":15}},"970":{"start":{"line":971,"column":0},"end":{"line":971,"column":37}},"971":{"start":{"line":972,"column":0},"end":{"line":972,"column":39}},"972":{"start":{"line":973,"column":0},"end":{"line":973,"column":47}},"973":{"start":{"line":974,"column":0},"end":{"line":974,"column":32}},"978":{"start":{"line":979,"column":0},"end":{"line":979,"column":20}},"979":{"start":{"line":980,"column":0},"end":{"line":980,"column":17}},"980":{"start":{"line":981,"column":0},"end":{"line":981,"column":42}},"981":{"start":{"line":982,"column":0},"end":{"line":982,"column":28}},"982":{"start":{"line":983,"column":0},"end":{"line":983,"column":45}},"983":{"start":{"line":984,"column":0},"end":{"line":984,"column":47}},"984":{"start":{"line":985,"column":0},"end":{"line":985,"column":14}},"985":{"start":{"line":986,"column":0},"end":{"line":986,"column":102}},"986":{"start":{"line":987,"column":0},"end":{"line":987,"column":11}},"991":{"start":{"line":992,"column":0},"end":{"line":992,"column":74}},"994":{"start":{"line":995,"column":0},"end":{"line":995,"column":20}},"995":{"start":{"line":996,"column":0},"end":{"line":996,"column":17}},"996":{"start":{"line":997,"column":0},"end":{"line":997,"column":40}},"997":{"start":{"line":998,"column":0},"end":{"line":998,"column":46}},"998":{"start":{"line":999,"column":0},"end":{"line":999,"column":35}},"999":{"start":{"line":1000,"column":0},"end":{"line":1000,"column":11}},"1007":{"start":{"line":1008,"column":0},"end":{"line":1008,"column":2}},"1009":{"start":{"line":1010,"column":0},"end":{"line":1010,"column":25}}},"s":{"0":1,"1":1,"2":1,"3":1,"5":1,"6":10,"7":10,"8":10,"9":10,"10":10,"11":10,"12":10,"13":10,"14":10,"15":10,"16":10,"17":10,"18":10,"19":10,"20":10,"21":10,"22":10,"23":10,"24":10,"25":10,"26":10,"27":10,"28":10,"29":10,"30":10,"31":10,"32":10,"33":10,"34":10,"35":10,"36":10,"37":10,"38":10,"39":10,"40":10,"41":10,"42":10,"43":10,"44":10,"45":10,"46":10,"47":10,"48":10,"51":10,"52":8,"53":4,"54":4,"55":4,"57":4,"58":4,"60":4,"61":4,"62":4,"65":4,"66":4,"67":4,"68":4,"70":4,"71":4,"73":0,"74":0,"77":0,"78":0,"80":0,"81":0,"82":0,"83":0,"84":0,"86":0,"87":0,"88":0,"89":0,"90":0,"91":0,"92":0,"93":0,"95":0,"96":0,"97":0,"98":10,"99":10,"100":10,"101":10,"104":10,"105":0,"106":0,"107":0,"108":0,"109":0,"110":0,"111":0,"112":0,"113":0,"114":0,"115":0,"116":0,"117":0,"118":0,"119":0,"120":0,"121":0,"122":10,"124":10,"125":0,"126":0,"128":0,"129":0,"130":0,"131":0,"132":0,"133":0,"134":0,"135":0,"136":0,"137":0,"138":0,"139":0,"140":0,"141":0,"142":0,"145":0,"146":0,"147":0,"148":0,"149":0,"151":0,"152":0,"154":0,"155":0,"156":0,"157":0,"158":0,"160":10,"161":10,"162":0,"163":0,"164":0,"165":0,"166":0,"167":0,"168":0,"169":0,"170":0,"171":0,"172":0,"173":0,"174":0,"176":10,"177":5,"178":5,"180":5,"181":0,"183":5,"184":5,"185":0,"186":0,"187":0,"188":5,"189":10,"190":10,"191":0,"192":0,"193":0,"194":0,"196":0,"197":0,"198":0,"199":0,"201":0,"202":0,"203":0,"204":0,"205":0,"206":0,"207":0,"208":0,"209":0,"210":0,"211":0,"213":0,"214":0,"215":0,"216":0,"218":10,"219":0,"220":0,"222":10,"223":4,"224":0,"225":0,"226":0,"227":10,"228":10,"230":10,"231":0,"232":0,"233":0,"234":0,"235":0,"236":0,"237":0,"238":0,"239":0,"240":0,"241":0,"243":10,"244":0,"245":0,"246":0,"247":0,"248":0,"249":0,"250":0,"251":0,"254":10,"255":5,"256":5,"257":5,"258":5,"259":5,"260":5,"261":5,"263":5,"264":0,"265":0,"267":5,"268":5,"269":5,"270":5,"272":5,"273":5,"274":5,"275":10,"276":10,"277":10,"279":5,"280":5,"281":5,"284":5,"286":5,"287":5,"288":5,"290":5,"291":0,"292":0,"294":5,"295":5,"296":0,"297":0,"298":5,"300":10,"301":1,"302":1,"303":1,"304":1,"305":1,"306":1,"307":1,"308":1,"309":1,"312":1,"313":0,"314":0,"316":1,"318":1,"320":1,"321":1,"322":1,"324":1,"325":0,"326":1,"327":1,"328":1,"329":1,"330":0,"331":0,"332":1,"334":10,"335":10,"336":4,"337":4,"338":4,"340":4,"341":0,"342":0,"343":4,"344":4,"345":4,"346":1,"347":1,"349":1,"350":1,"351":1,"352":1,"353":1,"354":1,"355":1,"356":1,"357":1,"358":1,"359":1,"360":1,"362":1,"363":0,"364":0,"365":0,"366":0,"368":1,"369":0,"370":0,"371":0,"372":0,"373":0,"374":0,"375":0,"376":0,"377":0,"378":0,"380":1,"381":0,"382":0,"383":0,"384":0,"385":0,"386":0,"387":0,"388":0,"389":0,"390":0,"391":0,"392":0,"394":0,"396":1,"397":0,"398":0,"400":0,"401":0,"402":0,"404":0,"405":0,"406":0,"407":0,"409":1,"410":0,"411":0,"413":1,"414":0,"415":0,"417":1,"418":0,"419":0,"420":0,"421":0,"422":0,"423":0,"424":0,"425":0,"426":0,"427":0,"428":0,"429":0,"430":0,"431":0,"432":0,"433":0,"435":1,"436":0,"437":0,"438":0,"439":0,"440":0,"441":0,"443":1,"444":0,"445":0,"446":0,"448":1,"449":0,"450":0,"451":1,"452":1,"454":4,"455":4,"456":1,"457":1,"459":4,"460":4,"461":0,"462":0,"463":0,"464":4,"466":10,"467":9,"468":1,"469":1,"470":1,"471":10,"473":10,"474":4,"475":10,"477":10,"478":1,"480":1,"481":1,"482":1,"483":1,"484":1,"485":1,"486":1,"487":1,"488":1,"490":1,"492":1,"493":0,"494":0,"496":1,"497":1,"498":1,"499":1,"501":1,"502":1,"503":0,"504":0,"505":0,"506":1,"507":10,"508":10,"509":0,"510":0,"511":0,"512":0,"513":0,"514":0,"515":0,"516":0,"517":0,"520":0,"521":0,"522":0,"525":0,"526":0,"527":0,"528":0,"529":0,"530":0,"531":0,"532":0,"533":0,"534":0,"535":0,"536":0,"537":0,"539":10,"540":10,"541":1,"542":1,"543":1,"544":1,"545":1,"546":1,"547":1,"548":1,"549":1,"550":1,"553":1,"554":1,"555":1,"556":1,"557":1,"560":1,"561":4,"563":4,"564":0,"565":0,"566":0,"567":0,"568":0,"569":0,"571":0,"572":0,"573":0,"574":0,"575":0,"576":0,"577":0,"578":0,"579":0,"580":0,"581":0,"582":0,"584":0,"585":0,"586":4,"587":4,"588":4,"589":4,"590":1,"591":1,"592":1,"593":1,"594":1,"595":0,"596":0,"597":1,"599":10,"600":4,"601":4,"602":4,"603":10,"605":10,"606":5,"607":1,"608":1,"609":1,"610":1,"611":10,"613":10,"614":10,"615":0,"616":0,"617":0,"618":0,"619":0,"620":0,"621":0,"622":0,"623":0,"624":0,"625":0,"626":10,"627":10,"628":0,"629":0,"630":0,"631":0,"632":0,"633":0,"634":0,"635":10,"636":1,"638":1,"640":1,"641":1,"642":1,"644":1,"645":1,"646":0,"648":0,"649":0,"650":0,"651":0,"652":0,"653":0,"654":0,"655":0,"656":0,"657":0,"658":0,"659":0,"660":0,"661":0,"662":0,"663":0,"664":0,"665":0,"666":0,"668":10,"669":4,"670":0,"671":0,"672":0,"673":10,"675":10,"676":4,"677":10,"679":10,"680":0,"681":0,"682":0,"683":0,"684":0,"685":0,"686":0,"687":0,"688":0,"689":0,"690":0,"691":0,"692":0,"693":0,"694":0,"695":0,"697":0,"698":0,"699":0,"700":0,"702":0,"703":0,"705":10,"706":4,"707":4,"708":10,"710":10,"711":10,"712":0,"713":0,"714":0,"715":0,"716":0,"719":0,"720":0,"721":0,"722":0,"723":0,"724":0,"725":0,"726":0,"727":0,"728":0,"729":0,"730":0,"731":0,"732":0,"733":0,"734":0,"735":0,"736":0,"738":10,"739":5,"741":5,"742":1,"743":0,"744":1,"745":5,"746":0,"747":0,"749":5,"750":5,"751":1,"752":1,"753":5,"754":10,"756":10,"757":10,"758":0,"759":0,"760":0,"761":0,"762":0,"763":0,"764":0,"765":0,"766":0,"768":10,"769":10,"770":0,"771":0,"772":0,"773":0,"775":10,"776":10,"777":10,"778":10,"779":10,"783":10,"784":10,"785":10,"786":10,"788":10,"791":10,"792":10,"793":10,"794":10,"795":10,"798":10,"799":10,"800":10,"803":10,"804":10,"805":10,"811":10,"812":10,"813":10,"814":10,"815":10,"816":10,"820":10,"827":10,"828":10,"831":10,"832":10,"833":10,"836":10,"837":10,"838":10,"842":10,"843":10,"844":10,"845":10,"846":10,"847":10,"848":10,"853":10,"854":10,"855":10,"856":10,"857":10,"862":10,"863":10,"864":10,"865":10,"866":10,"871":10,"872":10,"873":10,"874":10,"875":10,"876":10,"877":10,"879":10,"886":10,"887":10,"888":10,"889":10,"890":10,"891":10,"893":10,"895":10,"896":10,"897":10,"898":10,"899":10,"902":10,"903":10,"904":10,"905":10,"906":10,"907":10,"909":10,"910":10,"911":10,"919":10,"920":10,"922":10,"923":0,"924":0,"925":0,"926":0,"928":0,"929":0,"930":0,"931":0,"932":0,"933":0,"934":0,"935":0,"936":0,"937":0,"938":0,"939":0,"940":0,"941":0,"942":0,"943":0,"946":0,"950":10,"951":10,"952":10,"953":10,"954":10,"955":10,"956":10,"957":10,"958":10,"959":10,"961":10,"962":10,"963":10,"964":10,"965":10,"966":10,"967":10,"969":10,"970":10,"971":10,"972":10,"973":10,"978":10,"979":10,"980":10,"981":10,"982":0,"983":0,"984":0,"985":10,"986":10,"991":10,"994":10,"995":10,"996":10,"997":10,"998":10,"999":10,"1007":10,"1009":1},"branchMap":{"0":{"type":"branch","line":6,"loc":{"start":{"line":6,"column":18},"end":{"line":1008,"column":2}},"locations":[{"start":{"line":6,"column":18},"end":{"line":1008,"column":2}}]},"1":{"type":"branch","line":816,"loc":{"start":{"line":816,"column":13},"end":{"line":816,"column":55}},"locations":[{"start":{"line":816,"column":13},"end":{"line":816,"column":55}}]},"2":{"type":"branch","line":921,"loc":{"start":{"line":921,"column":39},"end":{"line":921,"column":72}},"locations":[{"start":{"line":921,"column":39},"end":{"line":921,"column":72}}]},"3":{"type":"branch","line":921,"loc":{"start":{"line":921,"column":53},"end":{"line":921,"column":75}},"locations":[{"start":{"line":921,"column":53},"end":{"line":921,"column":75}}]},"4":{"type":"branch","line":923,"loc":{"start":{"line":923,"column":25},"end":{"line":947,"column":24}},"locations":[{"start":{"line":923,"column":25},"end":{"line":947,"column":24}}]},"5":{"type":"branch","line":952,"loc":{"start":{"line":952,"column":9},"end":{"line":952,"column":36}},"locations":[{"start":{"line":952,"column":9},"end":{"line":952,"column":36}}]},"6":{"type":"branch","line":952,"loc":{"start":{"line":952,"column":24},"end":{"line":952,"column":73}},"locations":[{"start":{"line":952,"column":24},"end":{"line":952,"column":73}}]},"7":{"type":"branch","line":52,"loc":{"start":{"line":52,"column":25},"end":{"line":98,"column":4}},"locations":[{"start":{"line":52,"column":25},"end":{"line":98,"column":4}}]},"8":{"type":"branch","line":53,"loc":{"start":{"line":53,"column":42},"end":{"line":72,"column":5}},"locations":[{"start":{"line":53,"column":42},"end":{"line":72,"column":5}}]},"9":{"type":"branch","line":72,"loc":{"start":{"line":72,"column":4},"end":{"line":98,"column":4}},"locations":[{"start":{"line":72,"column":4},"end":{"line":98,"column":4}}]},"10":{"type":"branch","line":63,"loc":{"start":{"line":63,"column":6},"end":{"line":63,"column":59}},"locations":[{"start":{"line":63,"column":6},"end":{"line":63,"column":59}}]},"11":{"type":"branch","line":101,"loc":{"start":{"line":101,"column":4},"end":{"line":101,"column":42}},"locations":[{"start":{"line":101,"column":4},"end":{"line":101,"column":42}}]},"12":{"type":"branch","line":177,"loc":{"start":{"line":177,"column":31},"end":{"line":189,"column":4}},"locations":[{"start":{"line":177,"column":31},"end":{"line":189,"column":4}}]},"13":{"type":"branch","line":185,"loc":{"start":{"line":185,"column":4},"end":{"line":188,"column":5}},"locations":[{"start":{"line":185,"column":4},"end":{"line":188,"column":5}}]},"14":{"type":"branch","line":223,"loc":{"start":{"line":223,"column":12},"end":{"line":228,"column":5}},"locations":[{"start":{"line":223,"column":12},"end":{"line":228,"column":5}}]},"15":{"type":"branch","line":224,"loc":{"start":{"line":224,"column":27},"end":{"line":227,"column":5}},"locations":[{"start":{"line":224,"column":27},"end":{"line":227,"column":5}}]},"16":{"type":"branch","line":255,"loc":{"start":{"line":255,"column":24},"end":{"line":299,"column":4}},"locations":[{"start":{"line":255,"column":24},"end":{"line":299,"column":4}}]},"17":{"type":"branch","line":264,"loc":{"start":{"line":264,"column":24},"end":{"line":266,"column":7}},"locations":[{"start":{"line":264,"column":24},"end":{"line":266,"column":7}}]},"18":{"type":"branch","line":291,"loc":{"start":{"line":291,"column":37},"end":{"line":293,"column":7}},"locations":[{"start":{"line":291,"column":37},"end":{"line":293,"column":7}}]},"19":{"type":"branch","line":296,"loc":{"start":{"line":296,"column":6},"end":{"line":298,"column":5}},"locations":[{"start":{"line":296,"column":6},"end":{"line":298,"column":5}}]},"20":{"type":"branch","line":270,"loc":{"start":{"line":270,"column":53},"end":{"line":270,"column":80}},"locations":[{"start":{"line":270,"column":53},"end":{"line":270,"column":80}}]},"21":{"type":"branch","line":275,"loc":{"start":{"line":275,"column":55},"end":{"line":278,"column":9}},"locations":[{"start":{"line":275,"column":55},"end":{"line":278,"column":9}}]},"22":{"type":"branch","line":301,"loc":{"start":{"line":301,"column":24},"end":{"line":333,"column":4}},"locations":[{"start":{"line":301,"column":24},"end":{"line":333,"column":4}}]},"23":{"type":"branch","line":313,"loc":{"start":{"line":313,"column":24},"end":{"line":315,"column":7}},"locations":[{"start":{"line":313,"column":24},"end":{"line":315,"column":7}}]},"24":{"type":"branch","line":325,"loc":{"start":{"line":325,"column":54},"end":{"line":327,"column":13}},"locations":[{"start":{"line":325,"column":54},"end":{"line":327,"column":13}}]},"25":{"type":"branch","line":330,"loc":{"start":{"line":330,"column":6},"end":{"line":332,"column":5}},"locations":[{"start":{"line":330,"column":6},"end":{"line":332,"column":5}}]},"26":{"type":"branch","line":336,"loc":{"start":{"line":336,"column":27},"end":{"line":465,"column":4}},"locations":[{"start":{"line":336,"column":27},"end":{"line":465,"column":4}}]},"27":{"type":"branch","line":337,"loc":{"start":{"line":337,"column":29},"end":{"line":337,"column":75}},"locations":[{"start":{"line":337,"column":29},"end":{"line":337,"column":75}}]},"28":{"type":"branch","line":346,"loc":{"start":{"line":346,"column":27},"end":{"line":453,"column":6}},"locations":[{"start":{"line":346,"column":27},"end":{"line":453,"column":6}}]},"29":{"type":"branch","line":363,"loc":{"start":{"line":363,"column":8},"end":{"line":367,"column":16}},"locations":[{"start":{"line":363,"column":8},"end":{"line":367,"column":16}}]},"30":{"type":"branch","line":369,"loc":{"start":{"line":369,"column":8},"end":{"line":379,"column":16}},"locations":[{"start":{"line":369,"column":8},"end":{"line":379,"column":16}}]},"31":{"type":"branch","line":381,"loc":{"start":{"line":381,"column":8},"end":{"line":395,"column":16}},"locations":[{"start":{"line":381,"column":8},"end":{"line":395,"column":16}}]},"32":{"type":"branch","line":397,"loc":{"start":{"line":397,"column":8},"end":{"line":408,"column":16}},"locations":[{"start":{"line":397,"column":8},"end":{"line":408,"column":16}}]},"33":{"type":"branch","line":410,"loc":{"start":{"line":410,"column":8},"end":{"line":412,"column":16}},"locations":[{"start":{"line":410,"column":8},"end":{"line":412,"column":16}}]},"34":{"type":"branch","line":414,"loc":{"start":{"line":414,"column":8},"end":{"line":416,"column":16}},"locations":[{"start":{"line":414,"column":8},"end":{"line":416,"column":16}}]},"35":{"type":"branch","line":418,"loc":{"start":{"line":418,"column":8},"end":{"line":434,"column":16}},"locations":[{"start":{"line":418,"column":8},"end":{"line":434,"column":16}}]},"36":{"type":"branch","line":436,"loc":{"start":{"line":436,"column":8},"end":{"line":442,"column":16}},"locations":[{"start":{"line":436,"column":8},"end":{"line":442,"column":16}}]},"37":{"type":"branch","line":444,"loc":{"start":{"line":444,"column":8},"end":{"line":447,"column":16}},"locations":[{"start":{"line":444,"column":8},"end":{"line":447,"column":16}}]},"38":{"type":"branch","line":449,"loc":{"start":{"line":449,"column":8},"end":{"line":451,"column":31}},"locations":[{"start":{"line":449,"column":8},"end":{"line":451,"column":31}}]},"39":{"type":"branch","line":359,"loc":{"start":{"line":359,"column":35},"end":{"line":359,"column":55}},"locations":[{"start":{"line":359,"column":35},"end":{"line":359,"column":55}}]},"40":{"type":"branch","line":456,"loc":{"start":{"line":456,"column":25},"end":{"line":458,"column":6}},"locations":[{"start":{"line":456,"column":25},"end":{"line":458,"column":6}}]},"41":{"type":"branch","line":467,"loc":{"start":{"line":467,"column":12},"end":{"line":472,"column":5}},"locations":[{"start":{"line":467,"column":12},"end":{"line":472,"column":5}}]},"42":{"type":"branch","line":468,"loc":{"start":{"line":468,"column":25},"end":{"line":468,"column":43}},"locations":[{"start":{"line":468,"column":25},"end":{"line":468,"column":43}}]},"43":{"type":"branch","line":468,"loc":{"start":{"line":468,"column":43},"end":{"line":471,"column":5}},"locations":[{"start":{"line":468,"column":43},"end":{"line":471,"column":5}}]},"44":{"type":"branch","line":474,"loc":{"start":{"line":474,"column":12},"end":{"line":476,"column":5}},"locations":[{"start":{"line":474,"column":12},"end":{"line":476,"column":5}}]},"45":{"type":"branch","line":478,"loc":{"start":{"line":478,"column":33},"end":{"line":507,"column":4}},"locations":[{"start":{"line":478,"column":33},"end":{"line":507,"column":4}}]},"46":{"type":"branch","line":493,"loc":{"start":{"line":493,"column":24},"end":{"line":495,"column":7}},"locations":[{"start":{"line":493,"column":24},"end":{"line":495,"column":7}}]},"47":{"type":"branch","line":503,"loc":{"start":{"line":503,"column":6},"end":{"line":506,"column":5}},"locations":[{"start":{"line":503,"column":6},"end":{"line":506,"column":5}}]},"48":{"type":"branch","line":541,"loc":{"start":{"line":541,"column":30},"end":{"line":598,"column":4}},"locations":[{"start":{"line":541,"column":30},"end":{"line":598,"column":4}}]},"49":{"type":"branch","line":561,"loc":{"start":{"line":561,"column":56},"end":{"line":590,"column":7}},"locations":[{"start":{"line":561,"column":56},"end":{"line":590,"column":7}}]},"50":{"type":"branch","line":564,"loc":{"start":{"line":564,"column":28},"end":{"line":587,"column":15}},"locations":[{"start":{"line":564,"column":28},"end":{"line":587,"column":15}}]},"51":{"type":"branch","line":595,"loc":{"start":{"line":595,"column":6},"end":{"line":597,"column":5}},"locations":[{"start":{"line":595,"column":6},"end":{"line":597,"column":5}}]},"52":{"type":"branch","line":551,"loc":{"start":{"line":551,"column":8},"end":{"line":551,"column":44}},"locations":[{"start":{"line":551,"column":8},"end":{"line":551,"column":44}}]},"53":{"type":"branch","line":600,"loc":{"start":{"line":600,"column":12},"end":{"line":604,"column":5}},"locations":[{"start":{"line":600,"column":12},"end":{"line":604,"column":5}}]},"54":{"type":"branch","line":606,"loc":{"start":{"line":606,"column":12},"end":{"line":612,"column":5}},"locations":[{"start":{"line":606,"column":12},"end":{"line":612,"column":5}}]},"55":{"type":"branch","line":607,"loc":{"start":{"line":607,"column":21},"end":{"line":611,"column":5}},"locations":[{"start":{"line":607,"column":21},"end":{"line":611,"column":5}}]},"56":{"type":"branch","line":608,"loc":{"start":{"line":608,"column":36},"end":{"line":610,"column":9}},"locations":[{"start":{"line":608,"column":36},"end":{"line":610,"column":9}}]},"57":{"type":"branch","line":636,"loc":{"start":{"line":636,"column":28},"end":{"line":667,"column":4}},"locations":[{"start":{"line":636,"column":28},"end":{"line":667,"column":4}}]},"58":{"type":"branch","line":646,"loc":{"start":{"line":646,"column":4},"end":{"line":667,"column":4}},"locations":[{"start":{"line":646,"column":4},"end":{"line":667,"column":4}}]},"59":{"type":"branch","line":669,"loc":{"start":{"line":669,"column":12},"end":{"line":674,"column":5}},"locations":[{"start":{"line":669,"column":12},"end":{"line":674,"column":5}}]},"60":{"type":"branch","line":670,"loc":{"start":{"line":670,"column":27},"end":{"line":673,"column":5}},"locations":[{"start":{"line":670,"column":27},"end":{"line":673,"column":5}}]},"61":{"type":"branch","line":676,"loc":{"start":{"line":676,"column":12},"end":{"line":678,"column":5}},"locations":[{"start":{"line":676,"column":12},"end":{"line":678,"column":5}}]},"62":{"type":"branch","line":706,"loc":{"start":{"line":706,"column":12},"end":{"line":709,"column":5}},"locations":[{"start":{"line":706,"column":12},"end":{"line":709,"column":5}}]},"63":{"type":"branch","line":739,"loc":{"start":{"line":739,"column":12},"end":{"line":755,"column":5}},"locations":[{"start":{"line":739,"column":12},"end":{"line":755,"column":5}}]},"64":{"type":"branch","line":742,"loc":{"start":{"line":742,"column":8},"end":{"line":742,"column":37}},"locations":[{"start":{"line":742,"column":8},"end":{"line":742,"column":37}}]},"65":{"type":"branch","line":742,"loc":{"start":{"line":742,"column":37},"end":{"line":746,"column":11}},"locations":[{"start":{"line":742,"column":37},"end":{"line":746,"column":11}}]},"66":{"type":"branch","line":746,"loc":{"start":{"line":746,"column":4},"end":{"line":748,"column":5}},"locations":[{"start":{"line":746,"column":4},"end":{"line":748,"column":5}}]},"67":{"type":"branch","line":746,"loc":{"start":{"line":746,"column":28},"end":{"line":746,"column":41}},"locations":[{"start":{"line":746,"column":28},"end":{"line":746,"column":41}}]},"68":{"type":"branch","line":746,"loc":{"start":{"line":746,"column":41},"end":{"line":748,"column":5}},"locations":[{"start":{"line":746,"column":41},"end":{"line":748,"column":5}}]},"69":{"type":"branch","line":750,"loc":{"start":{"line":750,"column":11},"end":{"line":754,"column":6}},"locations":[{"start":{"line":750,"column":11},"end":{"line":754,"column":6}}]},"70":{"type":"branch","line":751,"loc":{"start":{"line":751,"column":17},"end":{"line":753,"column":7}},"locations":[{"start":{"line":751,"column":17},"end":{"line":753,"column":7}}]}},"b":{"0":[10],"1":[4],"2":[8],"3":[2],"4":[0],"5":[2],"6":[0],"7":[8],"8":[4],"9":[0],"10":[8],"11":[8],"12":[5],"13":[0],"14":[4],"15":[0],"16":[5],"17":[0],"18":[0],"19":[0],"20":[10],"21":[10],"22":[1],"23":[0],"24":[0],"25":[0],"26":[4],"27":[0],"28":[1],"29":[0],"30":[0],"31":[0],"32":[0],"33":[0],"34":[0],"35":[0],"36":[0],"37":[0],"38":[0],"39":[1],"40":[1],"41":[9],"42":[5],"43":[1],"44":[4],"45":[1],"46":[0],"47":[0],"48":[1],"49":[4],"50":[0],"51":[0],"52":[2],"53":[4],"54":[5],"55":[1],"56":[1],"57":[1],"58":[0],"59":[4],"60":[0],"61":[4],"62":[4],"63":[5],"64":[1],"65":[1],"66":[4],"67":[0],"68":[0],"69":[5],"70":[1]},"fnMap":{"0":{"name":"BoardPage","decl":{"start":{"line":6,"column":18},"end":{"line":1008,"column":2}},"loc":{"start":{"line":6,"column":18},"end":{"line":1008,"column":2}},"line":6},"1":{"name":"reorderPlayers","decl":{"start":{"line":52,"column":25},"end":{"line":98,"column":4}},"loc":{"start":{"line":52,"column":25},"end":{"line":98,"column":4}},"line":52},"2":{"name":"handleResetFigureCards","decl":{"start":{"line":105,"column":33},"end":{"line":122,"column":4}},"loc":{"start":{"line":105,"column":33},"end":{"line":122,"column":4}},"line":105},"3":{"name":"useFigureCard","decl":{"start":{"line":125,"column":24},"end":{"line":159,"column":4}},"loc":{"start":{"line":125,"column":24},"end":{"line":159,"column":4}},"line":125},"4":{"name":"handleUseFigure","decl":{"start":{"line":162,"column":26},"end":{"line":175,"column":4}},"loc":{"start":{"line":162,"column":26},"end":{"line":175,"column":4}},"line":162},"5":{"name":"handleFiguresFetched","decl":{"start":{"line":177,"column":31},"end":{"line":189,"column":4}},"loc":{"start":{"line":177,"column":31},"end":{"line":189,"column":4}},"line":177},"6":{"name":"handleFigureSelected","decl":{"start":{"line":191,"column":31},"end":{"line":217,"column":4}},"loc":{"start":{"line":191,"column":31},"end":{"line":217,"column":4}},"line":191},"7":{"name":"isTokenHighlighted","decl":{"start":{"line":219,"column":29},"end":{"line":221,"column":4}},"loc":{"start":{"line":219,"column":29},"end":{"line":221,"column":4}},"line":219},"8":{"name":"handleTokenClickHigh","decl":{"start":{"line":231,"column":31},"end":{"line":242,"column":4}},"loc":{"start":{"line":231,"column":31},"end":{"line":242,"column":4}},"line":231},"9":{"name":"handleCardClickB","decl":{"start":{"line":244,"column":27},"end":{"li
[...]
"line":53,"column":24},"end":{"line":102,"column":4}}]},"8":{"type":"branch","line":61,"loc":{"start":{"line":61,"column":29},"end":{"line":63,"column":7}},"locations":[{"start":{"line":61,"column":29},"end":{"line":63,"column":7}}]},"9":{"type":"branch","line":65,"loc":{"start":{"line":65,"column":32},"end":{"line":70,"column":7}},"locations":[{"start":{"line":65,"column":32},"end":{"line":70,"column":7}}]},"10":{"type":"branch","line":81,"loc":{"start":{"line":81,"column":37},"end":{"line":87,"column":9}},"locations":[{"start":{"line":81,"column":37},"end":{"line":87,"column":9}}]},"11":{"type":"branch","line":89,"loc":{"start":{"line":89,"column":26},"end":{"line":89,"column":105}},"locations":[{"start":{"line":89,"column":26},"end":{"line":89,"column":105}}]},"12":{"type":"branch","line":97,"loc":{"start":{"line":97,"column":6},"end":{"line":99,"column":14}},"locations":[{"start":{"line":97,"column":6},"end":{"line":99,"column":14}}]},"13":{"type":"branch","line":95,"loc":{"start":{"line":95,"column":56},"end":{"line":95,"column":83}},"locations":[{"start":{"line":95,"column":56},"end":{"line":95,"column":83}}]},"14":{"type":"branch","line":177,"loc":{"start":{"line":177,"column":12},"end":{"line":181,"column":5}},"locations":[{"start":{"line":177,"column":12},"end":{"line":181,"column":5}}]},"15":{"type":"branch","line":178,"loc":{"start":{"line":178,"column":8},"end":{"line":178,"column":46}},"locations":[{"start":{"line":178,"column":8},"end":{"line":178,"column":46}}]},"16":{"type":"branch","line":178,"loc":{"start":{"line":178,"column":46},"end":{"line":180,"column":5}},"locations":[{"start":{"line":178,"column":46},"end":{"line":180,"column":5}}]},"17":{"type":"branch","line":188,"loc":{"start":{"line":188,"column":24},"end":{"line":193,"column":11}},"locations":[{"start":{"line":188,"column":24},"end":{"line":193,"column":11}}]},"18":{"type":"branch","line":197,"loc":{"start":{"line":197,"column":22},"end":{"line":197,"column":92}},"locations":[{"start":{"line":197,"column":22},"end":{"line":197,"column":92}}]},"19":{"type":"branch","line":242,"loc":{"start":{"line":242,"column":42},"end":{"line":242,"column":57}},"locations":[{"start":{"line":242,"column":42},"end":{"line":242,"column":57}}]},"20":{"type":"branch","line":255,"loc":{"start":{"line":255,"column":37},"end":{"line":255,"column":57}},"locations":[{"start":{"line":255,"column":37},"end":{"line":255,"column":57}}]}},"b":{"0":[9],"1":[6],"2":[3],"3":[2],"4":[1],"5":[0],"6":[1],"7":[1],"8":[0],"9":[0],"10":[0],"11":[0],"12":[0],"13":[1],"14":[7],"15":[1],"16":[1],"17":[1],"18":[5],"19":[0],"20":[0]},"fnMap":{"0":{"name":"ListGames","decl":{"start":{"line":3,"column":18},"end":{"line":265,"column":2}},"loc":{"start":{"line":3,"column":18},"end":{"line":265,"column":2}},"line":3},"1":{"name":"fetchGamesByName","decl":{"start":{"line":14,"column":27},"end":{"line":31,"column":4}},"loc":{"start":{"line":14,"column":27},"end":{"line":31,"column":4}},"line":14},"2":{"name":"fetchGamesByPlayers","decl":{"start":{"line":33,"column":30},"end":{"line":50,"column":4}},"loc":{"start":{"line":33,"column":30},"end":{"line":50,"column":4}},"line":33},"3":{"name":"handleListGames","decl":{"start":{"line":53,"column":24},"end":{"line":102,"column":4}},"loc":{"start":{"line":53,"column":24},"end":{"line":102,"column":4}},"line":53},"4":{"name":"handleJoinGame","decl":{"start":{"line":105,"column":25},"end":{"line":174,"column":4}},"loc":{"start":{"line":105,"column":25},"end":{"line":174,"column":4}},"line":105},"5":{"name":"onSubmit","decl":{"start":{"line":188,"column":24},"end":{"line":193,"column":11}},"loc":{"start":{"line":188,"column":24},"end":{"line":193,"column":11}},"line":188},"6":{"name":"onChange","decl":{"start":{"line":197,"column":22},"end":{"line":197,"column":92}},"loc":{"start":{"line":197,"column":22},"end":{"line":197,"column":92}},"line":197},"7":{"name":"onChange","decl":{"start":{"line":226,"column":20},"end":{"line":226,"column":101}},"loc":{"start":{"line":226,"column":20},"end":{"line":226,"column":101}},"line":226},"8":{"name":"onChange","decl":{"start":{"line":232,"column":20},"end":{"line":232,"column":107}},"loc":{"start":{"line":232,"column":20},"end":{"line":232,"column":107}},"line":232},"9":{"name":"onChange","decl":{"start":{"line":247,"column":26},"end":{"line":247,"column":66}},"loc":{"start":{"line":247,"column":26},"end":{"line":247,"column":66}},"line":247},"10":{"name":"onClick","decl":{"start":{"line":252,"column":23},"end":{"line":252,"column":119}},"loc":{"start":{"line":252,"column":23},"end":{"line":252,"column":119}},"line":252}},"f":{"0":9,"1":0,"2":0,"3":1,"4":0,"5":1,"6":5,"7":0,"8":0,"9":0,"10":0}}
,"/home/mat/Documents/El Switcher/frontend/El Switcher/src/components/movement.jsx": {"path":"/home/mat/Documents/El Switcher/frontend/El Switcher/src/components/movement.jsx","all":false,"statementMap":{"0":{"start":{"line":1,"column":0},"end":{"line":1,"column":59}},"2":{"start":{"line":3,"column":0},"end":{"line":3,"column":74}},"3":{"start":{"line":4,"column":0},"end":{"line":4,"column":57}},"4":{"start":{"line":5,"column":0},"end":{"line":5,"column":59}},"5":{"start":{"line":6,"column":0},"end":{"line":6,"column":74}},"6":{"start":{"line":7,"column":0},"end":{"line":7,"column":95}},"7":{"start":{"line":8,"column":0},"end":{"line":8,"column":54}},"8":{"start":{"line":9,"column":0},"end":{"line":9,"column":77}},"10":{"start":{"line":11,"column":0},"end":{"line":11,"column":94}},"11":{"start":{"line":12,"column":0},"end":{"line":12,"column":39}},"12":{"start":{"line":13,"column":0},"end":{"line":13,"column":9}},"13":{"start":{"line":14,"column":0},"end":{"line":14,"column":83}},"14":{"start":{"line":15,"column":0},"end":{"line":15,"column":22}},"15":{"start":{"line":16,"column":0},"end":{"line":16,"column":18}},"16":{"start":{"line":17,"column":0},"end":{"line":17,"column":45}},"17":{"start":{"line":18,"column":0},"end":{"line":18,"column":10}},"18":{"start":{"line":19,"column":0},"end":{"line":19,"column":9}},"20":{"start":{"line":21,"column":0},"end":{"line":21,"column":25}},"21":{"start":{"line":22,"column":0},"end":{"line":22,"column":48}},"22":{"start":{"line":23,"column":0},"end":{"line":23,"column":82}},"23":{"start":{"line":24,"column":0},"end":{"line":24,"column":85}},"24":{"start":{"line":25,"column":0},"end":{"line":25,"column":7}},"26":{"start":{"line":27,"column":0},"end":{"line":27,"column":41}},"27":{"start":{"line":28,"column":0},"end":{"line":28,"column":58}},"28":{"start":{"line":29,"column":0},"end":{"line":29,"column":35}},"29":{"start":{"line":30,"column":0},"end":{"line":30,"column":31}},"30":{"start":{"line":31,"column":0},"end":{"line":31,"column":21}},"31":{"start":{"line":32,"column":0},"end":{"line":32,"column":27}},"32":{"start":{"line":33,"column":0},"end":{"line":33,"column":16}},"33":{"start":{"line":34,"column":0},"end":{"line":34,"column":5}},"34":{"start":{"line":35,"column":0},"end":{"line":35,"column":4}},"36":{"start":{"line":37,"column":0},"end":{"line":37,"column":54}},"37":{"start":{"line":38,"column":0},"end":{"line":38,"column":9}},"38":{"start":{"line":39,"column":0},"end":{"line":39,"column":95}},"39":{"start":{"line":40,"column":0},"end":{"line":40,"column":23}},"40":{"start":{"line":41,"column":0},"end":{"line":41,"column":18}},"41":{"start":{"line":42,"column":0},"end":{"line":42,"column":45}},"42":{"start":{"line":43,"column":0},"end":{"line":43,"column":10}},"43":{"start":{"line":44,"column":0},"end":{"line":44,"column":30}},"44":{"start":{"line":45,"column":0},"end":{"line":45,"column":26}},"45":{"start":{"line":46,"column":0},"end":{"line":46,"column":30}},"46":{"start":{"line":47,"column":0},"end":{"line":47,"column":11}},"47":{"start":{"line":48,"column":0},"end":{"line":48,"column":9}},"49":{"start":{"line":50,"column":0},"end":{"line":50,"column":36}},"50":{"start":{"line":51,"column":0},"end":{"line":51,"column":66}},"51":{"start":{"line":52,"column":0},"end":{"line":52,"column":57}},"52":{"start":{"line":53,"column":0},"end":{"line":53,"column":62}},"53":{"start":{"line":54,"column":0},"end":{"line":54,"column":7}},"55":{"start":{"line":56,"column":0},"end":{"line":56,"column":25}},"56":{"start":{"line":57,"column":0},"end":{"line":57,"column":66}},"57":{"start":{"line":58,"column":0},"end":{"line":58,"column":7}},"59":{"start":{"line":60,"column":0},"end":{"line":60,"column":41}},"60":{"start":{"line":61,"column":0},"end":{"line":61,"column":56}},"61":{"start":{"line":62,"column":0},"end":{"line":62,"column":21}},"62":{"start":{"line":63,"column":0},"end":{"line":63,"column":70}},"63":{"start":{"line":64,"column":0},"end":{"line":64,"column":5}},"64":{"start":{"line":65,"column":0},"end":{"line":65,"column":4}},"66":{"start":{"line":67,"column":0},"end":{"line":67,"column":53}},"67":{"start":{"line":68,"column":0},"end":{"line":68,"column":37}},"68":{"start":{"line":69,"column":0},"end":{"line":69,"column":47}},"69":{"start":{"line":70,"column":0},"end":{"line":70,"column":54}},"70":{"start":{"line":71,"column":0},"end":{"line":71,"column":47}},"71":{"start":{"line":72,"column":0},"end":{"line":72,"column":12}},"72":{"start":{"line":73,"column":0},"end":{"line":73,"column":61}},"73":{"start":{"line":74,"column":0},"end":{"line":74,"column":77}},"74":{"start":{"line":75,"column":0},"end":{"line":75,"column":5}},"75":{"start":{"line":76,"column":0},"end":{"line":76,"column":4}},"77":{"start":{"line":78,"column":0},"end":{"line":78,"column":41}},"78":{"start":{"line":79,"column":0},"end":{"line":79,"column":24}},"79":{"start":{"line":80,"column":0},"end":{"line":80,"column":47}},"80":{"start":{"line":81,"column":0},"end":{"line":81,"column":13}},"81":{"start":{"line":82,"column":0},"end":{"line":82,"column":5}},"83":{"start":{"line":84,"column":0},"end":{"line":84,"column":43}},"84":{"start":{"line":85,"column":0},"end":{"line":85,"column":52}},"85":{"start":{"line":86,"column":0},"end":{"line":86,"column":71}},"86":{"start":{"line":87,"column":0},"end":{"line":87,"column":13}},"87":{"start":{"line":88,"column":0},"end":{"line":88,"column":5}},"89":{"start":{"line":90,"column":0},"end":{"line":90,"column":38}},"90":{"start":{"line":91,"column":0},"end":{"line":91,"column":50}},"91":{"start":{"line":92,"column":0},"end":{"line":92,"column":66}},"92":{"start":{"line":93,"column":0},"end":{"line":93,"column":13}},"93":{"start":{"line":94,"column":0},"end":{"line":94,"column":5}},"95":{"start":{"line":96,"column":0},"end":{"line":96,"column":38}},"96":{"start":{"line":97,"column":0},"end":{"line":97,"column":50}},"97":{"start":{"line":98,"column":0},"end":{"line":98,"column":86}},"99":{"start":{"line":100,"column":0},"end":{"line":100,"column":68}},"100":{"start":{"line":101,"column":0},"end":{"line":101,"column":68}},"101":{"start":{"line":102,"column":0},"end":{"line":102,"column":5}},"102":{"start":{"line":103,"column":0},"end":{"line":103,"column":4}},"104":{"start":{"line":105,"column":0},"end":{"line":105,"column":40}},"105":{"start":{"line":106,"column":0},"end":{"line":106,"column":61}},"106":{"start":{"line":107,"column":0},"end":{"line":107,"column":9}},"107":{"start":{"line":108,"column":0},"end":{"line":108,"column":81}},"108":{"start":{"line":109,"column":0},"end":{"line":109,"column":22}},"109":{"start":{"line":110,"column":0},"end":{"line":110,"column":18}},"110":{"start":{"line":111,"column":0},"end":{"line":111,"column":45}},"111":{"start":{"line":112,"column":0},"end":{"line":112,"column":10}},"112":{"start":{"line":113,"column":0},"end":{"line":113,"column":30}},"113":{"start":{"line":114,"column":0},"end":{"line":114,"column":26}},"114":{"start":{"line":115,"column":0},"end":{"line":115,"column":28}},"115":{"start":{"line":116,"column":0},"end":{"line":116,"column":26}},"116":{"start":{"line":117,"column":0},"end":{"line":117,"column":30}},"117":{"start":{"line":118,"column":0},"end":{"line":118,"column":30}},"118":{"start":{"line":119,"column":0},"end":{"line":119,"column":11}},"119":{"start":{"line":120,"column":0},"end":{"line":120,"column":9}},"121":{"start":{"line":122,"column":0},"end":{"line":122,"column":36}},"122":{"start":{"line":123,"column":0},"end":{"line":123,"column":66}},"123":{"start":{"line":124,"column":0},"end":{"line":124,"column":45}},"124":{"start":{"line":125,"column":0},"end":{"line":125,"column":30}},"125":{"start":{"line":126,"column":0},"end":{"line":126,"column":30}},"126":{"start":{"line":127,"column":0},"end":{"line":127,"column":62}},"127":{"start":{"line":128,"column":0},"end":{"line":128,"column":7}},"129":{"start":{"line":130,"column":0},"end":{"line":130,"column":25}},"130":{"start":{"line":131,"column":0},"end":{"line":131,"column":59}},"131":{"start":{"line":132,"column":0},"end":{"line":132,"column":7}},"133":{"start":{"line":134,"column":0},"end":{"line":134,"column":41}},"134":{"start":{"line":135,"column":0},"end":{"line":135,"column":59}},"135":{"start":{"line":136,"column":0},"end":{"line":136,"column":28}},"136":{"start":{"line":137,"column":0},"end":{"line":137,"column":28}},"137":{"start":{"line":138,"column":0},"end":{"line":138,"column":21}},"138":{"start":{"line":139,"column":0},"end":{"line":139,"column":63}},"139":{"start":{"line":140,"column":0},"end":{"line":140,"column":5}},"140":{"start":{"line":141,"column":0},"end":{"line":141,"column":26}},"141":{"start":{"line":142,"column":0},"end":{"line":142,"column":26}},"142":{"start":{"line":143,"column":0},"end":{"line":143,"column":4}},"144":{"start":{"line":145,"column":0},"end":{"line":145,"column":10}},"145":{"start":{"line":146,"column":0},"end":{"line":146,"column":20}},"146":{"start":{"line":147,"column":0},"end":{"line":147,"column":21}},"147":{"start":{"line":148,"column":0},"end":{"line":148,"column":11}},"148":{"start":{"line":149,"column":0},"end":{"line":149,"column":17}},"149":{"start":{"line":150,"column":0},"end":{"line":150,"column":19}},"150":{"start":{"line":151,"column":0},"end":{"line":151,"column":20}},"151":{"start":{"line":152,"column":0},"end":{"line":152,"column":19}},"152":{"start":{"line":153,"column":0},"end":{"line":153,"column":4}},"153":{"start":{"line":154,"column":0},"end":{"line":154,"column":2}},"155":{"start":{"line":156,"column":0},"end":{"line":156,"column":24}}},"s":{"0":1,"2":1,"3":39,"4":39,"5":39,"6":39,"7":39,"8":39,"10":39,"11":39,"12":3,"13":3,"14":3,"15":3,"16":3,"17":3,"18":3,"20":3,"21":1,"22":1,"23":1,"24":1,"26":2,"27":2,"28":3,"29":3,"30":3,"31":1,"32":1,"33":1,"34":3,"36":39,"37":0,"38":0,"39":0,"40":0,"41":0,"42":0,"43":0,"44":0,"45":0,"46":0,"47":0,"49":0,"50":0,"51":0,"52":0,"53":0,"55":0,"56":0,"57":0,"59":0,"60":0,"61":0,"62":0,"63":0,"64":0,"66":39,"67":39,"68":2,"69":2,"70":2,"71":2,"72":0,"73":0,"74":0,"75":2,"77":39,"78":4,"79":0,"80":0,"81":0,"83":4,"84":0,"85":0,"86":0,"87":0,"89":4,"90":2,"91":2,"92":2,"93":2,"95":2,"96":2,"97":2,"99":2,"100":2,"101":2,"102":4,"104":39,"105":39,"106":2,"107":2,"108":2,"109":2,"110":2,"111":2,"112":2,"113":2,"114":2,"115":2,"116":2,"117":2,"118":2,"119":2,"121":2,"122":0,"123":0,"124":0,"125":0,"126":0,"127":0,"129":2,"130":0,"131":0,"133":2,"134":2,"135":2,"136":2,"137":2,"138":0,"139":0,"140":2,"141":2,"142":2,"144":39,"145":39,"146":39,"147":39,"148":39,"149":39,"150":39,"151":39,"152":39,"153":39,"155":1},"branchMap":{"0":{"type":"branch","line":3,"loc":{"start":{"line":3,"column":17},"end":{"line":154,"column":2}},"locations":[{"start":{"line":3,"column":17},"end":{"line":154,"column":2}}]},"1":{"type":"branch","line":12,"loc":{"start":{"line":12,"column":26},"end":{"line":35,"column":4}},"locations":[{"start":{"line":12,"column":26},"end":{"line":35,"column":4}}]},"2":{"type":"branch","line":21,"loc":{"start":{"line":21,"column":24},"end":{"line":29,"column":31}},"locations":[{"start":{"line":21,"column":24},"end":{"line":29,"column":31}}]},"3":{"type":"branch","line":21,"loc":{"start":{"line":21,"column":24},"end":{"line":25,"column":7}},"locations":[{"start":{"line":21,"column":24},"end":{"line":25,"column":7}}]},"4":{"type":"branch","line":24,"loc":{"start":{"line":24,"column":40},"end":{"line":24,"column":85}},"locations":[{"start":{"line":24,"column":40},"end":{"line":24,"column":85}}]},"5":{"type":"branch","line":29,"loc":{"start":{"line":29,"column":27},"end":{"line":29,"column":33}},"locations":[{"start":{"line":29,"column":27},"end":{"line":29,"column":33}}]},"6":{"type":"branch","line":30,"loc":{"start":{"line":30,"column":24},"end":{"line":30,"column":30}},"locations":[{"start":{"line":30,"column":24},"end":{"line":30,"column":30}}]},"7":{"type":"branch","line":31,"loc":{"start":{"line":31,"column":6},"end":{"line":34,"column":5}},"locations":[{"start":{"line":31,"column":6},"end":{"line":34,"column":5}}]},"8":{"type":"branch","line":68,"loc":{"start":{"line":68,"column":26},"end":{"line":76,"column":4}},"locations":[{"start":{"line":68,"column":26},"end":{"line":76,"column":4}}]},"9":{"type":"branch","line":72,"loc":{"start":{"line":72,"column":4},"end":{"line":75,"column":5}},"locations":[{"start":{"line":72,"column":4},"end":{"line":75,"column":5}}]},"10":{"type":"branch","line":78,"loc":{"start":{"line":78,"column":27},"end":{"line":103,"column":4}},"locations":[{"start":{"line":78,"column":27},"end":{"line":103,"column":4}}]},"11":{"type":"branch","line":79,"loc":{"start":{"line":79,"column":23},"end":{"line":82,"column":5}},"locations":[{"start":{"line":79,"column":23},"end":{"line":82,"column":5}}]},"12":{"type":"branch","line":84,"loc":{"start":{"line":84,"column":42},"end":{"line":88,"column":5}},"locations":[{"start":{"line":84,"column":42},"end":{"line":88,"column":5}}]},"13":{"type":"branch","line":90,"loc":{"start":{"line":90,"column":37},"end":{"line":102,"column":5}},"locations":[{"start":{"line":90,"column":37},"end":{"line":102,"column":5}}]},"14":{"type":"branch","line":98,"loc":{"start":{"line":98,"column":24},"end":{"line":98,"column":55}},"locations":[{"start":{"line":98,"column":24},"end":{"line":98,"column":55}}]},"15":{"type":"branch","line":106,"loc":{"start":{"line":106,"column":22},"end":{"line":143,"column":4}},"locations":[{"start":{"line":106,"column":22},"end":{"line":143,"column":4}}]},"16":{"type":"branch","line":122,"loc":{"start":{"line":122,"column":35},"end":{"line":128,"column":7}},"locations":[{"start":{"line":122,"column":35},"end":{"line":128,"column":7}}]},"17":{"type":"branch","line":130,"loc":{"start":{"line":130,"column":24},"end":{"line":132,"column":7}},"locations":[{"start":{"line":130,"column":24},"end":{"line":132,"column":7}}]},"18":{"type":"branch","line":138,"loc":{"start":{"line":138,"column":6},"end":{"line":140,"column":5}},"locations":[{"start":{"line":138,"column":6},"end":{"line":140,"column":5}}]}},"b":{"0":[39],"1":[3],"2":[2],"3":[1],"4":[0],"5":[1],"6":[1],"7":[1],"8":[2],"9":[0],"10":[4],"11":[0],"12":[0],"13":[2],"14":[2],"15":[2],"16":[0],"17":[0],"18":[0]},"fnMap":{"0":{"name":"Movement","decl":{"start":{"line":3,"column":17},"end":{"line":154,"column":2}},"loc":{"start":{"line":3,"column":17},"end":{"line":154,"column":2}},"line":3},"1":{"name":"fetchGameTokens","decl":{"start":{"line":12,"column":26},"end":{"line":35,"column":4}},"loc":{"start":{"line":12,"column":26},"end":{"line":35,"column":4}},"line":12},"2":{"name":"handleUndoMove","decl":{"start":{"line":37,"column":25},"end":{"line":65,"column":4}},"loc":{"start":{"line":37,"column":25},"end":{"line":65,"column":4}},"line":37},"3":{"name":"handleCardClick","decl":{"start":{"line":68,"column":26},"end":{"line":76,"column":4}},"loc":{"start":{"line":68,"column":26},"end":{"line":76,"column":4}},"line":68},"4":{"name":"handleTokenClick","decl":{"start":{"line":78,"column":27},"end":{"line":103,"column":4}},"loc":{"start":{"line":78,"column":27},"end":{"line":103,"column":4}},"line":78},"5":{"name":"executeMove","decl":{"start":{"line":106,"column":22},"end":{"line":143,"column":4}},"loc":{"start":{"line":106,"column":22},"end":{"line":143,"column":4}},"line":106}},"f":{"0":39,"1":3,"2":0,"3":2,"4":4,"5":2}}
}
