{"/home/ignacio/FAMAF/2024/Ing Soft/front/src/App.jsx": {"path":"/home/ignacio/FAMAF/2024/Ing Soft/front/src/App.jsx","all":true,"statementMap":{"0":{"start":{"line":1,"column":0},"end":{"line":1,"column":51}},"1":{"start":{"line":2,"column":0},"end":{"line":2,"column":51}},"2":{"start":{"line":3,"column":0},"end":{"line":3,"column":47}},"3":{"start":{"line":4,"column":0},"end":{"line":4,"column":57}},"4":{"start":{"line":5,"column":0},"end":{"line":5,"column":51}},"5":{"start":{"line":6,"column":0},"end":{"line":6,"column":43}},"6":{"start":{"line":7,"column":0},"end":{"line":7,"column":19}},"7":{"start":{"line":8,"column":0},"end":{"line":8,"column":34}},"8":{"start":{"line":9,"column":0},"end":{"line":9,"column":31}},"9":{"start":{"line":10,"column":0},"end":{"line":10,"column":31}},"10":{"start":{"line":11,"column":0},"end":{"line":11,"column":33}},"11":{"start":{"line":12,"column":0},"end":{"line":12,"column":39}},"12":{"start":{"line":13,"column":0},"end":{"line":13,"column":0}},"13":{"start":{"line":14,"column":0},"end":{"line":14,"column":16}},"14":{"start":{"line":15,"column":0},"end":{"line":15,"column":67}},"15":{"start":{"line":16,"column":0},"end":{"line":16,"column":45}},"16":{"start":{"line":17,"column":0},"end":{"line":17,"column":98}},"17":{"start":{"line":18,"column":0},"end":{"line":18,"column":43}},"18":{"start":{"line":19,"column":0},"end":{"line":19,"column":0}},"19":{"start":{"line":20,"column":0},"end":{"line":20,"column":19}},"20":{"start":{"line":21,"column":0},"end":{"line":21,"column":50}},"21":{"start":{"line":22,"column":0},"end":{"line":22,"column":2}},"22":{"start":{"line":23,"column":0},"end":{"line":23,"column":37}},"23":{"start":{"line":24,"column":0},"end":{"line":24,"column":39}},"24":{"start":{"line":25,"column":0},"end":{"line":25,"column":51}},"25":{"start":{"line":26,"column":0},"end":{"line":26,"column":44}},"26":{"start":{"line":27,"column":0},"end":{"line":27,"column":68}},"27":{"start":{"line":28,"column":0},"end":{"line":28,"column":45}},"28":{"start":{"line":29,"column":0},"end":{"line":29,"column":65}},"29":{"start":{"line":30,"column":0},"end":{"line":30,"column":70}},"30":{"start":{"line":31,"column":0},"end":{"line":31,"column":2}},"31":{"start":{"line":32,"column":0},"end":{"line":32,"column":44}},"32":{"start":{"line":33,"column":0},"end":{"line":33,"column":37}},"33":{"start":{"line":34,"column":0},"end":{"line":34,"column":35}},"34":{"start":{"line":35,"column":0},"end":{"line":35,"column":17}},"35":{"start":{"line":36,"column":0},"end":{"line":36,"column":2}},"36":{"start":{"line":37,"column":0},"end":{"line":37,"column":42}},"37":{"start":{"line":38,"column":0},"end":{"line":38,"column":23}},"38":{"start":{"line":39,"column":0},"end":{"line":39,"column":5}},"39":{"start":{"line":40,"column":0},"end":{"line":40,"column":18}},"40":{"start":{"line":41,"column":0},"end":{"line":41,"column":33}},"41":{"start":{"line":42,"column":0},"end":{"line":42,"column":36}},"42":{"start":{"line":43,"column":0},"end":{"line":43,"column":31}},"43":{"start":{"line":44,"column":0},"end":{"line":44,"column":6}},"44":{"start":{"line":45,"column":0},"end":{"line":45,"column":22}},"45":{"start":{"line":46,"column":0},"end":{"line":46,"column":4}},"46":{"start":{"line":47,"column":0},"end":{"line":47,"column":49}},"47":{"start":{"line":48,"column":0},"end":{"line":48,"column":34}},"48":{"start":{"line":49,"column":0},"end":{"line":49,"column":28}},"49":{"start":{"line":50,"column":0},"end":{"line":50,"column":4}},"50":{"start":{"line":51,"column":0},"end":{"line":51,"column":0}},"51":{"start":{"line":52,"column":0},"end":{"line":52,"column":33}},"52":{"start":{"line":53,"column":0},"end":{"line":53,"column":28}},"53":{"start":{"line":54,"column":0},"end":{"line":54,"column":4}},"54":{"start":{"line":55,"column":0},"end":{"line":55,"column":0}},"55":{"start":{"line":56,"column":0},"end":{"line":56,"column":30}},"56":{"start":{"line":57,"column":0},"end":{"line":57,"column":66}},"57":{"start":{"line":58,"column":0},"end":{"line":58,"column":4}},"58":{"start":{"line":59,"column":0},"end":{"line":59,"column":0}},"59":{"start":{"line":60,"column":0},"end":{"line":60,"column":49}},"60":{"start":{"line":61,"column":0},"end":{"line":61,"column":54}},"61":{"start":{"line":62,"column":0},"end":{"line":62,"column":54}},"62":{"start":{"line":63,"column":0},"end":{"line":63,"column":93}},"63":{"start":{"line":64,"column":0},"end":{"line":64,"column":4}},"64":{"start":{"line":65,"column":0},"end":{"line":65,"column":0}},"65":{"start":{"line":66,"column":0},"end":{"line":66,"column":47}},"66":{"start":{"line":67,"column":0},"end":{"line":67,"column":22}},"67":{"start":{"line":68,"column":0},"end":{"line":68,"column":22}},"68":{"start":{"line":69,"column":0},"end":{"line":69,"column":79}},"69":{"start":{"line":70,"column":0},"end":{"line":70,"column":4}},"70":{"start":{"line":71,"column":0},"end":{"line":71,"column":0}},"71":{"start":{"line":72,"column":0},"end":{"line":72,"column":33}},"72":{"start":{"line":73,"column":0},"end":{"line":73,"column":70}},"73":{"start":{"line":74,"column":0},"end":{"line":74,"column":4}},"74":{"start":{"line":75,"column":0},"end":{"line":75,"column":0}},"75":{"start":{"line":76,"column":0},"end":{"line":76,"column":10}},"76":{"start":{"line":77,"column":0},"end":{"line":77,"column":155}},"77":{"start":{"line":78,"column":0},"end":{"line":78,"column":37}},"78":{"start":{"line":79,"column":0},"end":{"line":79,"column":53}},"79":{"start":{"line":80,"column":0},"end":{"line":80,"column":42}},"80":{"start":{"line":81,"column":0},"end":{"line":81,"column":8}},"81":{"start":{"line":82,"column":0},"end":{"line":82,"column":35}},"82":{"start":{"line":83,"column":0},"end":{"line":83,"column":84}},"83":{"start":{"line":84,"column":0},"end":{"line":84,"column":8}},"84":{"start":{"line":85,"column":0},"end":{"line":85,"column":35}},"85":{"start":{"line":86,"column":0},"end":{"line":86,"column":72}},"86":{"start":{"line":87,"column":0},"end":{"line":87,"column":8}},"87":{"start":{"line":88,"column":0},"end":{"line":88,"column":38}},"88":{"start":{"line":89,"column":0},"end":{"line":89,"column":86}},"89":{"start":{"line":90,"column":0},"end":{"line":90,"column":8}},"90":{"start":{"line":91,"column":0},"end":{"line":91,"column":36}},"91":{"start":{"line":92,"column":0},"end":{"line":92,"column":83}},"92":{"start":{"line":93,"column":0},"end":{"line":93,"column":8}},"93":{"start":{"line":94,"column":0},"end":{"line":94,"column":10}},"94":{"start":{"line":95,"column":0},"end":{"line":95,"column":4}},"95":{"start":{"line":96,"column":0},"end":{"line":96,"column":1}},"96":{"start":{"line":97,"column":0},"end":{"line":97,"column":0}},"97":{"start":{"line":98,"column":0},"end":{"line":98,"column":19}}},"s":{"0":0,"1":0,"2":0,"3":0,"4":0,"5":0,"6":0,"7":0,"8":0,"9":0,"10":0,"11":0,"12":0,"13":0,"14":0,"15":0,"16":0,"17":0,"18":0,"19":0,"20":0,"21":0,"22":0,"23":0,"24":0,"25":0,"26":0,"27":0,"28":0,"29":0,"30":0,"31":0,"32":0,"33":0,"34":0,"35":0,"36":0,"37":0,"38":0,"39":0,"40":0,"41":0,"42":0,"43":0,"44":0,"45":0,"46":0,"47":0,"48":0,"49":0,"50":0,"51":0,"52":0,"53":0,"54":0,"55":0,"56":0,"57":0,"58":0,"59":0,"60":0,"61":0,"62":0,"63":0,"64":0,"65":0,"66":0,"67":0,"68":0,"69":0,"70":0,"71":0,"72":0,"73":0,"74":0,"75":0,"76":0,"77":0,"78":0,"79":0,"80":0,"81":0,"82":0,"83":0,"84":0,"85":0,"86":0,"87":0,"88":0,"89":0,"90":0,"91":0,"92":0,"93":0,"94":0,"95":0,"96":0,"97":0},"branchMap":{"0":{"type":"branch","line":1,"loc":{"start":{"line":1,"column":0},"end":{"line":98,"column":19}},"locations":[{"start":{"line":1,"column":0},"end":{"line":98,"column":19}}]}},"b":{"0":[0]},"fnMap":{"0":{"name":"(empty-report)","decl":{"start":{"line":1,"column":0},"end":{"line":98,"column":19}},"loc":{"start":{"line":1,"column":0},"end":{"line":98,"column":19}},"line":1}},"f":{"0":0}}
,"/home/ignacio/FAMAF/2024/Ing Soft/front/src/main.jsx": {"path":"/home/ignacio/FAMAF/2024/Ing Soft/front/src/main.jsx","all":true,"statementMap":{"0":{"start":{"line":1,"column":0},"end":{"line":1,"column":34}},"1":{"start":{"line":2,"column":0},"end":{"line":2,"column":45}},"2":{"start":{"line":3,"column":0},"end":{"line":3,"column":27}},"3":{"start":{"line":4,"column":0},"end":{"line":4,"column":20}},"4":{"start":{"line":5,"column":0},"end":{"line":5,"column":0}},"5":{"start":{"line":6,"column":0},"end":{"line":6,"column":51}},"6":{"start":{"line":7,"column":0},"end":{"line":7,"column":14}},"7":{"start":{"line":8,"column":0},"end":{"line":8,"column":11}},"8":{"start":{"line":9,"column":0},"end":{"line":9,"column":16}},"9":{"start":{"line":10,"column":0},"end":{"line":10,"column":1}}},"s":{"0":0,"1":0,"2":0,"3":0,"4":0,"5":0,"6":0,"7":0,"8":0,"9":0},"branchMap":{"0":{"type":"branch","line":1,"loc":{"start":{"line":1,"column":0},"end":{"line":10,"column":1}},"locations":[{"start":{"line":1,"column":0},"end":{"line":10,"column":1}}]}},"b":{"0":[0]},"fnMap":{"0":{"name":"(empty-report)","decl":{"start":{"line":1,"column":0},"end":{"line":10,"column":1}},"loc":{"start":{"line":1,"column":0},"end":{"line":10,"column":1}},"line":1}},"f":{"0":0}}
,"/home/ignacio/FAMAF/2024/Ing Soft/front/src/reportWebVitals.js": {"path":"/home/ignacio/FAMAF/2024/Ing Soft/front/src/reportWebVitals.js","all":true,"statementMap":{"0":{"start":{"line":1,"column":0},"end":{"line":1,"column":40}},"1":{"start":{"line":2,"column":0},"end":{"line":2,"column":55}},"2":{"start":{"line":3,"column":0},"end":{"line":3,"column":80}},"3":{"start":{"line":4,"column":0},"end":{"line":4,"column":26}},"4":{"start":{"line":5,"column":0},"end":{"line":5,"column":26}},"5":{"start":{"line":6,"column":0},"end":{"line":6,"column":26}},"6":{"start":{"line":7,"column":0},"end":{"line":7,"column":26}},"7":{"start":{"line":8,"column":0},"end":{"line":8,"column":27}},"8":{"start":{"line":9,"column":0},"end":{"line":9,"column":7}},"9":{"start":{"line":10,"column":0},"end":{"line":10,"column":3}},"10":{"start":{"line":11,"column":0},"end":{"line":11,"column":2}},"11":{"start":{"line":12,"column":0},"end":{"line":12,"column":0}},"12":{"start":{"line":13,"column":0},"end":{"line":13,"column":31}}},"s":{"0":0,"1":0,"2":0,"3":0,"4":0,"5":0,"6":0,"7":0,"8":0,"9":0,"10":0,"11":0,"12":0},"branchMap":{"0":{"type":"branch","line":1,"loc":{"start":{"line":1,"column":0},"end":{"line":13,"column":31}},"locations":[{"start":{"line":1,"column":0},"end":{"line":13,"column":31}}]}},"b":{"0":[0]},"fnMap":{"0":{"name":"(empty-report)","decl":{"start":{"line":1,"column":0},"end":{"line":13,"column":31}},"loc":{"start":{"line":1,"column":0},"end":{"line":13,"column":31}},"line":1}},"f":{"0":0}}
,"/home/ignacio/FAMAF/2024/Ing Soft/front/src/setupTests.js": {"path":"/home/ignacio/FAMAF/2024/Ing Soft/front/src/setupTests.js","all":false,"statementMap":{"0":{"start":{"line":1,"column":0},"end":{"line":1,"column":65}},"1":{"start":{"line":2,"column":0},"end":{"line":2,"column":32}},"2":{"start":{"line":3,"column":0},"end":{"line":3,"column":46}},"3":{"start":{"line":4,"column":0},"end":{"line":4,"column":58}},"4":{"start":{"line":5,"column":0},"end":{"line":5,"column":64}}},"s":{"0":1,"1":1,"2":1,"3":1,"4":1},"branchMap":{},"b":{},"fnMap":{},"f":{}}
,"/home/ignacio/FAMAF/2024/Ing Soft/front/src/components/board.jsx": {"path":"/home/ignacio/FAMAF/2024/Ing Soft/front/src/components/board.jsx","all":false,"statementMap":{"0":{"start":{"line":1,"column":0},"end":{"line":1,"column":59}},"1":{"start":{"line":2,"column":0},"end":{"line":2,"column":21}},"2":{"start":{"line":3,"column":0},"end":{"line":3,"column":34}},"4":{"start":{"line":5,"column":0},"end":{"line":5,"column":56}},"5":{"start":{"line":6,"column":0},"end":{"line":6,"column":57}},"6":{"start":{"line":7,"column":0},"end":{"line":7,"column":106}},"7":{"start":{"line":8,"column":0},"end":{"line":8,"column":52}},"8":{"start":{"line":9,"column":0},"end":{"line":9,"column":76}},"9":{"start":{"line":10,"column":0},"end":{"line":10,"column":43}},"10":{"start":{"line":11,"column":0},"end":{"line":11,"column":80}},"11":{"start":{"line":12,"column":0},"end":{"line":12,"column":92}},"12":{"start":{"line":13,"column":0},"end":{"line":13,"column":84}},"13":{"start":{"line":14,"column":0},"end":{"line":14,"column":78}},"14":{"start":{"line":15,"column":0},"end":{"line":15,"column":78}},"15":{"start":{"line":16,"column":0},"end":{"line":16,"column":75}},"16":{"start":{"line":17,"column":0},"end":{"line":17,"column":93}},"17":{"start":{"line":18,"column":0},"end":{"line":18,"column":94}},"18":{"start":{"line":19,"column":0},"end":{"line":19,"column":50}},"19":{"start":{"line":20,"column":0},"end":{"line":20,"column":13}},"20":{"start":{"line":21,"column":0},"end":{"line":21,"column":14}},"21":{"start":{"line":22,"column":0},"end":{"line":22,"column":12}},"22":{"start":{"line":23,"column":0},"end":{"line":23,"column":15}},"23":{"start":{"line":24,"column":0},"end":{"line":24,"column":5}},"24":{"start":{"line":25,"column":0},"end":{"line":25,"column":74}},"25":{"start":{"line":26,"column":0},"end":{"line":26,"column":57}},"26":{"start":{"line":27,"column":0},"end":{"line":27,"column":82}},"27":{"start":{"line":28,"column":0},"end":{"line":28,"column":91}},"28":{"start":{"line":29,"column":0},"end":{"line":29,"column":58}},"29":{"start":{"line":30,"column":0},"end":{"line":30,"column":11}},"30":{"start":{"line":31,"column":0},"end":{"line":31,"column":11}},"31":{"start":{"line":32,"column":0},"end":{"line":32,"column":18}},"32":{"start":{"line":33,"column":0},"end":{"line":33,"column":5}},"36":{"start":{"line":37,"column":0},"end":{"line":37,"column":37}},"37":{"start":{"line":38,"column":0},"end":{"line":38,"column":9}},"38":{"start":{"line":39,"column":0},"end":{"line":39,"column":77}},"39":{"start":{"line":40,"column":0},"end":{"line":40,"column":22}},"40":{"start":{"line":41,"column":0},"end":{"line":41,"column":18}},"41":{"start":{"line":42,"column":0},"end":{"line":42,"column":45}},"42":{"start":{"line":43,"column":0},"end":{"line":43,"column":10}},"43":{"start":{"line":44,"column":0},"end":{"line":44,"column":9}},"45":{"start":{"line":46,"column":0},"end":{"line":46,"column":25}},"46":{"start":{"line":47,"column":0},"end":{"line":47,"column":73}},"47":{"start":{"line":48,"column":0},"end":{"line":48,"column":7}},"49":{"start":{"line":50,"column":0},"end":{"line":50,"column":41}},"51":{"start":{"line":52,"column":0},"end":{"line":52,"column":69}},"52":{"start":{"line":53,"column":0},"end":{"line":53,"column":64}},"53":{"start":{"line":54,"column":0},"end":{"line":54,"column":54}},"54":{"start":{"line":55,"column":0},"end":{"line":55,"column":9}},"56":{"start":{"line":57,"column":0},"end":{"line":57,"column":86}},"58":{"start":{"line":59,"column":0},"end":{"line":59,"column":77}},"60":{"start":{"line":61,"column":0},"end":{"line":61,"column":36}},"61":{"start":{"line":62,"column":0},"end":{"line":62,"column":24}},"62":{"start":{"line":63,"column":0},"end":{"line":63,"column":7}},"64":{"start":{"line":65,"column":0},"end":{"line":65,"column":38}},"65":{"start":{"line":66,"column":0},"end":{"line":66,"column":29}},"66":{"start":{"line":67,"column":0},"end":{"line":67,"column":7}},"68":{"start":{"line":69,"column":0},"end":{"line":69,"column":56}},"69":{"start":{"line":70,"column":0},"end":{"line":70,"column":21}},"70":{"start":{"line":71,"column":0},"end":{"line":71,"column":27}},"71":{"start":{"line":72,"column":0},"end":{"line":72,"column":5}},"72":{"start":{"line":73,"column":0},"end":{"line":73,"column":4}},"74":{"start":{"line":75,"column":0},"end":{"line":75,"column":37}},"75":{"start":{"line":76,"column":0},"end":{"line":76,"column":9}},"76":{"start":{"line":77,"column":0},"end":{"line":77,"column":81}},"77":{"start":{"line":78,"column":0},"end":{"line":78,"column":22}},"78":{"start":{"line":79,"column":0},"end":{"line":79,"column":18}},"79":{"start":{"line":80,"column":0},"end":{"line":80,"column":45}},"80":{"start":{"line":81,"column":0},"end":{"line":81,"column":10}},"81":{"start":{"line":82,"column":0},"end":{"line":82,"column":9}},"83":{"start":{"line":84,"column":0},"end":{"line":84,"column":25}},"84":{"start":{"line":85,"column":0},"end":{"line":85,"column":68}},"85":{"start":{"line":86,"column":0},"end":{"line":86,"column":7}},"87":{"start":{"line":88,"column":0},"end":{"line":88,"column":41}},"89":{"start":{"line":90,"column":0},"end":{"line":90,"column":24}},"91":{"start":{"line":92,"column":0},"end":{"line":92,"column":49}},"92":{"start":{"line":93,"column":0},"end":{"line":93,"column":53}},"93":{"start":{"line":94,"column":0},"end":{"line":94,"column":45}},"95":{"start":{"line":96,"column":0},"end":{"line":96,"column":55}},"96":{"start":{"line":97,"column":0},"end":{"line":97,"column":24}},"97":{"start":{"line":98,"column":0},"end":{"line":98,"column":14}},"98":{"start":{"line":99,"column":0},"end":{"line":99,"column":25}},"99":{"start":{"line":100,"column":0},"end":{"line":100,"column":7}},"101":{"start":{"line":102,"column":0},"end":{"line":102,"column":21}},"102":{"start":{"line":103,"column":0},"end":{"line":103,"column":27}},"103":{"start":{"line":104,"column":0},"end":{"line":104,"column":5}},"104":{"start":{"line":105,"column":0},"end":{"line":105,"column":4}},"106":{"start":{"line":107,"column":0},"end":{"line":107,"column":26}},"107":{"start":{"line":108,"column":0},"end":{"line":108,"column":54}},"108":{"start":{"line":109,"column":0},"end":{"line":109,"column":32}},"109":{"start":{"line":110,"column":0},"end":{"line":110,"column":79}},"110":{"start":{"line":111,"column":0},"end":{"line":111,"column":68}},"112":{"start":{"line":113,"column":0},"end":{"line":113,"column":33}},"113":{"start":{"line":114,"column":0},"end":{"line":114,"column":54}},"114":{"start":{"line":115,"column":0},"end":{"line":115,"column":8}},"115":{"start":{"line":116,"column":0},"end":{"line":116,"column":6}},"116":{"start":{"line":117,"column":0},"end":{"line":117,"column":36}},"117":{"start":{"line":118,"column":0},"end":{"line":118,"column":39}},"118":{"start":{"line":119,"column":0},"end":{"line":119,"column":45}},"119":{"start":{"line":120,"column":0},"end":{"line":120,"column":61}},"121":{"start":{"line":122,"column":0},"end":{"line":122,"column":59}},"122":{"start":{"line":123,"column":0},"end":{"line":123,"column":29}},"123":{"start":{"line":124,"column":0},"end":{"line":124,"column":28}},"124":{"start":{"line":125,"column":0},"end":{"line":125,"column":29}},"125":{"start":{"line":126,"column":0},"end":{"line":126,"column":78}},"126":{"start":{"line":127,"column":0},"end":{"line":127,"column":33}},"127":{"start":{"line":128,"column":0},"end":{"line":128,"column":28}},"128":{"start":{"line":129,"column":0},"end":{"line":129,"column":34}},"129":{"start":{"line":130,"column":0},"end":{"line":130,"column":32}},"130":{"start":{"line":131,"column":0},"end":{"line":131,"column":28}},"132":{"start":{"line":133,"column":0},"end":{"line":133,"column":11}},"133":{"start":{"line":134,"column":0},"end":{"line":134,"column":16}},"135":{"start":{"line":136,"column":0},"end":{"line":136,"column":27}},"136":{"start":{"line":137,"column":0},"end":{"line":137,"column":29}},"137":{"start":{"line":138,"column":0},"end":{"line":138,"column":28}},"138":{"start":{"line":139,"column":0},"end":{"line":139,"column":11}},"139":{"start":{"line":140,"column":0},"end":{"line":140,"column":16}},"141":{"start":{"line":142,"column":0},"end":{"line":142,"column":27}},"142":{"start":{"line":143,"column":0},"end":{"line":143,"column":70}},"143":{"start":{"line":144,"column":0},"end":{"line":144,"column":30}},"144":{"start":{"line":145,"column":0},"end":{"line":145,"column":52}},"145":{"start":{"line":146,"column":0},"end":{"line":146,"column":36}},"146":{"start":{"line":147,"column":0},"end":{"line":147,"column":16}},"148":{"start":{"line":149,"column":0},"end":{"line":149,"column":28}},"149":{"start":{"line":150,"column":0},"end":{"line":150,"column":65}},"150":{"start":{"line":151,"column":0},"end":{"line":151,"column":52}},"151":{"start":{"line":152,"column":0},"end":{"line":152,"column":26}},"152":{"start":{"line":153,"column":0},"end":{"line":153,"column":81}},"153":{"start":{"line":154,"column":0},"end":{"line":154,"column":28}},"154":{"start":{"line":155,"column":0},"end":{"line":155,"column":32}},"155":{"start":{"line":156,"column":0},"end":{"line":156,"column":19}},"156":{"start":{"line":157,"column":0},"end":{"line":157,"column":16}},"158":{"start":{"line":159,"column":0},"end":{"line":159,"column":29}},"159":{"start":{"line":160,"column":0},"end":{"line":160,"column":74}},"160":{"start":{"line":161,"column":0},"end":{"line":161,"column":16}},"162":{"start":{"line":163,"column":0},"end":{"line":163,"column":20}},"163":{"start":{"line":164,"column":0},"end":{"line":164,"column":41}},"164":{"start":{"line":165,"column":0},"end":{"line":165,"column":16}},"166":{"start":{"line":167,"column":0},"end":{"line":167,"column":30}},"167":{"start":{"line":168,"column":0},"end":{"line":168,"column":26}},"168":{"start":{"line":169,"column":0},"end":{"line":169,"column":27}},"169":{"start":{"line":170,"column":0},"end":{"line":170,"column":16}},"171":{"start":{"line":172,"column":0},"end":{"line":172,"column":16}},"172":{"start":{"line":173,"column":0},"end":{"line":173,"column":62}},"173":{"start":{"line":174,"column":0},"end":{"line":174,"column":31}},"174":{"start":{"line":175,"column":0},"end":{"line":175,"column":7}},"175":{"start":{"line":176,"column":0},"end":{"line":176,"column":6}},"177":{"start":{"line":178,"column":0},"end":{"line":178,"column":47}},"178":{"start":{"line":179,"column":0},"end":{"line":179,"column":37}},"179":{"start":{"line":180,"column":0},"end":{"line":180,"column":53}},"180":{"start":{"line":181,"column":0},"end":{"line":181,"column":6}},"182":{"start":{"line":183,"column":0},"end":{"line":183,"column":35}},"183":{"start":{"line":184,"column":0},"end":{"line":184,"column":32}},"184":{"start":{"line":185,"column":0},"end":{"line":185,"column":48}},"185":{"start":{"line":186,"column":0},"end":{"line":186,"column":78}},"187":{"start":{"line":188,"column":0},"end":{"line":188,"column":6}},"188":{"start":{"line":189,"column":0},"end":{"line":189,"column":4}},"190":{"start":{"line":191,"column":0},"end":{"line":191,"column":19}},"191":{"start":{"line":192,"column":0},"end":{"line":192,"column":44}},"192":{"start":{"line":193,"column":0},"end":{"line":193,"column":64}},"193":{"start":{"line":194,"column":0},"end":{"line":194,"column":88}},"194":{"start":{"line":195,"column":0},"end":{"line":195,"column":5}},"195":{"start":{"line":196,"column":0},"end":{"line":196,"column":29}},"198":{"start":{"line":199,"column":0},"end":{"line":199,"column":19}},"199":{"start":{"line":200,"column":0},"end":{"line":200,"column":20}},"200":{"start":{"line":201,"column":0},"end":{"line":201,"column":23}},"202":{"start":{"line":203,"column":0},"end":{"line":203,"column":46}},"203":{"start":{"line":204,"column":0},"end":{"line":204,"column":9}},"204":{"start":{"line":205,"column":0},"end":{"line":205,"column":35}},"205":{"start":{"line":206,"column":0},"end":{"line":206,"column":67}},"206":{"start":{"line":207,"column":0},"end":{"line":207,"column":9}},"207":{"start":{"line":208,"column":0},"end":{"line":208,"column":24}},"208":{"start":{"line":209,"column":0},"end":{"line":209,"column":20}},"209":{"start":{"line":210,"column":0},"end":{"line":210,"column":47}},"210":{"start":{"line":211,"column":0},"end":{"line":211,"column":12}},"211":{"start":{"line":212,"column":0},"end":{"line":212,"column":9}},"214":{"start":{"line":215,"column":0},"end":{"line":215,"column":25}},"215":{"start":{"line":216,"column":0},"end":{"line":216,"column":69}},"216":{"start":{"line":217,"column":0},"end":{"line":217,"column":7}},"218":{"start":{"line":219,"column":0},"end":{"line":219,"column":41}},"219":{"start":{"line":220,"column":0},"end":{"line":220,"column":85}},"220":{"start":{"line":221,"column":0},"end":{"line":221,"column":30}},"221":{"start":{"line":222,"column":0},"end":{"line":222,"column":21}},"222":{"start":{"line":223,"column":0},"end":{"line":223,"column":27}},"223":{"start":{"line":224,"column":0},"end":{"line":224,"column":16}},"224":{"start":{"line":225,"column":0},"end":{"line":225,"column":5}},"225":{"start":{"line":226,"column":0},"end":{"line":226,"column":4}},"226":{"start":{"line":227,"column":0},"end":{"line":227,"column":36}},"227":{"start":{"line":228,"column":0},"end":{"line":228,"column":50}},"228":{"start":{"line":229,"column":0},"end":{"line":229,"column":9}},"229":{"start":{"line":230,"column":0},"end":{"line":230,"column":35}},"230":{"start":{"line":231,"column":0},"end":{"line":231,"column":71}},"231":{"start":{"line":232,"column":0},"end":{"line":232,"column":9}},"232":{"start":{"line":233,"column":0},"end":{"line":233,"column":24}},"233":{"start":{"line":234,"column":0},"end":{"line":234,"column":20}},"234":{"start":{"line":235,"column":0},"end":{"line":235,"column":47}},"235":{"start":{"line":236,"column":0},"end":{"line":236,"column":12}},"236":{"start":{"line":237,"column":0},"end":{"line":237,"column":9}},"239":{"start":{"line":240,"column":0},"end":{"line":240,"column":25}},"240":{"start":{"line":241,"column":0},"end":{"line":241,"column":65}},"241":{"start":{"line":242,"column":0},"end":{"line":242,"column":7}},"244":{"start":{"line":245,"column":0},"end":{"line":245,"column":41}},"245":{"start":{"line":246,"column":0},"end":{"line":246,"column":73}},"246":{"start":{"line":247,"column":0},"end":{"line":247,"column":71}},"247":{"start":{"line":248,"column":0},"end":{"line":248,"column":30}},"249":{"start":{"line":250,"column":0},"end":{"line":250,"column":21}},"250":{"start":{"line":251,"column":0},"end":{"line":251,"column":27}},"251":{"start":{"line":252,"column":0},"end":{"line":252,"column":16}},"252":{"start":{"line":253,"column":0},"end":{"line":253,"column":5}},"253":{"start":{"line":254,"column":0},"end":{"line":254,"column":4}},"255":{"start":{"line":256,"column":0},"end":{"line":256,"column":56}},"256":{"start":{"line":257,"column":0},"end":{"line":257,"column":54}},"257":{"start":{"line":258,"column":0},"end":{"line":258,"column":9}},"258":{"start":{"line":259,"column":0},"end":{"line":259,"column":24}},"259":{"start":{"line":260,"column":0},"end":{"line":260,"column":17}},"260":{"start":{"line":261,"column":0},"end":{"line":261,"column":18}},"261":{"start":{"line":262,"column":0},"end":{"line":262,"column":16}},"262":{"start":{"line":263,"column":0},"end":{"line":263,"column":19}},"263":{"start":{"line":264,"column":0},"end":{"line":264,"column":8}},"264":{"start":{"line":265,"column":0},"end":{"line":265,"column":55}},"265":{"start":{"line":266,"column":0},"end":{"line":266,"column":87}},"267":{"start":{"line":268,"column":0},"end":{"line":268,"column":83}},"269":{"start":{"line":270,"column":0},"end":{"line":270,"column":96}},"270":{"start":{"line":271,"column":0},"end":{"line":271,"column":32}},"271":{"start":{"line":272,"column":0},"end":{"line":272,"column":87}},"272":{"start":{"line":273,"column":0},"end":{"line":273,"column":85}},"273":{"start":{"line":274,"column":0},"end":{"line":274,"column":8}},"274":{"start":{"line":275,"column":0},"end":{"line":275,"column":57}},"275":{"start":{"line":276,"column":0},"end":{"line":276,"column":43}},"276":{"start":{"line":277,"column":0},"end":{"line":277,"column":43}},"278":{"start":{"line":279,"column":0},"end":{"line":279,"column":63}},"279":{"start":{"line":280,"column":0},"end":{"line":280,"column":31}},"280":{"start":{"line":281,"column":0},"end":{"line":281,"column":82}},"281":{"start":{"line":282,"column":0},"end":{"line":282,"column":24}},"282":{"start":{"line":283,"column":0},"end":{"line":283,"column":36}},"283":{"start":{"line":284,"column":0},"end":{"line":284,"column":31}},"284":{"start":{"line":285,"column":0},"end":{"line":285,"column":34}},"285":{"start":{"line":286,"column":0},"end":{"line":286,"column":31}},"286":{"start":{"line":287,"column":0},"end":{"line":287,"column":35}},"287":{"start":{"line":288,"column":0},"end":{"line":288,"column":31}},"288":{"start":{"line":289,"column":0},"end":{"line":289,"column":33}},"289":{"start":{"line":290,"column":0},"end":{"line":290,"column":11}},"290":{"start":{"line":291,"column":0},"end":{"line":291,"column":16}},"291":{"start":{"line":292,"column":0},"end":{"line":292,"column":82}},"292":{"start":{"line":293,"column":0},"end":{"line":293,"column":9}},"293":{"start":{"line":294,"column":0},"end":{"line":294,"column":7}},"294":{"start":{"line":295,"column":0},"end":{"line":295,"column":31}},"295":{"start":{"line":296,"column":0},"end":{"line":296,"column":62}},"296":{"start":{"line":297,"column":0},"end":{"line":297,"column":56}},"297":{"start":{"line":298,"column":0},"end":{"line":298,"column":21}},"298":{"start":{"line":299,"column":0},"end":{"line":299,"column":27}},"299":{"start":{"line":300,"column":0},"end":{"line":300,"column":5}},"300":{"start":{"line":301,"column":0},"end":{"line":301,"column":4}},"302":{"start":{"line":303,"column":0},"end":{"line":303,"column":19}},"303":{"start":{"line":304,"column":0},"end":{"line":304,"column":32}},"304":{"start":{"line":305,"column":0},"end":{"line":305,"column":39}},"305":{"start":{"line":306,"column":0},"end":{"line":306,"column":5}},"306":{"start":{"line":307,"column":0},"end":{"line":307,"column":23}},"308":{"start":{"line":309,"column":0},"end":{"line":309,"column":19}},"309":{"start":{"line":310,"column":0},"end":{"line":310,"column":22}},"310":{"start":{"line":311,"column":0},"end":{"line":311,"column":48}},"311":{"start":{"line":312,"column":0},"end":{"line":312,"column":32}},"312":{"start":{"line":313,"column":0},"end":{"line":313,"column":9}},"313":{"start":{"line":314,"column":0},"end":{"line":314,"column":5}},"314":{"start":{"line":315,"column":0},"end":{"line":315,"column":20}},"316":{"start":{"line":317,"column":0},"end":{"line":317,"column":38}},"317":{"start":{"line":318,"column":0},"end":{"line":318,"column":33}},"318":{"start":{"line":319,"column":0},"end":{"line":319,"column":65}},"319":{"start":{"line":320,"column":0},"end":{"line":320,"column":73}},"320":{"start":{"line":321,"column":0},"end":{"line":321,"column":36}},"323":{"start":{"line":324,"column":0},"end":{"line":324,"column":24}},"324":{"start":{"line":325,"column":0},"end":{"line":325,"column":27}},"325":{"start":{"line":326,"column":0},"end":{"line":326,"column":22}},"326":{"start":{"line":327,"column":0},"end":{"line":327,"column":41}},"327":{"start":{"line":328,"column":0},"end":{"line":328,"column":12}},"328":{"start":{"line":329,"column":0},"end":{"line":329,"column":20}},"329":{"start":{"line":330,"column":0},"end":{"line":330,"column":5}},"330":{"start":{"line":331,"column":0},"end":{"line":331,"column":4}},"331":{"start":{"line":332,"column":0},"end":{"line":332,"column":57}},"332":{"start":{"line":333,"column":0},"end":{"line":333,"column":39}},"333":{"start":{"line":334,"column":0},"end":{"line":334,"column":33}},"334":{"start":{"line":335,"column":0},"end":{"line":335,"column":52}},"335":{"start":{"line":336,"column":0},"end":{"line":336,"column":27}},"336":{"start":{"line":337,"column":0},"end":{"line":337,"column":22}},"337":{"start":{"line":338,"column":0},"end":{"line":338,"column":73}},"338":{"start":{"line":339,"column":0},"end":{"line":339,"column":5}},"339":{"start":{"line":340,"column":0},"end":{"line":340,"column":4}},"340":{"start":{"line":341,"column":0},"end":{"line":341,"column":41}},"341":{"start":{"line":342,"column":0},"end":{"line":342,"column":38}},"343":{"start":{"line":344,"column":0},"end":{"line":344,"column":48}},"345":{"start":{"line":346,"column":0},"end":{"line":346,"column":49}},"346":{"start":{"line":347,"column":0},"end":{"line":347,"column":82}},"347":{"start":{"line":348,"column":0},"end":{"line":348,"column":12}},"348":{"start":{"line":349,"column":0},"end":{"line":349,"column":5}},"349":{"start":{"line":350,"column":0},"end":{"line":350,"column":68}},"351":{"start":{"line":352,"column":0},"end":{"line":352,"column":60}},"352":{"start":{"line":353,"column":0},"end":{"line":353,"column":27}},"353":{"start":{"line":354,"column":0},"end":{"line":354,"column":21}},"354":{"start":{"line":355,"column":0},"end":{"line":355,"column":27}},"355":{"start":{"line":356,"column":0},"end":{"line":356,"column":19}},"356":{"start":{"line":357,"column":0},"end":{"line":357,"column":38}},"357":{"start":{"line":358,"column":0},"end":{"line":358,"column":41}},"358":{"start":{"line":359,"column":0},"end":{"line":359,"column":10}},"359":{"start":{"line":360,"column":0},"end":{"line":360,"column":8}},"360":{"start":{"line":361,"column":0},"end":{"line":361,"column":48}},"361":{"start":{"line":362,"column":0},"end":{"line":362,"column":25}},"362":{"start":{"line":363,"column":0},"end":{"line":363,"column":7}},"363":{"start":{"line":364,"column":0},"end":{"line":364,"column":28}},"364":{"start":{"line":365,"column":0},"end":{"line":365,"column":77}},"365":{"start":{"line":366,"column":0},"end":{"line":366,"column":91}},"366":{"start":{"line":367,"column":0},"end":{"line":367,"column":6}},"367":{"start":{"line":368,"column":0},"end":{"line":368,"column":34}},"368":{"start":{"line":369,"column":0},"end":{"line":369,"column":56}},"369":{"start":{"line":370,"column":0},"end":{"line":370,"column":4}},"371":{"start":{"line":372,"column":0},"end":{"line":372,"column":19}},"372":{"start":{"line":373,"column":0},"end":{"line":373,"column":28}},"373":{"start":{"line":374,"column":0},"end":{"line":374,"column":77}},"374":{"start":{"line":375,"column":0},"end":{"line":375,"column":37}},"375":{"start":{"line":376,"column":0},"end":{"line":376,"column":5}},"376":{"start":{"line":377,"column":0},"end":{"line":377,"column":15}},"378":{"start":{"line":379,"column":0},"end":{"line":379,"column":19}},"379":{"start":{"line":380,"column":0},"end":{"line":380,"column":49}},"380":{"start":{"line":381,"column":0},"end":{"line":381,"column":15}},"382":{"start":{"line":383,"column":0},"end":{"line":383,"column":31}},"383":{"start":{"line":384,"column":0},"end":{"line":384,"column":65}},"384":{"start":{"line":385,"column":0},"end":{"line":385,"column":56}},"385":{"start":{"line":386,"column":0},"end":{"line":386,"column":75}},"386":{"start":{"line":387,"column":0},"end":{"line":387,"column":56}},"387":{"start":{"line":388,"column":0},"end":{"line":388,"column":22}},"388":{"start":{"line":389,"column":0},"end":{"line":389,"column":78}},"389":{"start":{"line":390,"column":0},"end":{"line":390,"column":95}},"390":{"start":{"line":391,"column":0},"end":{"line":391,"column":12}},"391":{"start":{"line":392,"column":0},"end":{"line":392,"column":116}},"392":{"start":{"line":393,"column":0},"end":{"line":393,"column":5}},"393":{"start":{"line":394,"column":0},"end":{"line":394,"column":4}},"395":{"start":{"line":396,"column":0},"end":{"line":396,"column":19}},"396":{"start":{"line":397,"column":0},"end":{"line":397,"column":39}},"397":{"start":{"line":398,"column":0},"end":{"line":398,"column":40}},"398":{"start":{"line":399,"column":0},"end":{"line":399,"column":25}},"402":{"start":{"line":403,"column":0},"end":{"line":403,"column":101}},"403":{"start":{"line":404,"column":0},"end":{"line":404,"column":39}},"404":{"start":{"line":405,"column":0},"end":{"line":405,"column":38}},"405":{"start":{"line":406,"column":0},"end":{"line":406,"column":60}},"406":{"start":{"line":407,"column":0},"end":{"line":407,"column":16}},"407":{"start":{"line":408,"column":0},"end":{"line":408,"column":5}},"408":{"start":{"line":409,"column":0},"end":{"line":409,"column":87}},"409":{"start":{"line":410,"column":0},"end":{"line":410,"column":54}},"410":{"start":{"line":411,"column":0},"end":{"line":411,"column":50}},"411":{"start":{"line":412,"column":0},"end":{"line":412,"column":8}},"412":{"start":{"line":413,"column":0},"end":{"line":413,"column":22}},"413":{"start":{"line":414,"column":0},"end":{"line":414,"column":68}},"414":{"start":{"line":415,"column":0},"end":{"line":415,"column":70}},"415":{"start":{"line":416,"column":0},"end":{"line":416,"column":7}},"416":{"start":{"line":417,"column":0},"end":{"line":417,"column":74}},"417":{"start":{"line":418,"column":0},"end":{"line":418,"column":24}},"418":{"start":{"line":419,"column":0},"end":{"line":419,"column":84}},"419":{"start":{"line":420,"column":0},"end":{"line":420,"column":85}},"420":{"start":{"line":421,"column":0},"end":{"line":421,"column":81}},"421":{"start":{"line":422,"column":0},"end":{"line":422,"column":13}},"422":{"start":{"line":423,"column":0},"end":{"line":423,"column":45}},"423":{"start":{"line":424,"column":0},"end":{"line":424,"column":5}},"424":{"start":{"line":425,"column":0},"end":{"line":425,"column":32}},"425":{"start":{"line":426,"column":0},"end":{"line":426,"column":4}},"427":{"start":{"line":428,"column":0},"end":{"line":428,"column":19}},"428":{"start":{"line":429,"column":0},"end":{"line":429,"column":14}},"430":{"start":{"line":431,"column":0},"end":{"line":431,"column":38}},"431":{"start":{"line":432,"column":0},"end":{"line":432,"column":32}},"432":{"start":{"line":433,"column":0},"end":{"line":433,"column":56}},"433":{"start":{"line":434,"column":0},"end":{"line":434,"column":15}},"434":{"start":{"line":435,"column":0},"end":{"line":435,"column":42}},"435":{"start":{"line":436,"column":0},"end":{"line":436,"column":22}},"436":{"start":{"line":437,"column":0},"end":{"line":437,"column":5}},"438":{"start":{"line":439,"column":0},"end":{"line":439,"column":18}},"439":{"start":{"line":440,"column":0},"end":{"line":440,"column":18}},"440":{"start":{"line":441,"column":0},"end":{"line":441,"column":28}},"441":{"start":{"line":442,"column":0},"end":{"line":442,"column":7}},"442":{"start":{"line":443,"column":0},"end":{"line":443,"column":6}},"443":{"start":{"line":444,"column":0},"end":{"line":444,"column":38}},"445":{"start":{"line":446,"column":0},"end":{"line":446,"column":21}},"446":{"start":{"line":447,"column":0},"end":{"line":447,"column":35}},"447":{"start":{"line":448,"column":0},"end":{"line":448,"column":45}},"448":{"start":{"line":449,"column":0},"end":{"line":449,"column":30}},"449":{"start":{"line":450,"column":0},"end":{"line":450,"column":55}},"450":{"start":{"line":451,"column":0},"end":{"line":451,"column":4}},"453":{"start":{"line":454,"column":0},"end":{"line":454,"column":10}},"454":{"start":{"line":455,"column":0},"end":{"line":455,"column":31}},"456":{"start":{"line":457,"column":0},"end":{"line":457,"column":24}},"457":{"start":{"line":458,"column":0},"end":{"line":458,"column":33}},"458":{"start":{"line":459,"column":0},"end":{"line":459,"column":43}},"459":{"start":{"line":460,"column":0},"end":{"line":460,"column":43}},"460":{"start":{"line":461,"column":0},"end":{"line":461,"column":24}},"461":{"start":{"line":462,"column":0},"end":{"line":462,"column":78}},"465":{"start":{"line":466,"column":0},"end":{"line":466,"column":71}},"472":{"start":{"line":473,"column":0},"end":{"line":473,"column":84}},"474":{"start":{"line":475,"column":0},"end":{"line":475,"column":77}},"475":{"start":{"line":476,"column":0},"end":{"line":476,"column":15}},"476":{"start":{"line":477,"column":0},"end":{"line":477,"column":60}},"480":{"start":{"line":481,"column":0},"end":{"line":481,"column":29}},"481":{"start":{"line":482,"column":0},"end":{"line":482,"column":50}},"482":{"start":{"line":483,"column":0},"end":{"line":483,"column":43}},"483":{"start":{"line":484,"column":0},"end":{"line":484,"column":57}},"484":{"start":{"line":485,"column":0},"end":{"line":485,"column":76}},"488":{"start":{"line":489,"column":0},"end":{"line":489,"column":51}},"489":{"start":{"line":490,"column":0},"end":{"line":490,"column":44}},"490":{"start":{"line":491,"column":0},"end":{"line":491,"column":58}},"491":{"start":{"line":492,"column":0},"end":{"line":492,"column":76}},"495":{"start":{"line":496,"column":0},"end":{"line":496,"column":49}},"496":{"start":{"line":497,"column":0},"end":{"line":497,"column":42}},"497":{"start":{"line":498,"column":0},"end":{"line":498,"column":56}},"498":{"start":{"line":499,"column":0},"end":{"line":499,"column":76}},"502":{"start":{"line":503,"column":0},"end":{"line":503,"column":52}},"503":{"start":{"line":504,"column":0},"end":{"line":504,"column":45}},"504":{"start":{"line":505,"column":0},"end":{"line":505,"column":59}},"505":{"start":{"line":506,"column":0},"end":{"line":506,"column":76}},"511":{"start":{"line":512,"column":0},"end":{"line":512,"column":54}},"512":{"start":{"line":513,"column":0},"end":{"line":513,"column":38}},"513":{"start":{"line":514,"column":0},"end":{"line":514,"column":12}},"514":{"start":{"line":515,"column":0},"end":{"line":515,"column":17}},"515":{"start":{"line":516,"column":0},"end":{"line":516,"column":38}},"516":{"start":{"line":517,"column":0},"end":{"line":517,"column":76}},"518":{"start":{"line":519,"column":0},"end":{"line":519,"column":48}},"521":{"start":{"line":522,"column":0},"end":{"line":522,"column":43}},"522":{"start":{"line":523,"column":0},"end":{"line":523,"column":18}},"523":{"start":{"line":524,"column":0},"end":{"line":524,"column":65}},"524":{"start":{"line":525,"column":0},"end":{"line":525,"column":70}},"525":{"start":{"line":526,"column":0},"end":{"line":526,"column":47}},"529":{"start":{"line":530,"column":0},"end":{"line":530,"column":75}},"530":{"start":{"line":531,"column":0},"end":{"line":531,"column":19}},"531":{"start":{"line":532,"column":0},"end":{"line":532,"column":29}},"532":{"start":{"line":533,"column":0},"end":{"line":533,"column":42}},"533":{"start":{"line":534,"column":0},"end":{"line":534,"column":64}},"534":{"start":{"line":535,"column":0},"end":{"line":535,"column":86}},"541":{"start":{"line":542,"column":0},"end":{"line":542,"column":81}},"542":{"start":{"line":543,"column":0},"end":{"line":543,"column":30}},"543":{"start":{"line":544,"column":0},"end":{"line":544,"column":33}},"544":{"start":{"line":545,"column":0},"end":{"line":545,"column":16}},"545":{"start":{"line":546,"column":0},"end":{"line":546,"column":28}},"546":{"start":{"line":547,"column":0},"end":{"line":547,"column":76}},"547":{"start":{"line":548,"column":0},"end":{"line":548,"column":66}},"548":{"start":{"line":549,"column":0},"end":{"line":549,"column":22}},"549":{"start":{"line":550,"column":0},"end":{"line":550,"column":54}},"550":{"start":{"line":551,"column":0},"end":{"line":551,"column":48}},"551":{"start":{"line":552,"column":0},"end":{"line":552,"column":16}},"555":{"start":{"line":556,"column":0},"end":{"line":556,"column":59}},"560":{"start":{"line":561,"column":0},"end":{"line":561,"column":38}},"561":{"start":{"line":562,"column":0},"end":{"line":562,"column":35}},"562":{"start":{"line":563,"column":0},"end":{"line":563,"column":56}},"563":{"start":{"line":564,"column":0},"end":{"line":564,"column":34}},"564":{"start":{"line":565,"column":0},"end":{"line":565,"column":13}},"565":{"start":{"line":566,"column":0},"end":{"line":566,"column":133}},"570":{"start":{"line":571,"column":0},"end":{"line":571,"column":67}},"573":{"start":{"line":574,"column":0},"end":{"line":574,"column":116}},"579":{"start":{"line":580,"column":0},"end":{"line":580,"column":2}},"581":{"start":{"line":582,"column":0},"end":{"line":582,"column":25}}},"s":{"0":1,"1":1,"2":1,"4":1,"5":9,"6":9,"7":9,"8":9,"9":9,"10":9,"11":9,"12":9,"13":9,"14":9,"15":9,"16":9,"17":9,"18":9,"19":9,"20":9,"21":9,"22":9,"23":9,"24":9,"25":9,"26":9,"27":9,"28":9,"29":9,"30":9,"31":9,"32":9,"36":9,"37":5,"38":5,"39":5,"40":5,"41":5,"42":5,"43":5,"45":5,"46":0,"47":0,"49":5,"51":5,"52":10,"53":10,"54":10,"56":5,"58":5,"60":5,"61":5,"62":5,"64":5,"65":0,"66":0,"68":5,"69":5,"70":0,"71":0,"72":5,"74":9,"75":1,"76":1,"77":1,"78":1,"79":1,"80":1,"81":1,"83":1,"84":0,"85":0,"87":1,"89":1,"91":1,"92":1,"93":1,"95":1,"96":0,"97":1,"98":1,"99":1,"101":1,"102":0,"103":0,"104":1,"106":9,"107":9,"108":4,"109":4,"110":4,"112":4,"113":0,"114":0,"115":4,"116":4,"117":4,"118":1,"119":1,"121":1,"122":1,"123":1,"124":1,"125":1,"126":1,"127":1,"128":1,"129":1,"130":1,"132":1,"133":1,"135":1,"136":0,"137":0,"138":0,"139":0,"141":1,"142":0,"143":0,"144":0,"145":0,"146":0,"148":1,"149":0,"150":0,"151":0,"152":0,"153":0,"154":0,"155":0,"156":0,"158":1,"159":0,"160":0,"162":1,"163":0,"164":0,"166":1,"167":0,"168":0,"169":0,"171":1,"172":0,"173":0,"174":1,"175":1,"177":4,"178":4,"179":1,"180":1,"182":4,"183":4,"184":0,"185":0,"187":0,"188":4,"190":9,"191":9,"192":1,"193":1,"194":1,"195":9,"198":9,"199":4,"200":9,"202":9,"203":1,"204":1,"205":1,"206":1,"207":1,"208":1,"209":1,"210":1,"211":1,"214":1,"215":0,"216":0,"218":1,"219":1,"220":1,"221":1,"222":0,"223":0,"224":0,"225":1,"226":9,"227":9,"228":2,"229":2,"230":2,"231":2,"232":2,"233":2,"234":2,"235":2,"236":2,"239":2,"240":0,"241":0,"244":2,"245":2,"246":2,"247":2,"249":2,"250":0,"251":0,"252":0,"253":2,"255":9,"256":9,"257":2,"258":2,"259":2,"260":2,"261":2,"262":2,"263":2,"264":2,"265":2,"267":2,"269":2,"270":2,"271":2,"272":2,"273":2,"274":2,"275":2,"276":2,"278":2,"279":2,"280":0,"281":0,"282":0,"283":0,"284":0,"285":0,"286":0,"287":0,"288":0,"289":0,"290":2,"291":2,"292":2,"293":2,"294":2,"295":2,"296":2,"297":2,"298":0,"299":0,"300":2,"302":9,"303":4,"304":4,"305":4,"306":9,"308":9,"309":5,"310":1,"311":1,"312":1,"313":1,"314":9,"316":9,"317":9,"318":0,"319":0,"320":0,"323":0,"324":0,"325":0,"326":0,"327":0,"328":0,"329":0,"330":0,"331":9,"332":9,"333":0,"334":0,"335":0,"336":0,"337":0,"338":0,"339":0,"340":9,"341":1,"343":1,"345":1,"346":1,"347":1,"348":1,"349":0,"351":0,"352":0,"353":0,"354":0,"355":0,"356":0,"357":0,"358":0,"359":0,"360":0,"361":0,"362":0,"363":0,"364":0,"365":0,"366":0,"367":0,"368":0,"369":0,"371":9,"372":4,"373":0,"374":0,"375":0,"376":9,"378":9,"379":4,"380":9,"382":9,"383":0,"384":0,"385":0,"386":0,"387":0,"388":0,"389":0,"390":0,"391":0,"392":0,"393":0,"395":9,"396":4,"397":4,"398":9,"402":9,"403":9,"404":0,"405":0,"406":0,"407":0,"408":0,"409":0,"410":0,"411":0,"412":0,"413":0,"414":0,"415":0,"416":0,"417":0,"418":0,"419":0,"420":0,"421":0,"422":0,"423":0,"424":0,"425":0,"427":9,"428":5,"430":5,"431":1,"432":0,"433":1,"434":5,"435":0,"436":0,"438":5,"439":5,"440":1,"441":1,"442":5,"443":9,"445":9,"446":9,"447":9,"448":9,"449":9,"450":9,"453":9,"454":9,"456":9,"457":9,"458":9,"459":9,"460":9,"461":9,"465":9,"472":9,"474":9,"475":9,"476":9,"480":9,"481":9,"482":9,"483":9,"484":9,"488":9,"489":9,"490":9,"491":9,"495":9,"496":9,"497":9,"498":9,"502":9,"503":9,"504":9,"505":9,"511":9,"512":9,"513":9,"514":9,"515":9,"516":9,"518":9,"521":9,"522":9,"523":9,"524":9,"525":9,"529":9,"530":9,"531":9,"532":9,"533":9,"534":9,"541":9,"542":9,"543":0,"544":0,"545":0,"546":0,"547":0,"548":0,"549":0,"550":0,"551":0,"555":9,"560":9,"561":9,"562":9,"563":9,"564":9,"565":9,"570":9,"573":9,"579":9,"581":1},"branchMap":{"0":{"type":"branch","line":5,"loc":{"start":{"line":5,"column":18},"end":{"line":580,"column":2}},"locations":[{"start":{"line":5,"column":18},"end":{"line":580,"column":2}}]},"1":{"type":"branch","line":542,"loc":{"start":{"line":542,"column":42},"end":{"line":542,"column":75}},"locations":[{"start":{"line":542,"column":42},"end":{"line":542,"column":75}}]},"2":{"type":"branch","line":542,"loc":{"start":{"line":542,"column":56},"end":{"line":542,"column":78}},"locations":[{"start":{"line":542,"column":56},"end":{"line":542,"column":78}}]},"3":{"type":"branch","line":543,"loc":{"start":{"line":543,"column":25},"end":{"line":556,"column":25}},"locations":[{"start":{"line":543,"column":25},"end":{"line":556,"column":25}}]},"4":{"type":"branch","line":566,"loc":{"start":{"line":566,"column":29},"end":{"line":566,"column":51}},"locations":[{"start":{"line":566,"column":29},"end":{"line":566,"column":51}}]},"5":{"type":"branch","line":566,"loc":{"start":{"line":566,"column":51},"end":{"line":566,"column":79}},"locations":[{"start":{"line":566,"column":51},"end":{"line":566,"column":79}}]},"6":{"type":"branch","line":566,"loc":{"start":{"line":566,"column":61},"end":{"line":566,"column":116}},"locations":[{"start":{"line":566,"column":61},"end":{"line":566,"column":116}}]},"7":{"type":"branch","line":37,"loc":{"start":{"line":37,"column":24},"end":{"line":73,"column":4}},"locations":[{"start":{"line":37,"column":24},"end":{"line":73,"column":4}}]},"8":{"type":"branch","line":46,"loc":{"start":{"line":46,"column":24},"end":{"line":48,"column":7}},"locations":[{"start":{"line":46,"column":24},"end":{"line":48,"column":7}}]},"9":{"type":"branch","line":65,"loc":{"start":{"line":65,"column":37},"end":{"line":67,"column":7}},"locations":[{"start":{"line":65,"column":37},"end":{"line":67,"column":7}}]},"10":{"type":"branch","line":70,"loc":{"start":{"line":70,"column":6},"end":{"line":72,"column":5}},"locations":[{"start":{"line":70,"column":6},"end":{"line":72,"column":5}}]},"11":{"type":"branch","line":52,"loc":{"start":{"line":52,"column":55},"end":{"line":55,"column":9}},"locations":[{"start":{"line":52,"column":55},"end":{"line":55,"column":9}}]},"12":{"type":"branch","line":75,"loc":{"start":{"line":75,"column":24},"end":{"line":105,"column":4}},"locations":[{"start":{"line":75,"column":24},"end":{"line":105,"column":4}}]},"13":{"type":"branch","line":84,"loc":{"start":{"line":84,"column":24},"end":{"line":86,"column":7}},"locations":[{"start":{"line":84,"column":24},"end":{"line":86,"column":7}}]},"14":{"type":"branch","line":96,"loc":{"start":{"line":96,"column":54},"end":{"line":98,"column":13}},"locations":[{"start":{"line":96,"column":54},"end":{"line":98,"column":13}}]},"15":{"type":"branch","line":102,"loc":{"start":{"line":102,"column":6},"end":{"line":104,"column":5}},"locations":[{"start":{"line":102,"column":6},"end":{"line":104,"column":5}}]},"16":{"type":"branch","line":108,"loc":{"start":{"line":108,"column":27},"end":{"line":189,"column":4}},"locations":[{"start":{"line":108,"column":27},"end":{"line":189,"column":4}}]},"17":{"type":"branch","line":118,"loc":{"start":{"line":118,"column":27},"end":{"line":176,"column":6}},"locations":[{"start":{"line":118,"column":27},"end":{"line":176,"column":6}}]},"18":{"type":"branch","line":136,"loc":{"start":{"line":136,"column":8},"end":{"line":140,"column":16}},"locations":[{"start":{"line":136,"column":8},"end":{"line":140,"column":16}}]},"19":{"type":"branch","line":142,"loc":{"start":{"line":142,"column":8},"end":{"line":147,"column":16}},"locations":[{"start":{"line":142,"column":8},"end":{"line":147,"column":16}}]},"20":{"type":"branch","line":149,"loc":{"start":{"line":149,"column":8},"end":{"line":157,"column":16}},"locations":[{"start":{"line":149,"column":8},"end":{"line":157,"column":16}}]},"21":{"type":"branch","line":159,"loc":{"start":{"line":159,"column":8},"end":{"line":161,"column":16}},"locations":[{"start":{"line":159,"column":8},"end":{"line":161,"column":16}}]},"22":{"type":"branch","line":163,"loc":{"start":{"line":163,"column":8},"end":{"line":165,"column":16}},"locations":[{"start":{"line":163,"column":8},"end":{"line":165,"column":16}}]},"23":{"type":"branch","line":167,"loc":{"start":{"line":167,"column":8},"end":{"line":170,"column":16}},"locations":[{"start":{"line":167,"column":8},"end":{"line":170,"column":16}}]},"24":{"type":"branch","line":172,"loc":{"start":{"line":172,"column":8},"end":{"line":174,"column":31}},"locations":[{"start":{"line":172,"column":8},"end":{"line":174,"column":31}}]},"25":{"type":"branch","line":179,"loc":{"start":{"line":179,"column":25},"end":{"line":181,"column":6}},"locations":[{"start":{"line":179,"column":25},"end":{"line":181,"column":6}}]},"26":{"type":"branch","line":191,"loc":{"start":{"line":191,"column":12},"end":{"line":196,"column":5}},"locations":[{"start":{"line":191,"column":12},"end":{"line":196,"column":5}}]},"27":{"type":"branch","line":192,"loc":{"start":{"line":192,"column":25},"end":{"line":192,"column":43}},"locations":[{"start":{"line":192,"column":25},"end":{"line":192,"column":43}}]},"28":{"type":"branch","line":192,"loc":{"start":{"line":192,"column":43},"end":{"line":195,"column":5}},"locations":[{"start":{"line":192,"column":43},"end":{"line":195,"column":5}}]},"29":{"type":"branch","line":199,"loc":{"start":{"line":199,"column":12},"end":{"line":201,"column":5}},"locations":[{"start":{"line":199,"column":12},"end":{"line":201,"column":5}}]},"30":{"type":"branch","line":203,"loc":{"start":{"line":203,"column":33},"end":{"line":226,"column":4}},"locations":[{"start":{"line":203,"column":33},"end":{"line":226,"column":4}}]},"31":{"type":"branch","line":215,"loc":{"start":{"line":215,"column":24},"end":{"line":217,"column":7}},"locations":[{"start":{"line":215,"column":24},"end":{"line":217,"column":7}}]},"32":{"type":"branch","line":222,"loc":{"start":{"line":222,"column":6},"end":{"line":225,"column":5}},"locations":[{"start":{"line":222,"column":6},"end":{"line":225,"column":5}}]},"33":{"type":"branch","line":228,"loc":{"start":{"line":228,"column":31},"end":{"line":254,"column":4}},"locations":[{"start":{"line":228,"column":31},"end":{"line":254,"column":4}}]},"34":{"type":"branch","line":240,"loc":{"start":{"line":240,"column":24},"end":{"line":242,"column":7}},"locations":[{"start":{"line":240,"column":24},"end":{"line":242,"column":7}}]},"35":{"type":"branch","line":250,"loc":{"start":{"line":250,"column":6},"end":{"line":253,"column":5}},"locations":[{"start":{"line":250,"column":6},"end":{"line":253,"column":5}}]},"36":{"type":"branch","line":257,"loc":{"start":{"line":257,"column":30},"end":{"line":301,"column":4}},"locations":[{"start":{"line":257,"column":30},"end":{"line":301,"column":4}}]},"37":{"type":"branch","line":280,"loc":{"start":{"line":280,"column":30},"end":{"line":291,"column":15}},"locations":[{"start":{"line":280,"column":30},"end":{"line":291,"column":15}}]},"38":{"type":"branch","line":298,"loc":{"start":{"line":298,"column":6},"end":{"line":300,"column":5}},"locations":[{"start":{"line":298,"column":6},"end":{"line":300,"column":5}}]},"39":{"type":"branch","line":266,"loc":{"start":{"line":266,"column":51},"end":{"line":266,"column":87}},"locations":[{"start":{"line":266,"column":51},"end":{"line":266,"column":87}}]},"40":{"type":"branch","line":303,"loc":{"start":{"line":303,"column":12},"end":{"line":307,"column":5}},"locations":[{"start":{"line":303,"column":12},"end":{"line":307,"column":5}}]},"41":{"type":"branch","line":309,"loc":{"start":{"line":309,"column":12},"end":{"line":315,"column":5}},"locations":[{"start":{"line":309,"column":12},"end":{"line":315,"column":5}}]},"42":{"type":"branch","line":310,"loc":{"start":{"line":310,"column":21},"end":{"line":314,"column":5}},"locations":[{"start":{"line":310,"column":21},"end":{"line":314,"column":5}}]},"43":{"type":"branch","line":311,"loc":{"start":{"line":311,"column":36},"end":{"line":313,"column":9}},"locations":[{"start":{"line":311,"column":36},"end":{"line":313,"column":9}}]},"44":{"type":"branch","line":341,"loc":{"start":{"line":341,"column":28},"end":{"line":370,"column":4}},"locations":[{"start":{"line":341,"column":28},"end":{"line":370,"column":4}}]},"45":{"type":"branch","line":349,"loc":{"start":{"line":349,"column":4},"end":{"line":370,"column":4}},"locations":[{"start":{"line":349,"column":4},"end":{"line":370,"column":4}}]},"46":{"type":"branch","line":372,"loc":{"start":{"line":372,"column":12},"end":{"line":377,"column":5}},"locations":[{"start":{"line":372,"column":12},"end":{"line":377,"column":5}}]},"47":{"type":"branch","line":373,"loc":{"start":{"line":373,"column":27},"end":{"line":376,"column":5}},"locations":[{"start":{"line":373,"column":27},"end":{"line":376,"column":5}}]},"48":{"type":"branch","line":379,"loc":{"start":{"line":379,"column":12},"end":{"line":381,"column":5}},"locations":[{"start":{"line":379,"column":12},"end":{"line":381,"column":5}}]},"49":{"type":"branch","line":396,"loc":{"start":{"line":396,"column":12},"end":{"line":399,"column":5}},"locations":[{"start":{"line":396,"column":12},"end":{"line":399,"column":5}}]},"50":{"type":"branch","line":428,"loc":{"start":{"line":428,"column":12},"end":{"line":444,"column":5}},"locations":[{"start":{"line":428,"column":12},"end":{"line":444,"column":5}}]},"51":{"type":"branch","line":431,"loc":{"start":{"line":431,"column":8},"end":{"line":431,"column":37}},"locations":[{"start":{"line":431,"column":8},"end":{"line":431,"column":37}}]},"52":{"type":"branch","line":431,"loc":{"start":{"line":431,"column":37},"end":{"line":435,"column":11}},"locations":[{"start":{"line":431,"column":37},"end":{"line":435,"column":11}}]},"53":{"type":"branch","line":435,"loc":{"start":{"line":435,"column":4},"end":{"line":437,"column":5}},"locations":[{"start":{"line":435,"column":4},"end":{"line":437,"column":5}}]},"54":{"type":"branch","line":435,"loc":{"start":{"line":435,"column":28},"end":{"line":435,"column":41}},"locations":[{"start":{"line":435,"column":28},"end":{"line":435,"column":41}}]},"55":{"type":"branch","line":435,"loc":{"start":{"line":435,"column":41},"end":{"line":437,"column":5}},"locations":[{"start":{"line":435,"column":41},"end":{"line":437,"column":5}}]},"56":{"type":"branch","line":439,"loc":{"start":{"line":439,"column":11},"end":{"line":443,"column":6}},"locations":[{"start":{"line":439,"column":11},"end":{"line":443,"column":6}}]},"57":{"type":"branch","line":440,"loc":{"start":{"line":440,"column":17},"end":{"line":442,"column":7}},"locations":[{"start":{"line":440,"column":17},"end":{"line":442,"column":7}}]},"58":{"type":"branch","line":447,"loc":{"start":{"line":447,"column":21},"end":{"line":451,"column":4}},"locations":[{"start":{"line":447,"column":21},"end":{"line":451,"column":4}}]},"59":{"type":"branch","line":450,"loc":{"start":{"line":450,"column":37},"end":{"line":450,"column":46}},"locations":[{"start":{"line":450,"column":37},"end":{"line":450,"column":46}}]}},"b":{"0":[9],"1":[8],"2":[1],"3":[0],"4":[0],"5":[0],"6":[0],"7":[5],"8":[0],"9":[0],"10":[0],"11":[10],"12":[1],"13":[0],"14":[0],"15":[0],"16":[4],"17":[1],"18":[0],"19":[0],"20":[0],"21":[0],"22":[0],"23":[0],"24":[0],"25":[1],"26":[9],"27":[5],"28":[1],"29":[4],"30":[1],"31":[0],"32":[0],"33":[2],"34":[0],"35":[0],"36":[2],"37":[0],"38":[0],"39":[2],"40":[4],"41":[5],"42":[1],"43":[1],"44":[1],"45":[0],"46":[4],"47":[0],"48":[4],"49":[4],"50":[5],"51":[1],"52":[1],"53":[4],"54":[0],"55":[0],"56":[5],"57":[1],"58":[9],"59":[0]},"fnMap":{"0":{"name":"BoardPage","decl":{"start":{"line":5,"column":18},"end":{"line":580,"column":2}},"loc":{"start":{"line":5,"column":18},"end":{"line":580,"column":2}},"line":5},"1":{"name":"fetchGameInfo","decl":{"start":{"line":37,"column":24},"end":{"line":73,"column":4}},"loc":{"start":{"line":37,"column":24},"end":{"line":73,"column":4}},"line":37},"2":{"name":"fetchTurnInfo","decl":{"start":{"line":75,"column":24},"end":{"line":105,"column":4}},"loc":{"start":{"line":75,"column":24},"end":{"line":105,"column":4}},"line":75},"3":{"name":"connectWebSocket","decl":{"start":{"line":108,"column":27},"end":{"line":189,"column":4}},"loc":{"start":{"line":108,"column":27},"end":{"line":189,"column":4}},"line":108},"4":{"name":"ws.current.onopen","decl":{"start":{"line":113,"column":26},"end":{"line":115,"column":8}},"loc":{"start":{"line":113,"column":26},"end":{"line":115,"column":8}},"line":113},"5":{"name":"ws.current.onmessage","decl":{"start":{"line":118,"column":27},"end":{"line":176,"column":6}},"loc":{"start":{"line":118,"column":27},"end":{"line":176,"column":6}},"line":118},"6":{"name":"ws.current.onerror","decl":{"start":{"line":179,"column":25},"end":{"line":181,"column":6}},"loc":{"start":{"line":179,"column":25},"end":{"line":181,"column":6}},"line":179},"7":{"name":"ws.current.onclose","decl":{"start":{"line":184,"column":25},"end":{"line":188,"column":6}},"loc":{"start":{"line":184,"column":25},"end":{"line":188,"column":6}},"line":184},"8":{"name":"fetchUserMovementCards","decl":{"start":{"line":203,"column":33},"end":{"line":226,"column":4}},"loc":{"start":{"line":203,"column":33},"end":{"line":226,"column":4}},"line":203},"9":{"name":"fetchUserFigureCards","decl":{"start":{"line":228,"column":31},"end":{"line":254,"column":4}},"loc":{"start":{"line":228,"column":31},"end":{"line":254,"column":4}},"line":228},"10":{"name":"fetchAllFigureCards","decl":{"start":{"line":257,"column":30},"end":{"line":301,"column":4}},"loc":{"start":{"line":257,"column":30},"end":{"line":301,"column":4}},"line":257},"11":{"name":"handleLeaveGame","decl":{"start":{"line":318,"column":26},"end":{"line":331,"column":4}},"loc":{"start":{"line":318,"column":26},"end":{"line":331,"column":4}},"line":318},"12":{"name":"handleStartGame","decl":{"start":{"line":333,"column":26},"end":{"line":340,"column":4}},"loc":{"start":{"line":333,"column":26},"end":{"line":340,"column":4}},"line":333},"13":{"name":"fetchAndSetTokens","decl":{"start":{"line":341,"column":28},"end":{"line":370,"column":4}},"loc":{"start":{"line":341,"column":28},"end":{"line":370,"column":4}},"line":341},"14":{"name":"handleEndTurn","decl":{"start":{"line":383,"column":24},"end":{"line":394,"column":4}},"loc":{"start":{"line":383,"column":24},"end":{"line":394,"column":4}},"line":383},"15":{"name":"getMovementClass","decl":{"start":{"line":404,"column":27},"end":{"line":426,"column":4}},"loc":{"start":{"line":404,"column":27},"end":{"line":426,"column":4}},"line":404},"16":{"name":"formatTime","decl":{"start":{"line":447,"column":21},"end":{"line":451,"column":4}},"loc":{"start":{"line":447,"column":21},"end":{"line":451,"column":4}},"line":447},"17":{"name":"onClick","decl":{"start":{"line":517,"column":23},"end":{"line":517,"column":76}},"loc":{"start":{"line":517,"column":23},"end":{"line":517,"column":76}},"line":517},"18":{"name":"onClick","decl":{"start":{"line":524,"column":25},"end":{"line":524,"column":65}},"loc":{"start":{"line":524,"column":25},"end":{"line":524,"column":65}},"line":524}},"f":{"0":9,"1":5,"2":1,"3":4,"4":0,"5":1,"6":1,"7":0,"8":1,"9":2,"10":2,"11":0,"12":0,"13":1,"14":0,"15":0,"16":9,"17":0,"18":0}}
,"/home/ignacio/FAMAF/2024/Ing Soft/front/src/components/buttonspage.jsx": {"path":"/home/ignacio/FAMAF/2024/Ing Soft/front/src/components/buttonspage.jsx","all":true,"statementMap":{"0":{"start":{"line":1,"column":0},"end":{"line":1,"column":0}},"1":{"start":{"line":2,"column":0},"end":{"line":2,"column":26}},"2":{"start":{"line":3,"column":0},"end":{"line":3,"column":0}},"3":{"start":{"line":4,"column":0},"end":{"line":4,"column":56}},"4":{"start":{"line":5,"column":0},"end":{"line":5,"column":10}},"5":{"start":{"line":6,"column":0},"end":{"line":6,"column":39}},"6":{"start":{"line":7,"column":0},"end":{"line":7,"column":85}},"7":{"start":{"line":8,"column":0},"end":{"line":8,"column":86}},"8":{"start":{"line":9,"column":0},"end":{"line":9,"column":10}},"9":{"start":{"line":10,"column":0},"end":{"line":10,"column":4}},"10":{"start":{"line":11,"column":0},"end":{"line":11,"column":2}},"11":{"start":{"line":12,"column":0},"end":{"line":12,"column":0}},"12":{"start":{"line":13,"column":0},"end":{"line":13,"column":27}}},"s":{"0":0,"1":0,"2":0,"3":0,"4":0,"5":0,"6":0,"7":0,"8":0,"9":0,"10":0,"11":0,"12":0},"branchMap":{"0":{"type":"branch","line":1,"loc":{"start":{"line":1,"column":0},"end":{"line":13,"column":27}},"locations":[{"start":{"line":1,"column":0},"end":{"line":13,"column":27}}]}},"b":{"0":[0]},"fnMap":{"0":{"name":"(empty-report)","decl":{"start":{"line":1,"column":0},"end":{"line":13,"column":27}},"loc":{"start":{"line":1,"column":0},"end":{"line":13,"column":27}},"line":1}},"f":{"0":0}}
,"/home/ignacio/FAMAF/2024/Ing Soft/front/src/components/createformpage.jsx": {"path":"/home/ignacio/FAMAF/2024/Ing Soft/front/src/components/createformpage.jsx","all":false,"statementMap":{"0":{"start":{"line":1,"column":0},"end":{"line":1,"column":40}},"1":{"start":{"line":2,"column":0},"end":{"line":2,"column":20}},"3":{"start":{"line":4,"column":0},"end":{"line":4,"column":56}},"4":{"start":{"line":5,"column":0},"end":{"line":5,"column":103}},"5":{"start":{"line":6,"column":0},"end":{"line":6,"column":101}},"6":{"start":{"line":7,"column":0},"end":{"line":7,"column":100}},"7":{"start":{"line":8,"column":0},"end":{"line":8,"column":100}},"8":{"start":{"line":9,"column":0},"end":{"line":9,"column":91}},"9":{"start":{"line":10,"column":0},"end":{"line":10,"column":88}},"10":{"start":{"line":11,"column":0},"end":{"line":11,"column":74}},"11":{"start":{"line":12,"column":0},"end":{"line":12,"column":100}},"14":{"start":{"line":15,"column":0},"end":{"line":15,"column":57}},"15":{"start":{"line":16,"column":0},"end":{"line":16,"column":57}},"16":{"start":{"line":17,"column":0},"end":{"line":17,"column":61}},"17":{"start":{"line":18,"column":0},"end":{"line":18,"column":61}},"19":{"start":{"line":20,"column":0},"end":{"line":20,"column":45}},"20":{"start":{"line":21,"column":0},"end":{"line":21,"column":18}},"21":{"start":{"line":22,"column":0},"end":{"line":22,"column":45}},"22":{"start":{"line":23,"column":0},"end":{"line":23,"column":13}},"23":{"start":{"line":24,"column":0},"end":{"line":24,"column":5}},"24":{"start":{"line":25,"column":0},"end":{"line":25,"column":9}},"25":{"start":{"line":26,"column":0},"end":{"line":26,"column":77}},"26":{"start":{"line":27,"column":0},"end":{"line":27,"column":22}},"27":{"start":{"line":28,"column":0},"end":{"line":28,"column":56}},"28":{"start":{"line":29,"column":0},"end":{"line":29,"column":9}},"30":{"start":{"line":31,"column":0},"end":{"line":31,"column":25}},"31":{"start":{"line":32,"column":0},"end":{"line":32,"column":62}},"32":{"start":{"line":33,"column":0},"end":{"line":33,"column":7}},"34":{"start":{"line":35,"column":0},"end":{"line":35,"column":45}},"35":{"start":{"line":36,"column":0},"end":{"line":36,"column":38}},"37":{"start":{"line":38,"column":0},"end":{"line":38,"column":20}},"38":{"start":{"line":39,"column":0},"end":{"line":39,"column":21}},"39":{"start":{"line":40,"column":0},"end":{"line":40,"column":66}},"40":{"start":{"line":41,"column":0},"end":{"line":41,"column":18}},"41":{"start":{"line":42,"column":0},"end":{"line":42,"column":5}},"42":{"start":{"line":43,"column":0},"end":{"line":43,"column":4}},"44":{"start":{"line":45,"column":0},"end":{"line":45,"column":51}},"45":{"start":{"line":46,"column":0},"end":{"line":46,"column":41}},"47":{"start":{"line":48,"column":0},"end":{"line":48,"column":59}},"48":{"start":{"line":49,"column":0},"end":{"line":49,"column":21}},"50":{"start":{"line":51,"column":0},"end":{"line":51,"column":19}},"51":{"start":{"line":52,"column":0},"end":{"line":52,"column":31}},"52":{"start":{"line":53,"column":0},"end":{"line":53,"column":86}},"53":{"start":{"line":54,"column":0},"end":{"line":54,"column":13}},"54":{"start":{"line":55,"column":0},"end":{"line":55,"column":5}},"56":{"start":{"line":57,"column":0},"end":{"line":57,"column":43}},"57":{"start":{"line":58,"column":0},"end":{"line":58,"column":79}},"58":{"start":{"line":59,"column":0},"end":{"line":59,"column":13}},"59":{"start":{"line":60,"column":0},"end":{"line":60,"column":5}},"61":{"start":{"line":62,"column":0},"end":{"line":62,"column":43}},"62":{"start":{"line":63,"column":0},"end":{"line":63,"column":79}},"63":{"start":{"line":64,"column":0},"end":{"line":64,"column":13}},"64":{"start":{"line":65,"column":0},"end":{"line":65,"column":5}},"66":{"start":{"line":67,"column":0},"end":{"line":67,"column":34}},"67":{"start":{"line":68,"column":0},"end":{"line":68,"column":22}},"68":{"start":{"line":69,"column":0},"end":{"line":69,"column":24}},"69":{"start":{"line":70,"column":0},"end":{"line":70,"column":23}},"70":{"start":{"line":71,"column":0},"end":{"line":71,"column":103}},"71":{"start":{"line":72,"column":0},"end":{"line":72,"column":45}},"72":{"start":{"line":73,"column":0},"end":{"line":73,"column":45}},"73":{"start":{"line":74,"column":0},"end":{"line":74,"column":8}},"74":{"start":{"line":75,"column":0},"end":{"line":75,"column":26}},"75":{"start":{"line":76,"column":0},"end":{"line":76,"column":45}},"76":{"start":{"line":77,"column":0},"end":{"line":77,"column":7}},"77":{"start":{"line":78,"column":0},"end":{"line":78,"column":6}},"79":{"start":{"line":80,"column":0},"end":{"line":80,"column":9}},"80":{"start":{"line":81,"column":0},"end":{"line":81,"column":46}},"81":{"start":{"line":82,"column":0},"end":{"line":82,"column":71}},"82":{"start":{"line":83,"column":0},"end":{"line":83,"column":23}},"83":{"start":{"line":84,"column":0},"end":{"line":84,"column":18}},"84":{"start":{"line":85,"column":0},"end":{"line":85,"column":45}},"85":{"start":{"line":86,"column":0},"end":{"line":86,"column":10}},"86":{"start":{"line":87,"column":0},"end":{"line":87,"column":70}},"87":{"start":{"line":88,"column":0},"end":{"line":88,"column":9}},"89":{"start":{"line":90,"column":0},"end":{"line":90,"column":29}},"90":{"start":{"line":91,"column":0},"end":{"line":91,"column":25}},"91":{"start":{"line":92,"column":0},"end":{"line":92,"column":77}},"92":{"start":{"line":93,"column":0},"end":{"line":93,"column":7}},"94":{"start":{"line":95,"column":0},"end":{"line":95,"column":43}},"95":{"start":{"line":96,"column":0},"end":{"line":96,"column":57}},"96":{"start":{"line":97,"column":0},"end":{"line":97,"column":32}},"97":{"start":{"line":98,"column":0},"end":{"line":98,"column":51}},"98":{"start":{"line":99,"column":0},"end":{"line":99,"column":19}},"99":{"start":{"line":100,"column":0},"end":{"line":100,"column":38}},"100":{"start":{"line":101,"column":0},"end":{"line":101,"column":7}},"102":{"start":{"line":103,"column":0},"end":{"line":103,"column":21}},"103":{"start":{"line":104,"column":0},"end":{"line":104,"column":88}},"104":{"start":{"line":105,"column":0},"end":{"line":105,"column":83}},"105":{"start":{"line":106,"column":0},"end":{"line":106,"column":15}},"106":{"start":{"line":107,"column":0},"end":{"line":107,"column":24}},"107":{"start":{"line":108,"column":0},"end":{"line":108,"column":5}},"108":{"start":{"line":109,"column":0},"end":{"line":109,"column":4}},"110":{"start":{"line":111,"column":0},"end":{"line":111,"column":58}},"111":{"start":{"line":112,"column":0},"end":{"line":112,"column":39}},"112":{"start":{"line":113,"column":0},"end":{"line":113,"column":33}},"113":{"start":{"line":114,"column":0},"end":{"line":114,"column":29}},"114":{"start":{"line":115,"column":0},"end":{"line":115,"column":25}},"115":{"start":{"line":116,"column":0},"end":{"line":116,"column":84}},"116":{"start":{"line":117,"column":0},"end":{"line":117,"column":12}},"117":{"start":{"line":118,"column":0},"end":{"line":118,"column":86}},"118":{"start":{"line":119,"column":0},"end":{"line":119,"column":5}},"119":{"start":{"line":120,"column":0},"end":{"line":120,"column":4}},"121":{"start":{"line":122,"column":0},"end":{"line":122,"column":68}},"122":{"start":{"line":123,"column":0},"end":{"line":123,"column":41}},"123":{"start":{"line":124,"column":0},"end":{"line":124,"column":33}},"124":{"start":{"line":125,"column":0},"end":{"line":125,"column":35}},"125":{"start":{"line":126,"column":0},"end":{"line":126,"column":27}},"126":{"start":{"line":127,"column":0},"end":{"line":127,"column":86}},"127":{"start":{"line":128,"column":0},"end":{"line":128,"column":12}},"128":{"start":{"line":129,"column":0},"end":{"line":129,"column":79}},"129":{"start":{"line":130,"column":0},"end":{"line":130,"column":5}},"130":{"start":{"line":131,"column":0},"end":{"line":131,"column":4}},"132":{"start":{"line":133,"column":0},"end":{"line":133,"column":68}},"133":{"start":{"line":134,"column":0},"end":{"line":134,"column":41}},"134":{"start":{"line":135,"column":0},"end":{"line":135,"column":33}},"135":{"start":{"line":136,"column":0},"end":{"line":136,"column":35}},"136":{"start":{"line":137,"column":0},"end":{"line":137,"column":27}},"137":{"start":{"line":138,"column":0},"end":{"line":138,"column":86}},"138":{"start":{"line":139,"column":0},"end":{"line":139,"column":12}},"139":{"start":{"line":140,"column":0},"end":{"line":140,"column":79}},"140":{"start":{"line":141,"column":0},"end":{"line":141,"column":5}},"141":{"start":{"line":142,"column":0},"end":{"line":142,"column":4}},"143":{"start":{"line":144,"column":0},"end":{"line":144,"column":59}},"144":{"start":{"line":145,"column":0},"end":{"line":145,"column":43}},"145":{"start":{"line":146,"column":0},"end":{"line":146,"column":36}},"146":{"start":{"line":147,"column":0},"end":{"line":147,"column":4}},"148":{"start":{"line":149,"column":0},"end":{"line":149,"column":10}},"149":{"start":{"line":150,"column":0},"end":{"line":150,"column":9}},"152":{"start":{"line":153,"column":0},"end":{"line":153,"column":43}},"153":{"start":{"line":154,"column":0},"end":{"line":154,"column":82}},"154":{"start":{"line":155,"column":0},"end":{"line":155,"column":41}},"155":{"start":{"line":156,"column":0},"end":{"line":156,"column":16}},"156":{"start":{"line":157,"column":0},"end":{"line":157,"column":23}},"157":{"start":{"line":158,"column":0},"end":{"line":158,"column":27}},"158":{"start":{"line":159,"column":0},"end":{"line":159,"column":25}},"159":{"start":{"line":160,"column":0},"end":{"line":160,"column":54}},"160":{"start":{"line":161,"column":0},"end":{"line":161,"column":28}},"161":{"start":{"line":162,"column":0},"end":{"line":162,"column":89}},"162":{"start":{"line":163,"column":0},"end":{"line":163,"column":20}},"168":{"start":{"line":169,"column":0},"end":{"line":169,"column":38}},"169":{"start":{"line":170,"column":0},"end":{"line":170,"column":31}},"170":{"start":{"line":171,"column":0},"end":{"line":171,"column":50}},"173":{"start":{"line":174,"column":0},"end":{"line":174,"column":92}},"174":{"start":{"line":175,"column":0},"end":{"line":175,"column":38}},"175":{"start":{"line":176,"column":0},"end":{"line":176,"column":66}},"176":{"start":{"line":177,"column":0},"end":{"line":177,"column":45}},"177":{"start":{"line":178,"column":0},"end":{"line":178,"column":20}},"178":{"start":{"line":179,"column":0},"end":{"line":179,"column":27}},"179":{"start":{"line":180,"column":0},"end":{"line":180,"column":31}},"180":{"start":{"line":181,"column":0},"end":{"line":181,"column":29}},"181":{"start":{"line":182,"column":0},"end":{"line":182,"column":61}},"182":{"start":{"line":183,"column":0},"end":{"line":183,"column":32}},"183":{"start":{"line":184,"column":0},"end":{"line":184,"column":79}},"184":{"start":{"line":185,"column":0},"end":{"line":185,"column":24}},"187":{"start":{"line":188,"column":0},"end":{"line":188,"column":115}},"190":{"start":{"line":191,"column":0},"end":{"line":191,"column":38}},"191":{"start":{"line":192,"column":0},"end":{"line":192,"column":67}},"192":{"start":{"line":193,"column":0},"end":{"line":193,"column":45}},"193":{"start":{"line":194,"column":0},"end":{"line":194,"column":20}},"194":{"start":{"line":195,"column":0},"end":{"line":195,"column":29}},"195":{"start":{"line":196,"column":0},"end":{"line":196,"column":33}},"196":{"start":{"line":197,"column":0},"end":{"line":197,"column":31}},"197":{"start":{"line":198,"column":0},"end":{"line":198,"column":56}},"198":{"start":{"line":199,"column":0},"end":{"line":199,"column":34}},"199":{"start":{"line":200,"column":0},"end":{"line":200,"column":84}},"200":{"start":{"line":201,"column":0},"end":{"line":201,"column":24}},"203":{"start":{"line":204,"column":0},"end":{"line":204,"column":124}},"206":{"start":{"line":207,"column":0},"end":{"line":207,"column":38}},"207":{"start":{"line":208,"column":0},"end":{"line":208,"column":67}},"208":{"start":{"line":209,"column":0},"end":{"line":209,"column":45}},"209":{"start":{"line":210,"column":0},"end":{"line":210,"column":20}},"210":{"start":{"line":211,"column":0},"end":{"line":211,"column":29}},"211":{"start":{"line":212,"column":0},"end":{"line":212,"column":33}},"212":{"start":{"line":213,"column":0},"end":{"line":213,"column":31}},"213":{"start":{"line":214,"column":0},"end":{"line":214,"column":56}},"214":{"start":{"line":215,"column":0},"end":{"line":215,"column":34}},"215":{"start":{"line":216,"column":0},"end":{"line":216,"column":84}},"216":{"start":{"line":217,"column":0},"end":{"line":217,"column":24}},"219":{"start":{"line":220,"column":0},"end":{"line":220,"column":124}},"223":{"start":{"line":224,"column":0},"end":{"line":224,"column":38}},"224":{"start":{"line":225,"column":0},"end":{"line":225,"column":42}},"225":{"start":{"line":226,"column":0},"end":{"line":226,"column":45}},"226":{"start":{"line":227,"column":0},"end":{"line":227,"column":21}},"227":{"start":{"line":228,"column":0},"end":{"line":228,"column":22}},"228":{"start":{"line":229,"column":0},"end":{"line":229,"column":30}},"229":{"start":{"line":230,"column":0},"end":{"line":230,"column":33}},"230":{"start":{"line":231,"column":0},"end":{"line":231,"column":32}},"231":{"start":{"line":232,"column":0},"end":{"line":232,"column":49}},"232":{"start":{"line":233,"column":0},"end":{"line":233,"column":49}},"233":{"start":{"line":234,"column":0},"end":{"line":234,"column":18}},"266":{"start":{"line":267,"column":0},"end":{"line":267,"column":93}},"268":{"start":{"line":269,"column":0},"end":{"line":269,"column":95}},"271":{"start":{"line":272,"column":0},"end":{"line":272,"column":63}},"274":{"start":{"line":275,"column":0},"end":{"line":275,"column":2}},"276":{"start":{"line":277,"column":0},"end":{"line":277,"column":30}}},"s":{"0":1,"1":1,"3":1,"4":60,"5":60,"6":60,"7":60,"8":60,"9":60,"10":60,"11":60,"14":60,"15":60,"16":60,"17":60,"19":60,"20":3,"21":0,"22":0,"23":0,"24":3,"25":3,"26":3,"27":3,"28":3,"30":3,"31":0,"32":0,"34":3,"35":3,"37":3,"38":3,"39":0,"40":0,"41":0,"42":3,"44":60,"45":60,"47":3,"48":3,"50":3,"51":3,"52":0,"53":0,"54":0,"56":3,"57":0,"58":0,"59":0,"61":3,"62":0,"63":0,"64":0,"66":3,"67":3,"68":3,"69":3,"70":3,"71":3,"72":3,"73":3,"74":3,"75":3,"76":3,"77":3,"79":3,"80":3,"81":3,"82":3,"83":3,"84":3,"85":3,"86":3,"87":3,"89":3,"90":3,"91":0,"92":0,"94":3,"95":3,"96":3,"97":3,"98":3,"99":3,"100":3,"102":3,"103":0,"104":0,"105":3,"106":3,"107":3,"108":3,"110":60,"111":60,"112":30,"113":30,"114":30,"115":30,"116":30,"117":0,"118":0,"119":30,"121":60,"122":60,"123":3,"124":3,"125":3,"126":3,"127":3,"128":0,"129":0,"130":3,"132":60,"133":60,"134":3,"135":3,"136":3,"137":3,"138":3,"139":0,"140":0,"141":3,"143":60,"144":60,"145":0,"146":0,"148":60,"149":60,"152":60,"153":60,"154":60,"155":60,"156":60,"157":60,"158":60,"159":60,"160":60,"161":60,"162":60,"168":60,"169":60,"170":60,"173":60,"174":60,"175":60,"176":60,"177":60,"178":60,"179":60,"180":60,"181":60,"182":60,"183":60,"184":60,"187":60,"190":60,"191":60,"192":60,"193":60,"194":60,"195":60,"196":60,"197":60,"198":60,"199":60,"200":60,"203":60,"206":60,"207":60,"208":60,"209":60,"210":60,"211":60,"212":60,"213":60,"214":60,"215":60,"216":60,"219":60,"223":60,"224":60,"225":60,"226":60,"227":60,"228":60,"229":60,"230":60,"231":60,"232":60,"233":60,"266":60,"268":60,"271":60,"274":60,"276":1},"branchMap":{"0":{"type":"branch","line":4,"loc":{"start":{"line":4,"column":23},"end":{"line":275,"column":2}},"locations":[{"start":{"line":4,"column":23},"end":{"line":275,"column":2}}]},"1":{"type":"branch","line":20,"loc":{"start":{"line":20,"column":26},"end":{"line":43,"column":4}},"locations":[{"start":{"line":20,"column":26},"end":{"line":43,"column":4}}]},"2":{"type":"branch","line":21,"loc":{"start":{"line":21,"column":17},"end":{"line":24,"column":5}},"locations":[{"start":{"line":21,"column":17},"end":{"line":24,"column":5}}]},"3":{"type":"branch","line":31,"loc":{"start":{"line":31,"column":24},"end":{"line":33,"column":7}},"locations":[{"start":{"line":31,"column":24},"end":{"line":33,"column":7}}]},"4":{"type":"branch","line":39,"loc":{"start":{"line":39,"column":6},"end":{"line":42,"column":5}},"locations":[{"start":{"line":39,"column":6},"end":{"line":42,"column":5}}]},"5":{"type":"branch","line":46,"loc":{"start":{"line":46,"column":27},"end":{"line":109,"column":4}},"locations":[{"start":{"line":46,"column":27},"end":{"line":109,"column":4}}]},"6":{"type":"branch","line":52,"loc":{"start":{"line":52,"column":30},"end":{"line":55,"column":5}},"locations":[{"start":{"line":52,"column":30},"end":{"line":5
[...]
line":126,"column":26},"end":{"line":147,"column":3}}]},"2":{"type":"branch","line":147,"loc":{"start":{"line":147,"column":2},"end":{"line":150,"column":15}},"locations":[{"start":{"line":147,"column":2},"end":{"line":150,"column":15}}]},"3":{"type":"branch","line":150,"loc":{"start":{"line":150,"column":15},"end":{"line":154,"column":13}},"locations":[{"start":{"line":150,"column":15},"end":{"line":154,"column":13}}]},"4":{"type":"branch","line":154,"loc":{"start":{"line":154,"column":13},"end":{"line":156,"column":3}},"locations":[{"start":{"line":154,"column":13},"end":{"line":156,"column":3}}]},"5":{"type":"branch","line":156,"loc":{"start":{"line":156,"column":2},"end":{"line":192,"column":2}},"locations":[{"start":{"line":156,"column":2},"end":{"line":192,"column":2}}]},"6":{"type":"branch","line":13,"loc":{"start":{"line":13,"column":26},"end":{"line":42,"column":4}},"locations":[{"start":{"line":13,"column":26},"end":{"line":42,"column":4}}]},"7":{"type":"branch","line":22,"loc":{"start":{"line":22,"column":35},"end":{"line":28,"column":7}},"locations":[{"start":{"line":22,"column":35},"end":{"line":28,"column":7}}]},"8":{"type":"branch","line":30,"loc":{"start":{"line":30,"column":24},"end":{"line":32,"column":7}},"locations":[{"start":{"line":30,"column":24},"end":{"line":32,"column":7}}]},"9":{"type":"branch","line":38,"loc":{"start":{"line":38,"column":6},"end":{"line":41,"column":5}},"locations":[{"start":{"line":38,"column":6},"end":{"line":41,"column":5}}]},"10":{"type":"branch","line":35,"loc":{"start":{"line":35,"column":46},"end":{"line":35,"column":75}},"locations":[{"start":{"line":35,"column":46},"end":{"line":35,"column":75}}]},"11":{"type":"branch","line":119,"loc":{"start":{"line":119,"column":12},"end":{"line":123,"column":5}},"locations":[{"start":{"line":119,"column":12},"end":{"line":123,"column":5}}]},"12":{"type":"branch","line":120,"loc":{"start":{"line":120,"column":8},"end":{"line":120,"column":46}},"locations":[{"start":{"line":120,"column":8},"end":{"line":120,"column":46}}]},"13":{"type":"branch","line":120,"loc":{"start":{"line":120,"column":46},"end":{"line":122,"column":5}},"locations":[{"start":{"line":120,"column":46},"end":{"line":122,"column":5}}]},"14":{"type":"branch","line":130,"loc":{"start":{"line":130,"column":24},"end":{"line":135,"column":11}},"locations":[{"start":{"line":130,"column":24},"end":{"line":135,"column":11}}]},"15":{"type":"branch","line":139,"loc":{"start":{"line":139,"column":22},"end":{"line":139,"column":92}},"locations":[{"start":{"line":139,"column":22},"end":{"line":139,"column":92}}]},"16":{"type":"branch","line":169,"loc":{"start":{"line":169,"column":42},"end":{"line":169,"column":57}},"locations":[{"start":{"line":169,"column":42},"end":{"line":169,"column":57}}]},"17":{"type":"branch","line":182,"loc":{"start":{"line":182,"column":37},"end":{"line":182,"column":57}},"locations":[{"start":{"line":182,"column":37},"end":{"line":182,"column":57}}]}},"b":{"0":[8],"1":[6],"2":[2],"3":[1],"4":[0],"5":[1],"6":[1],"7":[0],"8":[0],"9":[0],"10":[1],"11":[7],"12":[1],"13":[1],"14":[1],"15":[5],"16":[0],"17":[0]},"fnMap":{"0":{"name":"ListGames","decl":{"start":{"line":3,"column":18},"end":{"line":192,"column":2}},"loc":{"start":{"line":3,"column":18},"end":{"line":192,"column":2}},"line":3},"1":{"name":"handleListGames","decl":{"start":{"line":13,"column":26},"end":{"line":42,"column":4}},"loc":{"start":{"line":13,"column":26},"end":{"line":42,"column":4}},"line":13},"2":{"name":"handleJoinGame","decl":{"start":{"line":47,"column":25},"end":{"line":116,"column":4}},"loc":{"start":{"line":47,"column":25},"end":{"line":116,"column":4}},"line":47},"3":{"name":"onSubmit","decl":{"start":{"line":130,"column":24},"end":{"line":135,"column":11}},"loc":{"start":{"line":130,"column":24},"end":{"line":135,"column":11}},"line":130},"4":{"name":"onChange","decl":{"start":{"line":139,"column":22},"end":{"line":139,"column":92}},"loc":{"start":{"line":139,"column":22},"end":{"line":139,"column":92}},"line":139},"5":{"name":"onChange","decl":{"start":{"line":174,"column":26},"end":{"line":174,"column":66}},"loc":{"start":{"line":174,"column":26},"end":{"line":174,"column":66}},"line":174},"6":{"name":"onClick","decl":{"start":{"line":179,"column":23},"end":{"line":179,"column":119}},"loc":{"start":{"line":179,"column":23},"end":{"line":179,"column":119}},"line":179}},"f":{"0":8,"1":1,"2":0,"3":1,"4":5,"5":0,"6":0}}
,"/home/ignacio/FAMAF/2024/Ing Soft/front/src/components/movement.jsx": {"path":"/home/ignacio/FAMAF/2024/Ing Soft/front/src/components/movement.jsx","all":false,"statementMap":{"0":{"start":{"line":1,"column":0},"end":{"line":1,"column":59}},"1":{"start":{"line":2,"column":0},"end":{"line":2,"column":24}},"3":{"start":{"line":4,"column":0},"end":{"line":4,"column":74}},"4":{"start":{"line":5,"column":0},"end":{"line":5,"column":57}},"5":{"start":{"line":6,"column":0},"end":{"line":6,"column":59}},"6":{"start":{"line":7,"column":0},"end":{"line":7,"column":74}},"7":{"start":{"line":8,"column":0},"end":{"line":8,"column":95}},"8":{"start":{"line":9,"column":0},"end":{"line":9,"column":54}},"9":{"start":{"line":10,"column":0},"end":{"line":10,"column":77}},"11":{"start":{"line":12,"column":0},"end":{"line":12,"column":94}},"12":{"start":{"line":13,"column":0},"end":{"line":13,"column":39}},"13":{"start":{"line":14,"column":0},"end":{"line":14,"column":9}},"14":{"start":{"line":15,"column":0},"end":{"line":15,"column":83}},"15":{"start":{"line":16,"column":0},"end":{"line":16,"column":22}},"16":{"start":{"line":17,"column":0},"end":{"line":17,"column":18}},"17":{"start":{"line":18,"column":0},"end":{"line":18,"column":45}},"18":{"start":{"line":19,"column":0},"end":{"line":19,"column":10}},"19":{"start":{"line":20,"column":0},"end":{"line":20,"column":9}},"21":{"start":{"line":22,"column":0},"end":{"line":22,"column":25}},"22":{"start":{"line":23,"column":0},"end":{"line":23,"column":48}},"23":{"start":{"line":24,"column":0},"end":{"line":24,"column":82}},"24":{"start":{"line":25,"column":0},"end":{"line":25,"column":85}},"25":{"start":{"line":26,"column":0},"end":{"line":26,"column":7}},"27":{"start":{"line":28,"column":0},"end":{"line":28,"column":41}},"28":{"start":{"line":29,"column":0},"end":{"line":29,"column":58}},"29":{"start":{"line":30,"column":0},"end":{"line":30,"column":24}},"30":{"start":{"line":31,"column":0},"end":{"line":31,"column":31}},"31":{"start":{"line":32,"column":0},"end":{"line":32,"column":21}},"32":{"start":{"line":33,"column":0},"end":{"line":33,"column":27}},"33":{"start":{"line":34,"column":0},"end":{"line":34,"column":16}},"34":{"start":{"line":35,"column":0},"end":{"line":35,"column":5}},"35":{"start":{"line":36,"column":0},"end":{"line":36,"column":4}},"39":{"start":{"line":40,"column":0},"end":{"line":40,"column":53}},"40":{"start":{"line":41,"column":0},"end":{"line":41,"column":37}},"41":{"start":{"line":42,"column":0},"end":{"line":42,"column":47}},"42":{"start":{"line":43,"column":0},"end":{"line":43,"column":54}},"43":{"start":{"line":44,"column":0},"end":{"line":44,"column":47}},"44":{"start":{"line":45,"column":0},"end":{"line":45,"column":12}},"45":{"start":{"line":46,"column":0},"end":{"line":46,"column":61}},"46":{"start":{"line":47,"column":0},"end":{"line":47,"column":77}},"47":{"start":{"line":48,"column":0},"end":{"line":48,"column":5}},"48":{"start":{"line":49,"column":0},"end":{"line":49,"column":4}},"50":{"start":{"line":51,"column":0},"end":{"line":51,"column":39}},"51":{"start":{"line":52,"column":0},"end":{"line":52,"column":41}},"52":{"start":{"line":53,"column":0},"end":{"line":53,"column":24}},"53":{"start":{"line":54,"column":0},"end":{"line":54,"column":47}},"54":{"start":{"line":55,"column":0},"end":{"line":55,"column":13}},"55":{"start":{"line":56,"column":0},"end":{"line":56,"column":5}},"57":{"start":{"line":58,"column":0},"end":{"line":58,"column":43}},"58":{"start":{"line":59,"column":0},"end":{"line":59,"column":52}},"59":{"start":{"line":60,"column":0},"end":{"line":60,"column":71}},"60":{"start":{"line":61,"column":0},"end":{"line":61,"column":13}},"61":{"start":{"line":62,"column":0},"end":{"line":62,"column":5}},"63":{"start":{"line":64,"column":0},"end":{"line":64,"column":47}},"64":{"start":{"line":65,"column":0},"end":{"line":65,"column":50}},"65":{"start":{"line":66,"column":0},"end":{"line":66,"column":34}},"66":{"start":{"line":67,"column":0},"end":{"line":67,"column":13}},"67":{"start":{"line":68,"column":0},"end":{"line":68,"column":5}},"69":{"start":{"line":70,"column":0},"end":{"line":70,"column":47}},"70":{"start":{"line":71,"column":0},"end":{"line":71,"column":50}},"71":{"start":{"line":72,"column":0},"end":{"line":72,"column":34}},"72":{"start":{"line":73,"column":0},"end":{"line":73,"column":5}},"74":{"start":{"line":75,"column":0},"end":{"line":75,"column":65}},"75":{"start":{"line":76,"column":0},"end":{"line":76,"column":47}},"76":{"start":{"line":77,"column":0},"end":{"line":77,"column":66}},"77":{"start":{"line":78,"column":0},"end":{"line":78,"column":78}},"78":{"start":{"line":79,"column":0},"end":{"line":79,"column":5}},"79":{"start":{"line":80,"column":0},"end":{"line":80,"column":4}},"81":{"start":{"line":82,"column":0},"end":{"line":82,"column":40}},"82":{"start":{"line":83,"column":0},"end":{"line":83,"column":61}},"83":{"start":{"line":84,"column":0},"end":{"line":84,"column":9}},"84":{"start":{"line":85,"column":0},"end":{"line":85,"column":81}},"85":{"start":{"line":86,"column":0},"end":{"line":86,"column":22}},"86":{"start":{"line":87,"column":0},"end":{"line":87,"column":18}},"87":{"start":{"line":88,"column":0},"end":{"line":88,"column":45}},"88":{"start":{"line":89,"column":0},"end":{"line":89,"column":10}},"89":{"start":{"line":90,"column":0},"end":{"line":90,"column":30}},"90":{"start":{"line":91,"column":0},"end":{"line":91,"column":26}},"91":{"start":{"line":92,"column":0},"end":{"line":92,"column":28}},"92":{"start":{"line":93,"column":0},"end":{"line":93,"column":26}},"93":{"start":{"line":94,"column":0},"end":{"line":94,"column":30}},"94":{"start":{"line":95,"column":0},"end":{"line":95,"column":30}},"95":{"start":{"line":96,"column":0},"end":{"line":96,"column":11}},"96":{"start":{"line":97,"column":0},"end":{"line":97,"column":9}},"98":{"start":{"line":99,"column":0},"end":{"line":99,"column":36}},"99":{"start":{"line":100,"column":0},"end":{"line":100,"column":66}},"100":{"start":{"line":101,"column":0},"end":{"line":101,"column":45}},"101":{"start":{"line":102,"column":0},"end":{"line":102,"column":62}},"102":{"start":{"line":103,"column":0},"end":{"line":103,"column":7}},"104":{"start":{"line":105,"column":0},"end":{"line":105,"column":25}},"105":{"start":{"line":106,"column":0},"end":{"line":106,"column":59}},"106":{"start":{"line":107,"column":0},"end":{"line":107,"column":7}},"108":{"start":{"line":109,"column":0},"end":{"line":109,"column":41}},"109":{"start":{"line":110,"column":0},"end":{"line":110,"column":59}},"110":{"start":{"line":111,"column":0},"end":{"line":111,"column":28}},"111":{"start":{"line":112,"column":0},"end":{"line":112,"column":28}},"112":{"start":{"line":113,"column":0},"end":{"line":113,"column":21}},"113":{"start":{"line":114,"column":0},"end":{"line":114,"column":63}},"114":{"start":{"line":115,"column":0},"end":{"line":115,"column":5}},"115":{"start":{"line":116,"column":0},"end":{"line":116,"column":4}},"117":{"start":{"line":118,"column":0},"end":{"line":118,"column":10}},"118":{"start":{"line":119,"column":0},"end":{"line":119,"column":20}},"119":{"start":{"line":120,"column":0},"end":{"line":120,"column":21}},"120":{"start":{"line":121,"column":0},"end":{"line":121,"column":11}},"121":{"start":{"line":122,"column":0},"end":{"line":122,"column":20}},"122":{"start":{"line":123,"column":0},"end":{"line":123,"column":4}},"123":{"start":{"line":124,"column":0},"end":{"line":124,"column":2}},"125":{"start":{"line":126,"column":0},"end":{"line":126,"column":24}}},"s":{"0":1,"1":1,"3":1,"4":18,"5":18,"6":18,"7":18,"8":18,"9":18,"11":18,"12":18,"13":1,"14":1,"15":1,"16":1,"17":1,"18":1,"19":1,"21":1,"22":0,"23":0,"24":0,"25":0,"27":1,"28":1,"29":1,"30":1,"31":1,"32":0,"33":0,"34":0,"35":1,"39":18,"40":18,"41":0,"42":0,"43":0,"44":0,"45":0,"46":0,"47":0,"48":0,"50":18,"51":18,"52":0,"53":0,"54":0,"55":0,"57":0,"58":0,"59":0,"60":0,"61":0,"63":0,"64":0,"65":0,"66":0,"67":0,"69":0,"70":0,"71":0,"72":0,"74":0,"75":0,"76":0,"77":0,"78":0,"79":0,"81":18,"82":18,"83":0,"84":0,"85":0,"86":0,"87":0,"88":0,"89":0,"90":0,"91":0,"92":0,"93":0,"94":0,"95":0,"96":0,"98":0,"99":0,"100":0,"101":0,"102":0,"104":0,"105":0,"106":0,"108":0,"109":0,"110":0,"111":0,"112":0,"113":0,"114":0,"115":0,"117":18,"118":18,"119":18,"120":18,"121":18,"122":18,"123":18,"125":1},"branchMap":{"0":{"type":"branch","line":4,"loc":{"start":{"line":4,"column":17},"end":{"line":124,"column":2}},"locations":[{"start":{"line":4,"column":17},"end":{"line":124,"column":2}}]},"1":{"type":"branch","line":13,"loc":{"start":{"line":13,"column":26},"end":{"line":36,"column":4}},"locations":[{"start":{"line":13,"column":26},"end":{"line":36,"column":4}}]},"2":{"type":"branch","line":22,"loc":{"start":{"line":22,"column":24},"end":{"line":26,"column":7}},"locations":[{"start":{"line":22,"column":24},"end":{"line":26,"column":7}}]},"3":{"type":"branch","line":32,"loc":{"start":{"line":32,"column":6},"end":{"line":35,"column":5}},"locations":[{"start":{"line":32,"column":6},"end":{"line":35,"column":5}}]}},"b":{"0":[18],"1":[1],"2":[0],"3":[0]},"fnMap":{"0":{"name":"Movement","decl":{"start":{"line":4,"column":17},"end":{"line":124,"column":2}},"loc":{"start":{"line":4,"column":17},"end":{"line":124,"column":2}},"line":4},"1":{"name":"fetchGameTokens","decl":{"start":{"line":13,"column":26},"end":{"line":36,"column":4}},"loc":{"start":{"line":13,"column":26},"end":{"line":36,"column":4}},"line":13},"2":{"name":"handleCardClick","decl":{"start":{"line":41,"column":26},"end":{"line":49,"column":4}},"loc":{"start":{"line":41,"column":26},"end":{"line":49,"column":4}},"line":41},"3":{"name":"handleTokenClick","decl":{"start":{"line":52,"column":27},"end":{"line":80,"column":4}},"loc":{"start":{"line":52,"column":27},"end":{"line":80,"column":4}},"line":52},"4":{"name":"executeMove","decl":{"start":{"line":83,"column":22},"end":{"line":116,"column":4}},"loc":{"start":{"line":83,"column":22},"end":{"line":116,"column":4}},"line":83}},"f":{"0":18,"1":1,"2":0,"3":0,"4":0}}
,"/home/ignacio/FAMAF/2024/Ing Soft/front/src/components/successpage.jsx": {"path":"/home/ignacio/FAMAF/2024/Ing Soft/front/src/components/successpage.jsx","all":true,"statementMap":{"0":{"start":{"line":1,"column":0},"end":{"line":1,"column":41}},"1":{"start":{"line":2,"column":0},"end":{"line":2,"column":26}},"2":{"start":{"line":3,"column":0},"end":{"line":3,"column":58}},"3":{"start":{"line":4,"column":0},"end":{"line":4,"column":19}},"4":{"start":{"line":5,"column":0},"end":{"line":5,"column":56}},"5":{"start":{"line":6,"column":0},"end":{"line":6,"column":36}},"6":{"start":{"line":7,"column":0},"end":{"line":7,"column":34}},"7":{"start":{"line":8,"column":0},"end":{"line":8,"column":13}},"8":{"start":{"line":9,"column":0},"end":{"line":9,"column":0}},"9":{"start":{"line":10,"column":0},"end":{"line":10,"column":77}},"10":{"start":{"line":11,"column":0},"end":{"line":11,"column":20}},"11":{"start":{"line":12,"column":0},"end":{"line":12,"column":0}},"12":{"start":{"line":13,"column":0},"end":{"line":13,"column":10}},"13":{"start":{"line":14,"column":0},"end":{"line":14,"column":39}},"14":{"start":{"line":15,"column":0},"end":{"line":15,"column":41}},"15":{"start":{"line":16,"column":0},"end":{"line":16,"column":41}},"16":{"start":{"line":17,"column":0},"end":{"line":17,"column":53}},"17":{"start":{"line":18,"column":0},"end":{"line":18,"column":10}},"18":{"start":{"line":19,"column":0},"end":{"line":19,"column":8}},"19":{"start":{"line":20,"column":0},"end":{"line":20,"column":4}},"20":{"start":{"line":21,"column":0},"end":{"line":21,"column":2}},"21":{"start":{"line":22,"column":0},"end":{"line":22,"column":0}},"22":{"start":{"line":23,"column":0},"end":{"line":23,"column":27}}},"s":{"0":0,"1":0,"2":0,"3":0,"4":0,"5":0,"6":0,"7":0,"8":0,"9":0,"10":0,"11":0,"12":0,"13":0,"14":0,"15":0,"16":0,"17":0,"18":0,"19":0,"20":0,"21":0,"22":0},"branchMap":{"0":{"type":"branch","line":1,"loc":{"start":{"line":1,"column":0},"end":{"line":23,"column":27}},"locations":[{"start":{"line":1,"column":0},"end":{"line":23,"column":27}}]}},"b":{"0":[0]},"fnMap":{"0":{"name":"(empty-report)","decl":{"start":{"line":1,"column":0},"end":{"line":23,"column":27}},"loc":{"start":{"line":1,"column":0},"end":{"line":23,"column":27}},"line":1}},"f":{"0":0}}
,"/home/ignacio/FAMAF/2024/Ing Soft/front/src/hooks/useWebSockets.jsx": {"path":"/home/ignacio/FAMAF/2024/Ing Soft/front/src/hooks/useWebSockets.jsx","all":true,"statementMap":{"0":{"start":{"line":1,"column":0},"end":{"line":1,"column":42}},"1":{"start":{"line":2,"column":0},"end":{"line":2,"column":0}},"2":{"start":{"line":3,"column":0},"end":{"line":3,"column":42}},"3":{"start":{"line":4,"column":0},"end":{"line":4,"column":30}},"4":{"start":{"line":5,"column":0},"end":{"line":5,"column":0}},"5":{"start":{"line":6,"column":0},"end":{"line":6,"column":19}},"6":{"start":{"line":7,"column":0},"end":{"line":7,"column":41}},"7":{"start":{"line":8,"column":0},"end":{"line":8,"column":40}},"8":{"start":{"line":9,"column":0},"end":{"line":9,"column":0}},"9":{"start":{"line":10,"column":0},"end":{"line":10,"column":37}},"10":{"start":{"line":11,"column":0},"end":{"line":11,"column":43}},"11":{"start":{"line":12,"column":0},"end":{"line":12,"column":30}},"12":{"start":{"line":13,"column":0},"end":{"line":13,"column":55}},"13":{"start":{"line":14,"column":0},"end":{"line":14,"column":6}},"14":{"start":{"line":15,"column":0},"end":{"line":15,"column":0}},"15":{"start":{"line":16,"column":0},"end":{"line":16,"column":52}},"16":{"start":{"line":17,"column":0},"end":{"line":17,"column":18}},"17":{"start":{"line":18,"column":0},"end":{"line":18,"column":27}},"18":{"start":{"line":19,"column":0},"end":{"line":19,"column":31}},"19":{"start":{"line":20,"column":0},"end":{"line":20,"column":7}},"20":{"start":{"line":21,"column":0},"end":{"line":21,"column":6}},"21":{"start":{"line":22,"column":0},"end":{"line":22,"column":79}},"22":{"start":{"line":23,"column":0},"end":{"line":23,"column":0}},"23":{"start":{"line":24,"column":0},"end":{"line":24,"column":48}},"24":{"start":{"line":25,"column":0},"end":{"line":25,"column":36}},"25":{"start":{"line":26,"column":0},"end":{"line":26,"column":73}},"26":{"start":{"line":27,"column":0},"end":{"line":27,"column":35}},"27":{"start":{"line":28,"column":0},"end":{"line":28,"column":12}},"28":{"start":{"line":29,"column":0},"end":{"line":29,"column":52}},"29":{"start":{"line":30,"column":0},"end":{"line":30,"column":5}},"30":{"start":{"line":31,"column":0},"end":{"line":31,"column":4}},"31":{"start":{"line":32,"column":0},"end":{"line":32,"column":0}},"32":{"start":{"line":33,"column":0},"end":{"line":33,"column":25}},"33":{"start":{"line":34,"column":0},"end":{"line":34,"column":2}},"34":{"start":{"line":35,"column":0},"end":{"line":35,"column":0}},"35":{"start":{"line":36,"column":0},"end":{"line":36,"column":28}}},"s":{"0":0,"1":0,"2":0,"3":0,"4":0,"5":0,"6":0,"7":0,"8":0,"9":0,"10":0,"11":0,"12":0,"13":0,"14":0,"15":0,"16":0,"17":0,"18":0,"19":0,"20":0,"21":0,"22":0,"23":0,"24":0,"25":0,"26":0,"27":0,"28":0,"29":0,"30":0,"31":0,"32":0,"33":0,"34":0,"35":0},"branchMap":{"0":{"type":"branch","line":1,"loc":{"start":{"line":1,"column":0},"end":{"line":36,"column":28}},"locations":[{"start":{"line":1,"column":0},"end":{"line":36,"column":28}}]}},"b":{"0":[0]},"fnMap":{"0":{"name":"(empty-report)","decl":{"start":{"line":1,"column":0},"end":{"line":36,"column":28}},"loc":{"start":{"line":1,"column":0},"end":{"line":36,"column":28}},"line":1}},"f":{"0":0}}
}
